2023-04-22 00:01:46.200 [info] Log level: Info
2023-04-22 00:01:46.200 [info] Validating found git in: "git"
2023-04-22 00:01:46.200 [info] Using git "2.34.1" from "git"
2023-04-22 00:01:46.200 [info] > git rev-parse --show-toplevel [3ms]
2023-04-22 00:01:46.201 [info] > git rev-parse --git-dir --git-common-dir [2ms]
2023-04-22 00:01:46.207 [info] Open repository: /home/codedenma/personal/adv360-config
2023-04-22 00:01:46.226 [info] > git rev-parse --show-toplevel [15ms]
2023-04-22 00:01:46.239 [info] > git rev-parse --show-toplevel [10ms]
2023-04-22 00:01:46.242 [info] > git config --get commit.template [15ms]
2023-04-22 00:01:46.243 [info] > git rev-parse --show-toplevel [2ms]
2023-04-22 00:01:46.249 [info] > git rev-parse --show-toplevel [4ms]
2023-04-22 00:01:46.252 [info] > git for-each-ref --format=%(refname)%00%(upstream:short)%00%(objectname)%00%(upstream:track)%00%(upstream:remotename)%00%(upstream:remoteref) refs/heads/V2.0 refs/remotes/V2.0 [4ms]
2023-04-22 00:01:46.257 [info] > git rev-parse --show-toplevel [5ms]
2023-04-22 00:01:46.260 [info] > git status -z -uall [4ms]
2023-04-22 00:01:46.267 [info] > git rev-parse --show-toplevel [7ms]
2023-04-22 00:01:46.271 [info] > git config --get commit.template [4ms]
2023-04-22 00:01:46.271 [info] > git rev-parse --show-toplevel [1ms]
2023-04-22 00:01:46.277 [info] > git rev-parse --show-toplevel [3ms]
2023-04-22 00:01:46.279 [info] > git for-each-ref --format=%(refname)%00%(upstream:short)%00%(objectname)%00%(upstream:track)%00%(upstream:remotename)%00%(upstream:remoteref) refs/heads/V2.0 refs/remotes/V2.0 [3ms]
2023-04-22 00:01:46.282 [info] > git rev-parse --show-toplevel [3ms]
2023-04-22 00:01:46.285 [info] > git status -z -uall [3ms]
2023-04-22 00:01:46.287 [info] > git rev-parse --show-toplevel [2ms]
2023-04-22 00:01:46.595 [info] > git show --textconv :config/adv360.keymap [6ms]
2023-04-22 00:01:46.596 [info] > git ls-files --stage -- /home/codedenma/personal/adv360-config/config/adv360.keymap [2ms]
2023-04-22 00:01:46.601 [info] > git cat-file -s 9e31a58ad94b33caddacb76bacd12c45ba45f593 [1ms]
2023-04-22 00:01:46.742 [info] > git check-ignore -v -z --stdin [4ms]
2023-04-22 00:01:49.577 [info] > git show --textconv HEAD:config/adv360.keymap [5ms]
2023-04-22 00:01:49.577 [info] > git ls-tree -l HEAD -- /home/codedenma/personal/adv360-config/config/adv360.keymap [2ms]
2023-04-22 00:02:17.058 [info] > git config --get commit.template [5ms]
2023-04-22 00:02:17.058 [info] > git for-each-ref --format=%(refname)%00%(upstream:short)%00%(objectname)%00%(upstream:track)%00%(upstream:remotename)%00%(upstream:remoteref) refs/heads/V2.0 refs/remotes/V2.0 [1ms]
2023-04-22 00:02:17.066 [info] > git status -z -uall [3ms]
2023-04-22 00:02:17.199 [info] > git ls-files --stage -- /home/codedenma/personal/adv360-config/config/adv360.keymap [33ms]
2023-04-22 00:02:17.206 [info] > git cat-file -s 9e31a58ad94b33caddacb76bacd12c45ba45f593 [3ms]
2023-04-22 00:02:17.206 [info] > git ls-tree -l HEAD -- /home/codedenma/personal/adv360-config/config/adv360.keymap [1ms]
2023-04-22 00:02:17.212 [info] > git show --textconv :config/adv360.keymap [3ms]
2023-04-22 00:02:17.213 [info] > git show --textconv HEAD:config/adv360.keymap [1ms]
2023-04-22 00:02:22.083 [info] > git config --get commit.template [3ms]
2023-04-22 00:02:22.083 [info] > git for-each-ref --format=%(refname)%00%(upstream:short)%00%(objectname)%00%(upstream:track)%00%(upstream:remotename)%00%(upstream:remoteref) refs/heads/V2.0 refs/remotes/V2.0 [1ms]
2023-04-22 00:02:22.104 [info] > git status -z -uall [2ms]
2023-04-22 00:03:11.880 [info] > git add -A -- . [4ms]
2023-04-22 00:03:11.884 [info] > git ls-tree -l HEAD -- /home/codedenma/personal/adv360-config/config/adv360.keymap [5ms]
2023-04-22 00:03:11.885 [info] > git -c user.useConfigOnly=true commit --quiet --allow-empty-message --file - [2ms]
2023-04-22 00:03:11.885 [info] Author identity unknown

*** Please tell me who you are.

Run

  git config --global user.email "you@example.com"
  git config --global user.name "Your Name"

to set your account's default identity.
Omit --global to set the identity only in this repository.

fatal: no name was given and auto-detection is disabled
2023-04-22 00:03:11.889 [info] > git config --get-all user.name [1ms]
2023-04-22 00:03:11.896 [info] > git config --get commit.template [4ms]
2023-04-22 00:03:11.897 [info] > git for-each-ref --format=%(refname)%00%(upstream:short)%00%(objectname)%00%(upstream:track)%00%(upstream:remotename)%00%(upstream:remoteref) refs/heads/V2.0 refs/remotes/V2.0 [0ms]
2023-04-22 00:03:11.901 [info] > git status -z -uall [2ms]
2023-04-22 00:03:16.873 [info] > git config --get commit.template [3ms]
2023-04-22 00:03:16.881 [info] > git ls-files --stage -- /home/codedenma/personal/adv360-config/config/adv360.keymap [4ms]
2023-04-22 00:03:16.884 [info] > git ls-files --stage -- /home/codedenma/personal/adv360-config/config/adv360.keymap [11ms]
2023-04-22 00:03:16.890 [info] > git cat-file -s c327bf909159b9fb50ac5d5f11e1adf265a5d7e6 [6ms]
2023-04-22 00:03:16.891 [info] > git ls-files --stage -- /home/codedenma/personal/adv360-config/config/adv360.keymap [10ms]
2023-04-22 00:03:16.895 [info] > git for-each-ref --format=%(refname)%00%(upstream:short)%00%(objectname)%00%(upstream:track)%00%(upstream:remotename)%00%(upstream:remoteref) refs/heads/V2.0 refs/remotes/V2.0 [4ms]
2023-04-22 00:03:16.898 [info] > git cat-file -s c327bf909159b9fb50ac5d5f11e1adf265a5d7e6 [11ms]
2023-04-22 00:03:16.903 [info] > git status -z -uall [4ms]
2023-04-22 00:03:16.904 [info] > git cat-file -s c327bf909159b9fb50ac5d5f11e1adf265a5d7e6 [10ms]
2023-04-22 00:03:16.908 [info] > git show --textconv :config/adv360.keymap [6ms]
2023-04-22 00:03:16.912 [info] > git show --textconv :config/adv360.keymap [5ms]
2023-04-22 00:03:16.913 [info] > git show --textconv :config/adv360.keymap [1ms]
2023-04-22 00:03:42.243 [info] > git ls-files --stage -- /home/codedenma/personal/adv360-config/config/adv360.keymap [2ms]
2023-04-22 00:03:42.245 [info] > git config --get commit.template [7ms]
2023-04-22 00:03:42.252 [info] > git ls-files --stage -- /home/codedenma/personal/adv360-config/config/adv360.keymap [4ms]
2023-04-22 00:03:42.255 [info] > git cat-file -s c327bf909159b9fb50ac5d5f11e1adf265a5d7e6 [10ms]
2023-04-22 00:03:42.258 [info] > git cat-file -s c327bf909159b9fb50ac5d5f11e1adf265a5d7e6 [3ms]
2023-04-22 00:03:42.258 [info] > git ls-files --stage -- /home/codedenma/personal/adv360-config/config/adv360.keymap [6ms]
2023-04-22 00:03:42.261 [info] > git for-each-ref --format=%(refname)%00%(upstream:short)%00%(objectname)%00%(upstream:track)%00%(upstream:remotename)%00%(upstream:remoteref) refs/heads/V2.0 refs/remotes/V2.0 [4ms]
2023-04-22 00:03:42.270 [info] > git status -z -uall [7ms]
2023-04-22 00:03:42.270 [info] > git show --textconv :config/adv360.keymap [3ms]
2023-04-22 00:03:42.272 [info] > git cat-file -s c327bf909159b9fb50ac5d5f11e1adf265a5d7e6 [12ms]
2023-04-22 00:03:42.272 [info] > git show --textconv :config/adv360.keymap [2ms]
2023-04-22 00:03:42.308 [info] > git show --textconv HEAD:config/adv360.keymap [2ms]
2023-04-22 00:03:44.531 [info] > git ls-files --stage -- /home/codedenma/personal/adv360-config/config/adv360.keymap [3ms]
2023-04-22 00:03:44.534 [info] > git ls-tree -l HEAD -- /home/codedenma/personal/adv360-config/config/adv360.keymap [9ms]
2023-04-22 00:03:44.535 [info] > git cat-file -s c327bf909159b9fb50ac5d5f11e1adf265a5d7e6 [1ms]
2023-04-22 00:03:44.535 [info] > git ls-tree -l HEAD -- /home/codedenma/personal/adv360-config/config/adv360.keymap [4ms]
2023-04-22 00:03:44.544 [info] > git show --textconv HEAD:config/adv360.keymap [6ms]
2023-04-22 00:03:44.544 [info] > git show --textconv :config/adv360.keymap [3ms]
2023-04-22 00:03:44.545 [info] > git show --textconv HEAD:config/adv360.keymap [1ms]
2023-04-22 00:03:49.343 [info] > git log --oneline --cherry V2.0...V2.0@{upstream} -- [4ms]
2023-04-22 00:03:49.346 [info] > git ls-tree -l HEAD -- /home/codedenma/personal/adv360-config/config/adv360.keymap [3ms]
2023-04-22 00:03:49.779 [info] > git pull --tags origin V2.0 [433ms]
2023-04-22 00:03:49.779 [info] From https://github.com/CodeDenma/adv360-config
 * branch            V2.0       -> FETCH_HEAD
2023-04-22 00:03:50.590 [info] > git ls-tree -l HEAD -- /home/codedenma/personal/adv360-config/config/adv360.keymap [1ms]
2023-04-22 00:03:51.010 [info] > git ls-files --stage -- /home/codedenma/personal/adv360-config/config/adv360.keymap [3ms]
2023-04-22 00:03:51.013 [info] > git ls-tree -l HEAD -- /home/codedenma/personal/adv360-config/config/adv360.keymap [3ms]
2023-04-22 00:03:51.013 [info] > git cat-file -s c327bf909159b9fb50ac5d5f11e1adf265a5d7e6 [1ms]
2023-04-22 00:03:51.020 [info] > git show --textconv HEAD:config/adv360.keymap [3ms]
2023-04-22 00:03:51.021 [info] > git show --textconv :config/adv360.keymap [1ms]
2023-04-22 00:03:51.415 [info] > git push origin V2.0:V2.0 [1624ms]
2023-04-22 00:03:51.415 [info] Everything up-to-date
2023-04-22 00:03:51.422 [info] > git config --get commit.template [2ms]
2023-04-22 00:03:51.422 [info] > git for-each-ref --format=%(refname)%00%(upstream:short)%00%(objectname)%00%(upstream:track)%00%(upstream:remotename)%00%(upstream:remoteref) refs/heads/V2.0 refs/remotes/V2.0 [1ms]
2023-04-22 00:03:51.426 [info] > git status -z -uall [2ms]
2023-04-22 00:03:51.433 [info] > git config --get commit.template [0ms]
2023-04-22 00:03:51.437 [info] > git for-each-ref --format=%(refname)%00%(upstream:short)%00%(objectname)%00%(upstream:track)%00%(upstream:remotename)%00%(upstream:remoteref) refs/heads/V2.0 refs/remotes/V2.0 [1ms]
2023-04-22 00:03:51.441 [info] > git status -z -uall [1ms]
2023-04-22 00:04:00.132 [info] > git ls-tree -l HEAD -- /home/codedenma/personal/adv360-config/config/adv360.keymap [1ms]
