2023-06-18 22:40:40.760 [info] Using settings sync service https://vscode-sync.trafficmanager.net/
2023-06-18 22:40:40.760 [info] Auto Sync is enabled.
2023-06-18 22:40:40.760 [info] Auto Sync: Suspended until auth token is available.
2023-06-18 22:40:40.882 [info] Deleting non existing profile from backup /home/codedenma/.config/Code/User/sync/extensions
2023-06-18 22:40:40.884 [info] Deleting non existing profile from backup /home/codedenma/.config/Code/User/sync/globalState
2023-06-18 22:40:40.885 [info] Deleting non existing profile from backup /home/codedenma/.config/Code/User/sync/keybindings
2023-06-18 22:40:40.886 [info] Deleting non existing profile from backup /home/codedenma/.config/Code/User/sync/profiles
2023-06-18 22:40:40.887 [info] Deleting non existing profile from backup /home/codedenma/.config/Code/User/sync/settings
2023-06-18 22:40:40.888 [info] Deleting non existing profile from backup /home/codedenma/.config/Code/User/sync/snippets
2023-06-18 22:40:40.889 [info] Deleting non existing profile from backup /home/codedenma/.config/Code/User/sync/tasks
2023-06-18 22:40:41.416 [info] Auto Sync: Triggered by Interval
2023-06-18 22:40:41.416 [info] Sync started.
2023-06-18 22:40:41.729 [info] Settings: Last sync resource does not exist locally.
2023-06-18 22:40:41.851 [info] Settings: No changes found during synchronizing settings.
2023-06-18 22:40:41.854 [info] Keybindings: Last sync resource does not exist locally.
2023-06-18 22:40:41.941 [info] Keybindings: No changes found during synchronizing keybindings.
2023-06-18 22:40:41.943 [info] Snippets: Last sync resource does not exist locally.
2023-06-18 22:40:42.009 [info] Snippets: No changes found during synchronizing snippets.
2023-06-18 22:40:42.011 [info] Tasks: Last sync resource does not exist locally.
2023-06-18 22:40:42.078 [info] Tasks: No changes found during synchronizing tasks.
2023-06-18 22:40:42.081 [info] GlobalState: Last sync resource does not exist locally.
2023-06-18 22:40:42.496 [info] GlobalState: Updated remote ui state. Updated: colorThemeData,nps/lastSessionDate,nps/sessionCount,cpp.1.lastSessionDate,cpp.1.sessionCount,java.2.lastSessionDate,java.2.sessionCount,javascript.1.lastSessionDate,javascript.1.sessionCount,typescript.1.lastSessionDate,typescript.1.sessionCount,csharp.1.lastSessionDate,csharp.1.sessionCount.
2023-06-18 22:40:42.515 [info] GlobalState: Updated last synchronized ui state
2023-06-18 22:40:42.524 [info] Extensions: Last sync resource does not exist locally.
2023-06-18 22:40:42.704 [info] Extensions: No changes found during synchronizing extensions.
2023-06-18 22:40:42.706 [info] Profiles: Last sync resource does not exist locally.
2023-06-18 22:40:42.800 [info] Profiles: No changes found during synchronizing profiles.
2023-06-18 22:40:42.806 [info] Sync done. Took 1390ms
2023-06-18 22:40:49.312 [info] Auto Sync: Triggered by Activity
2023-06-18 22:40:49.312 [info] Sync started.
2023-06-18 22:40:49.402 [info] Settings: No changes found during synchronizing settings.
2023-06-18 22:40:49.412 [info] Keybindings: No changes found during synchronizing keybindings.
2023-06-18 22:40:49.417 [info] Snippets: No changes found during synchronizing snippets.
2023-06-18 22:40:49.421 [info] Tasks: No changes found during synchronizing tasks.
2023-06-18 22:40:50.090 [info] GlobalState: Updated remote ui state. Added: themeUpdatedNotificationShown.
2023-06-18 22:40:50.100 [info] GlobalState: Updated last synchronized ui state
2023-06-18 22:40:50.140 [info] Extensions: No changes found during synchronizing extensions.
2023-06-18 22:40:50.142 [info] Profiles: No changes found during synchronizing profiles.
2023-06-18 22:40:50.144 [info] Sync done. Took 833ms
2023-06-18 22:41:52.963 [info] Auto Sync: Triggered by Activity
2023-06-18 22:41:52.963 [info] Sync started.
2023-06-18 22:41:53.051 [info] Settings: No changes found during synchronizing settings.
2023-06-18 22:41:53.067 [info] Keybindings: No changes found during synchronizing keybindings.
2023-06-18 22:41:53.081 [info] Snippets: No changes found during synchronizing snippets.
2023-06-18 22:41:53.093 [info] Tasks: No changes found during synchronizing tasks.
2023-06-18 22:41:53.105 [info] GlobalState: No changes found during synchronizing ui state.
2023-06-18 22:41:53.190 [info] Extensions: No changes found during synchronizing extensions.
2023-06-18 22:41:53.192 [info] Profiles: No changes found during synchronizing profiles.
2023-06-18 22:41:53.194 [info] Sync done. Took 233ms
2023-06-18 22:42:59.458 [info] Auto Sync: Triggered by Activity
2023-06-18 22:42:59.459 [info] Sync started.
2023-06-18 22:42:59.530 [info] Settings: No changes found during synchronizing settings.
2023-06-18 22:42:59.533 [info] Keybindings: No changes found during synchronizing keybindings.
2023-06-18 22:42:59.536 [info] Snippets: No changes found during synchronizing snippets.
2023-06-18 22:42:59.539 [info] Tasks: No changes found during synchronizing tasks.
2023-06-18 22:42:59.542 [info] GlobalState: No changes found during synchronizing ui state.
2023-06-18 22:42:59.586 [info] Extensions: No changes found during synchronizing extensions.
2023-06-18 22:42:59.588 [info] Profiles: No changes found during synchronizing profiles.
2023-06-18 22:42:59.590 [info] Sync done. Took 133ms
2023-06-18 22:44:31.759 [info] Auto Sync: Triggered by Activity
2023-06-18 22:44:31.760 [info] Sync started.
2023-06-18 22:44:31.834 [info] Settings: No changes found during synchronizing settings.
2023-06-18 22:44:31.837 [info] Keybindings: No changes found during synchronizing keybindings.
2023-06-18 22:44:31.841 [info] Snippets: No changes found during synchronizing snippets.
2023-06-18 22:44:31.843 [info] Tasks: No changes found during synchronizing tasks.
2023-06-18 22:44:31.848 [info] GlobalState: No changes found during synchronizing ui state.
2023-06-18 22:44:31.909 [info] Extensions: No changes found during synchronizing extensions.
2023-06-18 22:44:31.911 [info] Profiles: No changes found during synchronizing profiles.
2023-06-18 22:44:31.913 [info] Sync done. Took 155ms
2023-06-18 22:45:03.428 [info] Auto Sync: Triggered by Activity
2023-06-18 22:45:03.428 [info] Sync started.
2023-06-18 22:45:03.491 [info] Settings: No changes found during synchronizing settings.
2023-06-18 22:45:03.494 [info] Keybindings: No changes found during synchronizing keybindings.
2023-06-18 22:45:03.497 [info] Snippets: No changes found during synchronizing snippets.
2023-06-18 22:45:03.499 [info] Tasks: No changes found during synchronizing tasks.
2023-06-18 22:45:03.502 [info] GlobalState: No changes found during synchronizing ui state.
2023-06-18 22:45:03.551 [info] Extensions: No changes found during synchronizing extensions.
2023-06-18 22:45:03.554 [info] Profiles: No changes found during synchronizing profiles.
2023-06-18 22:45:03.556 [info] Sync done. Took 127ms
2023-06-18 22:46:00.204 [info] Auto Sync: Triggered by Activity
2023-06-18 22:46:00.204 [info] Sync started.
2023-06-18 22:46:00.289 [info] Settings: No changes found during synchronizing settings.
2023-06-18 22:46:00.305 [info] Keybindings: No changes found during synchronizing keybindings.
2023-06-18 22:46:00.317 [info] Snippets: No changes found during synchronizing snippets.
2023-06-18 22:46:00.323 [info] Tasks: No changes found during synchronizing tasks.
2023-06-18 22:46:00.330 [info] GlobalState: No changes found during synchronizing ui state.
2023-06-18 22:46:00.387 [info] Extensions: No changes found during synchronizing extensions.
2023-06-18 22:46:00.388 [info] Profiles: No changes found during synchronizing profiles.
2023-06-18 22:46:00.390 [info] Sync done. Took 187ms
2023-06-18 22:47:51.752 [info] Auto Sync: Triggered by Activity
2023-06-18 22:47:51.752 [info] Sync started.
2023-06-18 22:47:51.821 [info] Settings: No changes found during synchronizing settings.
2023-06-18 22:47:51.830 [info] Keybindings: No changes found during synchronizing keybindings.
2023-06-18 22:47:51.840 [info] Snippets: No changes found during synchronizing snippets.
2023-06-18 22:47:51.843 [info] Tasks: No changes found during synchronizing tasks.
2023-06-18 22:47:51.847 [info] GlobalState: No changes found during synchronizing ui state.
2023-06-18 22:47:51.892 [info] Extensions: No changes found during synchronizing extensions.
2023-06-18 22:47:51.894 [info] Profiles: No changes found during synchronizing profiles.
2023-06-18 22:47:51.896 [info] Sync done. Took 145ms
2023-06-18 22:48:06.787 [info] Auto Sync: Triggered by Activity
2023-06-18 22:48:06.787 [info] Sync started.
2023-06-18 22:48:06.876 [info] Settings: No changes found during synchronizing settings.
2023-06-18 22:48:06.889 [info] Keybindings: No changes found during synchronizing keybindings.
2023-06-18 22:48:06.902 [info] Snippets: No changes found during synchronizing snippets.
2023-06-18 22:48:06.912 [info] Tasks: No changes found during synchronizing tasks.
2023-06-18 22:48:06.932 [info] GlobalState: No changes found during synchronizing ui state.
2023-06-18 22:48:07.003 [info] Extensions: No changes found during synchronizing extensions.
2023-06-18 22:48:07.004 [info] Profiles: No changes found during synchronizing profiles.
2023-06-18 22:48:07.006 [info] Sync done. Took 221ms
2023-06-18 22:53:07.008 [info] Auto Sync: Triggered by Interval
2023-06-18 22:53:07.009 [info] Sync started.
2023-06-18 22:53:07.233 [info] Settings: No changes found during synchronizing settings.
2023-06-18 22:53:07.237 [info] Keybindings: No changes found during synchronizing keybindings.
2023-06-18 22:53:07.240 [info] Snippets: No changes found during synchronizing snippets.
2023-06-18 22:53:07.243 [info] Tasks: No changes found during synchronizing tasks.
2023-06-18 22:53:07.246 [info] GlobalState: No changes found during synchronizing ui state.
2023-06-18 22:53:07.296 [info] Extensions: No changes found during synchronizing extensions.
2023-06-18 22:53:07.299 [info] Profiles: No changes found during synchronizing profiles.
2023-06-18 22:53:07.302 [info] Sync done. Took 295ms
2023-06-18 22:58:07.304 [info] Auto Sync: Triggered by Interval
2023-06-18 22:58:07.305 [info] Sync started.
2023-06-18 22:58:07.524 [info] Settings: No changes found during synchronizing settings.
2023-06-18 22:58:07.537 [info] Keybindings: No changes found during synchronizing keybindings.
2023-06-18 22:58:07.550 [info] Snippets: No changes found during synchronizing snippets.
2023-06-18 22:58:07.561 [info] Tasks: No changes found during synchronizing tasks.
2023-06-18 22:58:07.577 [info] GlobalState: No changes found during synchronizing ui state.
2023-06-18 22:58:07.641 [info] Extensions: No changes found during synchronizing extensions.
2023-06-18 22:58:07.643 [info] Profiles: No changes found during synchronizing profiles.
2023-06-18 22:58:07.644 [info] Sync done. Took 341ms
2023-06-18 23:03:07.646 [info] Auto Sync: Triggered by Interval
2023-06-18 23:03:07.647 [info] Sync started.
2023-06-18 23:03:07.871 [info] Settings: No changes found during synchronizing settings.
2023-06-18 23:03:07.883 [info] Keybindings: No changes found during synchronizing keybindings.
2023-06-18 23:03:07.896 [info] Snippets: No changes found during synchronizing snippets.
2023-06-18 23:03:07.906 [info] Tasks: No changes found during synchronizing tasks.
2023-06-18 23:03:07.920 [info] GlobalState: No changes found during synchronizing ui state.
2023-06-18 23:03:07.990 [info] Extensions: No changes found during synchronizing extensions.
2023-06-18 23:03:07.992 [info] Profiles: No changes found during synchronizing profiles.
2023-06-18 23:03:07.994 [info] Sync done. Took 348ms
2023-06-18 23:08:07.997 [info] Auto Sync: Triggered by Interval
2023-06-18 23:08:07.998 [info] Sync started.
2023-06-18 23:08:08.200 [info] Settings: No changes found during synchronizing settings.
2023-06-18 23:08:08.212 [info] Keybindings: No changes found during synchronizing keybindings.
2023-06-18 23:08:08.225 [info] Snippets: No changes found during synchronizing snippets.
2023-06-18 23:08:08.236 [info] Tasks: No changes found during synchronizing tasks.
2023-06-18 23:08:08.251 [info] GlobalState: No changes found during synchronizing ui state.
2023-06-18 23:08:08.325 [info] Extensions: No changes found during synchronizing extensions.
2023-06-18 23:08:08.327 [info] Profiles: No changes found during synchronizing profiles.
2023-06-18 23:08:08.328 [info] Sync done. Took 333ms
2023-06-18 23:13:08.330 [info] Auto Sync: Triggered by Interval
2023-06-18 23:13:08.331 [info] Sync started.
2023-06-18 23:13:08.533 [info] Settings: No changes found during synchronizing settings.
2023-06-18 23:13:08.546 [info] Keybindings: No changes found during synchronizing keybindings.
2023-06-18 23:13:08.559 [info] Snippets: No changes found during synchronizing snippets.
2023-06-18 23:13:08.569 [info] Tasks: No changes found during synchronizing tasks.
2023-06-18 23:13:08.585 [info] GlobalState: No changes found during synchronizing ui state.
2023-06-18 23:13:08.655 [info] Extensions: No changes found during synchronizing extensions.
2023-06-18 23:13:08.657 [info] Profiles: No changes found during synchronizing profiles.
2023-06-18 23:13:08.658 [info] Sync done. Took 329ms
2023-06-18 23:18:08.661 [info] Auto Sync: Triggered by Interval
2023-06-18 23:18:08.661 [info] Sync started.
2023-06-18 23:18:08.876 [info] Settings: No changes found during synchronizing settings.
2023-06-18 23:18:08.890 [info] Keybindings: No changes found during synchronizing keybindings.
2023-06-18 23:18:08.903 [info] Snippets: No changes found during synchronizing snippets.
2023-06-18 23:18:08.913 [info] Tasks: No changes found during synchronizing tasks.
2023-06-18 23:18:08.928 [info] GlobalState: No changes found during synchronizing ui state.
2023-06-18 23:18:08.989 [info] Extensions: No changes found during synchronizing extensions.
2023-06-18 23:18:08.991 [info] Profiles: No changes found during synchronizing profiles.
2023-06-18 23:18:08.993 [info] Sync done. Took 334ms
2023-06-18 23:23:08.996 [info] Auto Sync: Triggered by Interval
2023-06-18 23:23:08.996 [info] Sync started.
2023-06-18 23:23:09.199 [info] Settings: No changes found during synchronizing settings.
2023-06-18 23:23:09.212 [info] Keybindings: No changes found during synchronizing keybindings.
2023-06-18 23:23:09.226 [info] Snippets: No changes found during synchronizing snippets.
2023-06-18 23:23:09.236 [info] Tasks: No changes found during synchronizing tasks.
2023-06-18 23:23:09.255 [info] GlobalState: No changes found during synchronizing ui state.
2023-06-18 23:23:09.324 [info] Extensions: No changes found during synchronizing extensions.
2023-06-18 23:23:09.326 [info] Profiles: No changes found during synchronizing profiles.
2023-06-18 23:23:09.328 [info] Sync done. Took 333ms
2023-06-18 23:28:09.330 [info] Auto Sync: Triggered by Interval
2023-06-18 23:28:09.331 [info] Sync started.
2023-06-18 23:28:09.549 [info] Settings: No changes found during synchronizing settings.
2023-06-18 23:28:09.570 [info] Keybindings: No changes found during synchronizing keybindings.
2023-06-18 23:28:09.583 [info] Snippets: No changes found during synchronizing snippets.
2023-06-18 23:28:09.594 [info] Tasks: No changes found during synchronizing tasks.
2023-06-18 23:28:09.611 [info] GlobalState: No changes found during synchronizing ui state.
2023-06-18 23:28:09.687 [info] Extensions: No changes found during synchronizing extensions.
2023-06-18 23:28:09.689 [info] Profiles: No changes found during synchronizing profiles.
2023-06-18 23:28:09.691 [info] Sync done. Took 362ms
2023-06-18 23:33:09.693 [info] Auto Sync: Triggered by Interval
2023-06-18 23:33:09.693 [info] Sync started.
2023-06-18 23:33:09.911 [info] Settings: No changes found during synchronizing settings.
2023-06-18 23:33:09.924 [info] Keybindings: No changes found during synchronizing keybindings.
2023-06-18 23:33:09.938 [info] Snippets: No changes found during synchronizing snippets.
2023-06-18 23:33:09.948 [info] Tasks: No changes found during synchronizing tasks.
2023-06-18 23:33:09.965 [info] GlobalState: No changes found during synchronizing ui state.
2023-06-18 23:33:10.016 [info] Extensions: No changes found during synchronizing extensions.
2023-06-18 23:33:10.017 [info] Profiles: No changes found during synchronizing profiles.
2023-06-18 23:33:10.019 [info] Sync done. Took 327ms
2023-06-18 23:38:10.019 [info] Auto Sync: Triggered by Interval
2023-06-18 23:38:10.019 [info] Sync started.
2023-06-18 23:38:10.213 [info] Settings: No changes found during synchronizing settings.
2023-06-18 23:38:10.226 [info] Keybindings: No changes found during synchronizing keybindings.
2023-06-18 23:38:10.239 [info] Snippets: No changes found during synchronizing snippets.
2023-06-18 23:38:10.249 [info] Tasks: No changes found during synchronizing tasks.
2023-06-18 23:38:10.264 [info] GlobalState: No changes found during synchronizing ui state.
2023-06-18 23:38:10.338 [info] Extensions: No changes found during synchronizing extensions.
2023-06-18 23:38:10.340 [info] Profiles: No changes found during synchronizing profiles.
2023-06-18 23:38:10.342 [info] Sync done. Took 323ms
2023-06-18 23:38:46.856 [info] Auto Sync: Triggered by Activity
2023-06-18 23:38:46.856 [info] Sync started.
2023-06-18 23:38:46.931 [info] Settings: No changes found during synchronizing settings.
2023-06-18 23:38:46.935 [info] Keybindings: No changes found during synchronizing keybindings.
2023-06-18 23:38:46.943 [info] Snippets: No changes found during synchronizing snippets.
2023-06-18 23:38:46.946 [info] Tasks: No changes found during synchronizing tasks.
2023-06-18 23:38:46.956 [info] GlobalState: No changes found during synchronizing ui state.
2023-06-18 23:38:47.016 [info] Extensions: No changes found during synchronizing extensions.
2023-06-18 23:38:47.018 [info] Profiles: No changes found during synchronizing profiles.
2023-06-18 23:38:47.020 [info] Sync done. Took 165ms
2023-06-18 23:41:01.762 [info] Auto Sync: Triggered by Activity
2023-06-18 23:41:01.762 [info] Sync started.
2023-06-18 23:41:01.960 [info] Settings: No changes found during synchronizing settings.
2023-06-18 23:41:01.973 [info] Keybindings: No changes found during synchronizing keybindings.
2023-06-18 23:41:01.986 [info] Snippets: No changes found during synchronizing snippets.
2023-06-18 23:41:01.996 [info] Tasks: No changes found during synchronizing tasks.
2023-06-18 23:41:02.011 [info] GlobalState: No changes found during synchronizing ui state.
2023-06-18 23:41:02.083 [info] Extensions: No changes found during synchronizing extensions.
2023-06-18 23:41:02.085 [info] Profiles: No changes found during synchronizing profiles.
2023-06-18 23:41:02.087 [info] Sync done. Took 326ms
2023-06-18 23:41:41.234 [info] Auto Sync: Triggered by Activity
2023-06-18 23:41:41.235 [info] Sync started.
2023-06-18 23:41:41.330 [info] Settings: No changes found during synchronizing settings.
2023-06-18 23:41:41.345 [info] Keybindings: No changes found during synchronizing keybindings.
2023-06-18 23:41:41.357 [info] Snippets: No changes found during synchronizing snippets.
2023-06-18 23:41:41.367 [info] Tasks: No changes found during synchronizing tasks.
2023-06-18 23:41:41.383 [info] GlobalState: No changes found during synchronizing ui state.
2023-06-18 23:41:41.436 [info] Extensions: No changes found during synchronizing extensions.
2023-06-18 23:41:41.437 [info] Profiles: No changes found during synchronizing profiles.
2023-06-18 23:41:41.439 [info] Sync done. Took 206ms
2023-06-18 23:42:11.797 [info] Auto Sync: Triggered by Activity
2023-06-18 23:42:11.797 [info] Sync started.
2023-06-18 23:42:11.942 [info] Settings: No changes found during synchronizing settings.
2023-06-18 23:42:11.956 [info] Keybindings: No changes found during synchronizing keybindings.
2023-06-18 23:42:11.969 [info] Snippets: No changes found during synchronizing snippets.
2023-06-18 23:42:11.979 [info] Tasks: No changes found during synchronizing tasks.
2023-06-18 23:42:11.995 [info] GlobalState: No changes found during synchronizing ui state.
2023-06-18 23:42:12.070 [info] Extensions: No changes found during synchronizing extensions.
2023-06-18 23:42:12.072 [info] Profiles: No changes found during synchronizing profiles.
2023-06-18 23:42:12.073 [info] Sync done. Took 277ms
2023-06-18 23:43:31.524 [info] Auto Sync: Triggered by Activity
2023-06-18 23:43:31.524 [info] Sync started.
2023-06-18 23:43:31.613 [info] Settings: No changes found during synchronizing settings.
2023-06-18 23:43:31.626 [info] Keybindings: No changes found during synchronizing keybindings.
2023-06-18 23:43:31.640 [info] Snippets: No changes found during synchronizing snippets.
2023-06-18 23:43:31.649 [info] Tasks: No changes found during synchronizing tasks.
2023-06-18 23:43:31.656 [info] GlobalState: No changes found during synchronizing ui state.
2023-06-18 23:43:31.708 [info] Extensions: No changes found during synchronizing extensions.
2023-06-18 23:43:31.710 [info] Profiles: No changes found during synchronizing profiles.
2023-06-18 23:43:31.711 [info] Sync done. Took 189ms
2023-06-18 23:45:59.712 [info] Auto Sync: Triggered by Activity
2023-06-18 23:45:59.713 [info] Sync started.
2023-06-18 23:45:59.915 [info] Settings: No changes found during synchronizing settings.
2023-06-18 23:45:59.928 [info] Keybindings: No changes found during synchronizing keybindings.
2023-06-18 23:45:59.941 [info] Snippets: No changes found during synchronizing snippets.
2023-06-18 23:45:59.951 [info] Tasks: No changes found during synchronizing tasks.
2023-06-18 23:45:59.966 [info] GlobalState: No changes found during synchronizing ui state.
2023-06-18 23:46:00.065 [info] Extensions: No changes found during synchronizing extensions.
2023-06-18 23:46:00.067 [info] Profiles: No changes found during synchronizing profiles.
2023-06-18 23:46:00.069 [info] Sync done. Took 357ms
2023-06-18 23:47:22.258 [info] Auto Sync: Triggered by Activity
2023-06-18 23:47:22.258 [info] Sync started.
2023-06-18 23:47:22.332 [info] Settings: No changes found during synchronizing settings.
2023-06-18 23:47:22.346 [info] Keybindings: No changes found during synchronizing keybindings.
2023-06-18 23:47:22.360 [info] Snippets: No changes found during synchronizing snippets.
2023-06-18 23:47:22.370 [info] Tasks: No changes found during synchronizing tasks.
2023-06-18 23:47:22.378 [info] GlobalState: No changes found during synchronizing ui state.
2023-06-18 23:47:22.443 [info] Extensions: No changes found during synchronizing extensions.
2023-06-18 23:47:22.445 [info] Profiles: No changes found during synchronizing profiles.
2023-06-18 23:47:22.447 [info] Sync done. Took 190ms
2023-06-18 23:47:53.635 [info] Auto Sync: Triggered by Activity
2023-06-18 23:47:53.636 [info] Sync started.
2023-06-18 23:47:53.772 [info] Settings: No changes found during synchronizing settings.
2023-06-18 23:47:53.865 [info] Keybindings: No changes found during synchronizing keybindings.
2023-06-18 23:47:53.868 [info] Snippets: No changes found during synchronizing snippets.
2023-06-18 23:47:53.871 [info] Tasks: No changes found during synchronizing tasks.
2023-06-18 23:47:53.874 [info] GlobalState: No changes found during synchronizing ui state.
2023-06-18 23:47:53.920 [info] Extensions: No changes found during synchronizing extensions.
2023-06-18 23:47:53.922 [info] Profiles: No changes found during synchronizing profiles.
2023-06-18 23:47:53.923 [info] Sync done. Took 289ms
2023-06-18 23:48:08.409 [info] Auto Sync: Triggered by Activity
2023-06-18 23:48:08.410 [info] Sync started.
2023-06-18 23:48:08.505 [info] Settings: No changes found during synchronizing settings.
2023-06-18 23:48:08.518 [info] Keybindings: No changes found during synchronizing keybindings.
2023-06-18 23:48:08.531 [info] Snippets: No changes found during synchronizing snippets.
2023-06-18 23:48:08.539 [info] Tasks: No changes found during synchronizing tasks.
2023-06-18 23:48:08.547 [info] GlobalState: No changes found during synchronizing ui state.
2023-06-18 23:48:08.947 [info] Extensions: Updated remote extensions. Added: ["mhutchie.git-graph"].
2023-06-18 23:48:08.964 [info] Extensions: Updated last synchronized extensions.
2023-06-18 23:48:08.974 [info] Profiles: No changes found during synchronizing profiles.
2023-06-18 23:48:08.982 [info] Sync done. Took 573ms
2023-06-18 23:50:29.184 [info] Auto Sync: Triggered by Activity
2023-06-18 23:50:29.184 [info] Sync started.
2023-06-18 23:50:29.388 [info] Settings: No changes found during synchronizing settings.
2023-06-18 23:50:29.401 [info] Keybindings: No changes found during synchronizing keybindings.
2023-06-18 23:50:29.414 [info] Snippets: No changes found during synchronizing snippets.
2023-06-18 23:50:29.425 [info] Tasks: No changes found during synchronizing tasks.
2023-06-18 23:50:29.436 [info] GlobalState: No changes found during synchronizing ui state.
2023-06-18 23:50:29.489 [info] Extensions: No changes found during synchronizing extensions.
2023-06-18 23:50:29.491 [info] Profiles: No changes found during synchronizing profiles.
2023-06-18 23:50:29.493 [info] Sync done. Took 308ms
2023-06-18 23:51:19.716 [info] Auto Sync: Triggered by Activity
2023-06-18 23:51:19.716 [info] Sync started.
2023-06-18 23:51:19.791 [info] Settings: No changes found during synchronizing settings.
2023-06-18 23:51:19.804 [info] Keybindings: No changes found during synchronizing keybindings.
2023-06-18 23:51:19.817 [info] Snippets: No changes found during synchronizing snippets.
2023-06-18 23:51:19.828 [info] Tasks: No changes found during synchronizing tasks.
2023-06-18 23:51:19.843 [info] GlobalState: No changes found during synchronizing ui state.
2023-06-18 23:51:19.922 [info] Extensions: No changes found during synchronizing extensions.
2023-06-18 23:51:19.924 [info] Profiles: No changes found during synchronizing profiles.
2023-06-18 23:51:19.925 [info] Sync done. Took 211ms
2023-06-18 23:51:47.811 [info] Auto Sync: Triggered by Activity
2023-06-18 23:51:47.812 [info] Sync started.
2023-06-18 23:51:47.894 [info] Settings: No changes found during synchronizing settings.
2023-06-18 23:51:47.909 [info] Keybindings: No changes found during synchronizing keybindings.
2023-06-18 23:51:47.923 [info] Snippets: No changes found during synchronizing snippets.
2023-06-18 23:51:47.934 [info] Tasks: No changes found during synchronizing tasks.
2023-06-18 23:51:47.945 [info] GlobalState: No changes found during synchronizing ui state.
2023-06-18 23:51:48.002 [info] Extensions: No changes found during synchronizing extensions.
2023-06-18 23:51:48.004 [info] Profiles: No changes found during synchronizing profiles.
2023-06-18 23:51:48.006 [info] Sync done. Took 195ms
2023-06-18 23:53:15.934 [info] Auto Sync: Triggered by Activity
2023-06-18 23:53:15.934 [info] Sync started.
2023-06-18 23:53:16.004 [info] Settings: No changes found during synchronizing settings.
2023-06-18 23:53:16.016 [info] Keybindings: No changes found during synchronizing keybindings.
2023-06-18 23:53:16.030 [info] Snippets: No changes found during synchronizing snippets.
2023-06-18 23:53:16.034 [info] Tasks: No changes found during synchronizing tasks.
2023-06-18 23:53:16.038 [info] GlobalState: No changes found during synchronizing ui state.
2023-06-18 23:53:16.081 [info] Extensions: No changes found during synchronizing extensions.
2023-06-18 23:53:16.083 [info] Profiles: No changes found during synchronizing profiles.
2023-06-18 23:53:16.085 [info] Sync done. Took 152ms
2023-06-18 23:53:52.265 [info] Auto Sync: Triggered by Activity
2023-06-18 23:53:52.265 [info] Sync started.
2023-06-18 23:53:52.351 [info] Settings: No changes found during synchronizing settings.
2023-06-18 23:53:52.363 [info] Keybindings: No changes found during synchronizing keybindings.
2023-06-18 23:53:52.369 [info] Snippets: No changes found during synchronizing snippets.
2023-06-18 23:53:52.373 [info] Tasks: No changes found during synchronizing tasks.
2023-06-18 23:53:52.379 [info] GlobalState: No changes found during synchronizing ui state.
2023-06-18 23:53:52.462 [info] Extensions: No changes found during synchronizing extensions.
2023-06-18 23:53:52.464 [info] Profiles: No changes found during synchronizing profiles.
2023-06-18 23:53:52.465 [info] Sync done. Took 201ms
2023-06-18 23:57:15.690 [info] Auto Sync: Triggered by Activity
2023-06-18 23:57:15.691 [info] Sync started.
2023-06-18 23:57:15.884 [info] Settings: No changes found during synchronizing settings.
2023-06-18 23:57:15.888 [info] Keybindings: No changes found during synchronizing keybindings.
2023-06-18 23:57:15.892 [info] Snippets: No changes found during synchronizing snippets.
2023-06-18 23:57:15.896 [info] Tasks: No changes found during synchronizing tasks.
2023-06-18 23:57:15.900 [info] GlobalState: No changes found during synchronizing ui state.
2023-06-18 23:57:15.956 [info] Extensions: No changes found during synchronizing extensions.
2023-06-18 23:57:15.957 [info] Profiles: No changes found during synchronizing profiles.
2023-06-18 23:57:15.959 [info] Sync done. Took 269ms
2023-06-18 23:57:55.465 [info] Auto Sync: Triggered by Activity
2023-06-18 23:57:55.465 [info] Sync started.
2023-06-18 23:57:55.536 [info] Settings: No changes found during synchronizing settings.
2023-06-18 23:57:55.540 [info] Keybindings: No changes found during synchronizing keybindings.
2023-06-18 23:57:55.546 [info] Snippets: No changes found during synchronizing snippets.
2023-06-18 23:57:55.550 [info] Tasks: No changes found during synchronizing tasks.
2023-06-18 23:57:55.556 [info] GlobalState: No changes found during synchronizing ui state.
2023-06-18 23:57:55.608 [info] Extensions: No changes found during synchronizing extensions.
2023-06-18 23:57:55.610 [info] Profiles: No changes found during synchronizing profiles.
2023-06-18 23:57:55.611 [info] Sync done. Took 147ms
2023-06-18 23:58:08.354 [info] Auto Sync: Triggered by Activity
2023-06-18 23:58:08.354 [info] Sync started.
2023-06-18 23:58:08.437 [info] Settings: No changes found during synchronizing settings.
2023-06-18 23:58:08.441 [info] Keybindings: No changes found during synchronizing keybindings.
2023-06-18 23:58:08.444 [info] Snippets: No changes found during synchronizing snippets.
2023-06-18 23:58:08.446 [info] Tasks: No changes found during synchronizing tasks.
2023-06-18 23:58:08.450 [info] GlobalState: No changes found during synchronizing ui state.
2023-06-18 23:58:08.494 [info] Extensions: No changes found during synchronizing extensions.
2023-06-18 23:58:08.496 [info] Profiles: No changes found during synchronizing profiles.
2023-06-18 23:58:08.498 [info] Sync done. Took 144ms
2023-06-18 23:58:41.161 [info] Auto Sync: Triggered by Activity
2023-06-18 23:58:41.161 [info] Sync started.
2023-06-18 23:58:41.243 [info] Settings: No changes found during synchronizing settings.
2023-06-18 23:58:41.258 [info] Keybindings: No changes found during synchronizing keybindings.
2023-06-18 23:58:41.273 [info] Snippets: No changes found during synchronizing snippets.
2023-06-18 23:58:41.288 [info] Tasks: No changes found during synchronizing tasks.
2023-06-18 23:58:41.306 [info] GlobalState: No changes found during synchronizing ui state.
2023-06-18 23:58:41.401 [info] Extensions: No changes found during synchronizing extensions.
2023-06-18 23:58:41.403 [info] Profiles: No changes found during synchronizing profiles.
2023-06-18 23:58:41.404 [info] Sync done. Took 243ms
2023-06-19 00:03:41.405 [info] Auto Sync: Triggered by Interval
2023-06-19 00:03:41.405 [info] Sync started.
2023-06-19 00:03:41.594 [info] Settings: No changes found during synchronizing settings.
2023-06-19 00:03:41.599 [info] Keybindings: No changes found during synchronizing keybindings.
2023-06-19 00:03:41.605 [info] Snippets: No changes found during synchronizing snippets.
2023-06-19 00:03:41.611 [info] Tasks: No changes found during synchronizing tasks.
2023-06-19 00:03:41.621 [info] GlobalState: No changes found during synchronizing ui state.
2023-06-19 00:03:41.698 [info] Extensions: No changes found during synchronizing extensions.
2023-06-19 00:03:41.700 [info] Profiles: No changes found during synchronizing profiles.
2023-06-19 00:03:41.701 [info] Sync done. Took 297ms
2023-06-19 00:07:21.263 [info] Auto Sync: Triggered by Activity
2023-06-19 00:07:21.264 [info] Sync started.
2023-06-19 00:07:21.466 [info] Settings: No changes found during synchronizing settings.
2023-06-19 00:07:21.480 [info] Keybindings: No changes found during synchronizing keybindings.
2023-06-19 00:07:21.495 [info] Snippets: No changes found during synchronizing snippets.
2023-06-19 00:07:21.505 [info] Tasks: No changes found during synchronizing tasks.
2023-06-19 00:07:21.520 [info] GlobalState: No changes found during synchronizing ui state.
2023-06-19 00:07:21.597 [info] Extensions: No changes found during synchronizing extensions.
2023-06-19 00:07:21.600 [info] Profiles: No changes found during synchronizing profiles.
2023-06-19 00:07:21.601 [info] Sync done. Took 339ms
2023-06-19 00:08:06.851 [info] Auto Sync: Triggered by Activity
2023-06-19 00:08:06.851 [info] Sync started.
2023-06-19 00:08:06.934 [info] Settings: No changes found during synchronizing settings.
2023-06-19 00:08:06.946 [info] Keybindings: No changes found during synchronizing keybindings.
2023-06-19 00:08:06.955 [info] Snippets: No changes found during synchronizing snippets.
2023-06-19 00:08:06.959 [info] Tasks: No changes found during synchronizing tasks.
2023-06-19 00:08:06.965 [info] GlobalState: No changes found during synchronizing ui state.
2023-06-19 00:08:07.031 [info] Extensions: No changes found during synchronizing extensions.
2023-06-19 00:08:07.033 [info] Profiles: No changes found during synchronizing profiles.
2023-06-19 00:08:07.034 [info] Sync done. Took 184ms
2023-06-19 00:10:25.869 [info] Auto Sync: Triggered by Activity
2023-06-19 00:10:25.870 [info] Sync started.
2023-06-19 00:10:26.093 [info] Settings: No changes found during synchronizing settings.
2023-06-19 00:10:26.106 [info] Keybindings: No changes found during synchronizing keybindings.
2023-06-19 00:10:26.118 [info] Snippets: No changes found during synchronizing snippets.
2023-06-19 00:10:26.124 [info] Tasks: No changes found during synchronizing tasks.
2023-06-19 00:10:26.130 [info] GlobalState: No changes found during synchronizing ui state.
2023-06-19 00:10:26.192 [info] Extensions: No changes found during synchronizing extensions.
2023-06-19 00:10:26.194 [info] Profiles: No changes found during synchronizing profiles.
2023-06-19 00:10:26.196 [info] Sync done. Took 327ms
2023-06-19 00:10:50.722 [info] Auto Sync: Triggered by Activity
2023-06-19 00:10:50.722 [info] Sync started.
2023-06-19 00:10:50.805 [info] Settings: No changes found during synchronizing settings.
2023-06-19 00:10:50.812 [info] Keybindings: No changes found during synchronizing keybindings.
2023-06-19 00:10:50.815 [info] Snippets: No changes found during synchronizing snippets.
2023-06-19 00:10:50.816 [info] Tasks: No changes found during synchronizing tasks.
2023-06-19 00:10:50.820 [info] GlobalState: No changes found during synchronizing ui state.
2023-06-19 00:10:50.867 [info] Extensions: No changes found during synchronizing extensions.
2023-06-19 00:10:50.868 [info] Profiles: No changes found during synchronizing profiles.
2023-06-19 00:10:50.870 [info] Sync done. Took 150ms
2023-06-19 00:12:50.135 [info] Auto Sync: Triggered by Activity
2023-06-19 00:12:50.136 [info] Sync started.
2023-06-19 00:12:50.222 [info] Settings: No changes found during synchronizing settings.
2023-06-19 00:12:50.233 [info] Keybindings: No changes found during synchronizing keybindings.
2023-06-19 00:12:50.236 [info] Snippets: No changes found during synchronizing snippets.
2023-06-19 00:12:50.238 [info] Tasks: No changes found during synchronizing tasks.
2023-06-19 00:12:50.242 [info] GlobalState: No changes found during synchronizing ui state.
2023-06-19 00:12:50.289 [info] Extensions: No changes found during synchronizing extensions.
2023-06-19 00:12:50.292 [info] Profiles: No changes found during synchronizing profiles.
2023-06-19 00:12:50.293 [info] Sync done. Took 159ms
2023-06-19 00:13:18.967 [info] Auto Sync: Triggered by Activity
2023-06-19 00:13:18.967 [info] Sync started.
2023-06-19 00:13:19.127 [info] Settings: No changes found during synchronizing settings.
2023-06-19 00:13:19.131 [info] Keybindings: No changes found during synchronizing keybindings.
2023-06-19 00:13:19.135 [info] Snippets: No changes found during synchronizing snippets.
2023-06-19 00:13:19.139 [info] Tasks: No changes found during synchronizing tasks.
2023-06-19 00:13:19.144 [info] GlobalState: No changes found during synchronizing ui state.
2023-06-19 00:13:19.203 [info] Extensions: No changes found during synchronizing extensions.
2023-06-19 00:13:19.205 [info] Profiles: No changes found during synchronizing profiles.
2023-06-19 00:13:19.207 [info] Sync done. Took 242ms
2023-06-19 00:14:29.636 [info] Auto Sync: Triggered by Activity
2023-06-19 00:14:29.637 [info] Sync started.
2023-06-19 00:14:29.713 [info] Settings: No changes found during synchronizing settings.
2023-06-19 00:14:29.726 [info] Keybindings: No changes found during synchronizing keybindings.
2023-06-19 00:14:29.738 [info] Snippets: No changes found during synchronizing snippets.
2023-06-19 00:14:29.748 [info] Tasks: No changes found during synchronizing tasks.
2023-06-19 00:14:29.763 [info] GlobalState: No changes found during synchronizing ui state.
2023-06-19 00:14:29.831 [info] Extensions: No changes found during synchronizing extensions.
2023-06-19 00:14:29.833 [info] Profiles: No changes found during synchronizing profiles.
2023-06-19 00:14:29.834 [info] Sync done. Took 199ms
2023-06-19 00:15:34.014 [info] Auto Sync: Triggered by Activity
2023-06-19 00:15:34.014 [info] Sync started.
2023-06-19 00:15:34.121 [info] Settings: No changes found during synchronizing settings.
2023-06-19 00:15:34.153 [info] Keybindings: No changes found during synchronizing keybindings.
2023-06-19 00:15:34.195 [info] Snippets: No changes found during synchronizing snippets.
2023-06-19 00:15:34.218 [info] Tasks: No changes found during synchronizing tasks.
2023-06-19 00:15:34.247 [info] GlobalState: No changes found during synchronizing ui state.
2023-06-19 00:15:34.469 [info] Extensions: No changes found during synchronizing extensions.
2023-06-19 00:15:34.482 [info] Profiles: No changes found during synchronizing profiles.
2023-06-19 00:15:34.488 [info] Sync done. Took 474ms
2023-06-19 00:16:37.283 [info] Auto Sync: Triggered by Activity
2023-06-19 00:16:37.284 [info] Sync started.
2023-06-19 00:16:37.359 [info] Settings: No changes found during synchronizing settings.
2023-06-19 00:16:37.363 [info] Keybindings: No changes found during synchronizing keybindings.
2023-06-19 00:16:37.367 [info] Snippets: No changes found during synchronizing snippets.
2023-06-19 00:16:37.370 [info] Tasks: No changes found during synchronizing tasks.
2023-06-19 00:16:37.375 [info] GlobalState: No changes found during synchronizing ui state.
2023-06-19 00:16:37.430 [info] Extensions: No changes found during synchronizing extensions.
2023-06-19 00:16:37.433 [info] Profiles: No changes found during synchronizing profiles.
2023-06-19 00:16:37.435 [info] Sync done. Took 152ms
2023-06-19 00:16:57.742 [info] Auto Sync: Triggered by Activity
2023-06-19 00:16:57.742 [info] Sync started.
2023-06-19 00:16:57.824 [info] Settings: No changes found during synchronizing settings.
2023-06-19 00:16:57.837 [info] Keybindings: No changes found during synchronizing keybindings.
2023-06-19 00:16:57.850 [info] Snippets: No changes found during synchronizing snippets.
2023-06-19 00:16:57.859 [info] Tasks: No changes found during synchronizing tasks.
2023-06-19 00:16:57.875 [info] GlobalState: No changes found during synchronizing ui state.
2023-06-19 00:16:57.953 [info] Extensions: No changes found during synchronizing extensions.
2023-06-19 00:16:57.955 [info] Profiles: No changes found during synchronizing profiles.
2023-06-19 00:16:57.956 [info] Sync done. Took 216ms
2023-06-19 00:17:42.380 [info] Auto Sync: Triggered by Activity
2023-06-19 00:17:42.380 [info] Sync started.
2023-06-19 00:17:42.464 [info] Settings: No changes found during synchronizing settings.
2023-06-19 00:17:42.472 [info] Keybindings: No changes found during synchronizing keybindings.
2023-06-19 00:17:42.478 [info] Snippets: No changes found during synchronizing snippets.
2023-06-19 00:17:42.482 [info] Tasks: No changes found during synchronizing tasks.
2023-06-19 00:17:42.488 [info] GlobalState: No changes found during synchronizing ui state.
2023-06-19 00:17:42.530 [info] Extensions: No changes found during synchronizing extensions.
2023-06-19 00:17:42.532 [info] Profiles: No changes found during synchronizing profiles.
2023-06-19 00:17:42.534 [info] Sync done. Took 155ms
2023-06-19 00:17:58.486 [info] Auto Sync: Triggered by Activity
2023-06-19 00:17:58.486 [info] Sync started.
2023-06-19 00:17:58.571 [info] Settings: No changes found during synchronizing settings.
2023-06-19 00:17:58.584 [info] Keybindings: No changes found during synchronizing keybindings.
2023-06-19 00:17:58.597 [info] Snippets: No changes found during synchronizing snippets.
2023-06-19 00:17:58.607 [info] Tasks: No changes found during synchronizing tasks.
2023-06-19 00:17:58.623 [info] GlobalState: No changes found during synchronizing ui state.
2023-06-19 00:17:58.702 [info] Extensions: No changes found during synchronizing extensions.
2023-06-19 00:17:58.703 [info] Profiles: No changes found during synchronizing profiles.
2023-06-19 00:17:58.705 [info] Sync done. Took 229ms
2023-06-19 00:18:38.960 [info] Auto Sync: Triggered by Activity
2023-06-19 00:18:38.960 [info] Sync started.
2023-06-19 00:18:39.047 [info] Settings: No changes found during synchronizing settings.
2023-06-19 00:18:39.061 [info] Keybindings: No changes found during synchronizing keybindings.
2023-06-19 00:18:39.072 [info] Snippets: No changes found during synchronizing snippets.
2023-06-19 00:18:39.078 [info] Tasks: No changes found during synchronizing tasks.
2023-06-19 00:18:39.085 [info] GlobalState: No changes found during synchronizing ui state.
2023-06-19 00:18:39.133 [info] Extensions: No changes found during synchronizing extensions.
2023-06-19 00:18:39.134 [info] Profiles: No changes found during synchronizing profiles.
2023-06-19 00:18:39.136 [info] Sync done. Took 178ms
2023-06-19 00:19:14.695 [info] Auto Sync: Triggered by Activity
2023-06-19 00:19:14.695 [info] Sync started.
2023-06-19 00:19:14.785 [info] Settings: No changes found during synchronizing settings.
2023-06-19 00:19:14.799 [info] Keybindings: No changes found during synchronizing keybindings.
2023-06-19 00:19:14.810 [info] Snippets: No changes found during synchronizing snippets.
2023-06-19 00:19:14.813 [info] Tasks: No changes found during synchronizing tasks.
2023-06-19 00:19:14.816 [info] GlobalState: No changes found during synchronizing ui state.
2023-06-19 00:19:14.864 [info] Extensions: No changes found during synchronizing extensions.
2023-06-19 00:19:14.866 [info] Profiles: No changes found during synchronizing profiles.
2023-06-19 00:19:14.868 [info] Sync done. Took 174ms
2023-06-19 00:19:55.209 [info] Auto Sync: Triggered by Activity
2023-06-19 00:19:55.209 [info] Sync started.
2023-06-19 00:19:55.283 [info] Settings: No changes found during synchronizing settings.
2023-06-19 00:19:55.295 [info] Keybindings: No changes found during synchronizing keybindings.
2023-06-19 00:19:55.310 [info] Snippets: No changes found during synchronizing snippets.
2023-06-19 00:19:55.321 [info] Tasks: No changes found during synchronizing tasks.
2023-06-19 00:19:55.336 [info] GlobalState: No changes found during synchronizing ui state.
2023-06-19 00:19:55.395 [info] Extensions: No changes found during synchronizing extensions.
2023-06-19 00:19:55.397 [info] Profiles: No changes found during synchronizing profiles.
2023-06-19 00:19:55.398 [info] Sync done. Took 190ms
2023-06-19 00:20:15.383 [info] Auto Sync: Triggered by Activity
2023-06-19 00:20:15.384 [info] Sync started.
2023-06-19 00:20:15.450 [info] Settings: No changes found during synchronizing settings.
2023-06-19 00:20:15.457 [info] Keybindings: No changes found during synchronizing keybindings.
2023-06-19 00:20:15.465 [info] Snippets: No changes found during synchronizing snippets.
2023-06-19 00:20:15.473 [info] Tasks: No changes found during synchronizing tasks.
2023-06-19 00:20:15.487 [info] GlobalState: No changes found during synchronizing ui state.
2023-06-19 00:20:15.571 [info] Extensions: No changes found during synchronizing extensions.
2023-06-19 00:20:15.574 [info] Profiles: No changes found during synchronizing profiles.
2023-06-19 00:20:15.575 [info] Sync done. Took 192ms
2023-06-19 00:20:44.422 [info] Auto Sync: Triggered by Activity
2023-06-19 00:20:44.422 [info] Sync started.
2023-06-19 00:20:44.505 [info] Settings: No changes found during synchronizing settings.
2023-06-19 00:20:44.511 [info] Keybindings: No changes found during synchronizing keybindings.
2023-06-19 00:20:44.514 [info] Snippets: No changes found during synchronizing snippets.
2023-06-19 00:20:44.516 [info] Tasks: No changes found during synchronizing tasks.
2023-06-19 00:20:44.519 [info] GlobalState: No changes found during synchronizing ui state.
2023-06-19 00:20:44.570 [info] Extensions: No changes found during synchronizing extensions.
2023-06-19 00:20:44.572 [info] Profiles: No changes found during synchronizing profiles.
2023-06-19 00:20:44.574 [info] Sync done. Took 152ms
2023-06-19 00:22:39.842 [info] Auto Sync: Triggered by Activity
2023-06-19 00:22:39.842 [info] Sync started.
2023-06-19 00:22:39.910 [info] Settings: No changes found during synchronizing settings.
2023-06-19 00:22:39.914 [info] Keybindings: No changes found during synchronizing keybindings.
2023-06-19 00:22:39.917 [info] Snippets: No changes found during synchronizing snippets.
2023-06-19 00:22:39.919 [info] Tasks: No changes found during synchronizing tasks.
2023-06-19 00:22:39.923 [info] GlobalState: No changes found during synchronizing ui state.
2023-06-19 00:22:40.046 [info] Extensions: No changes found during synchronizing extensions.
2023-06-19 00:22:40.049 [info] Profiles: No changes found during synchronizing profiles.
2023-06-19 00:22:40.052 [info] Sync done. Took 210ms
2023-06-19 00:22:51.436 [info] Auto Sync: Triggered by Activity
2023-06-19 00:22:51.436 [info] Sync started.
2023-06-19 00:22:51.501 [info] Settings: No changes found during synchronizing settings.
2023-06-19 00:22:51.504 [info] Keybindings: No changes found during synchronizing keybindings.
2023-06-19 00:22:51.507 [info] Snippets: No changes found during synchronizing snippets.
2023-06-19 00:22:51.508 [info] Tasks: No changes found during synchronizing tasks.
2023-06-19 00:22:51.511 [info] GlobalState: No changes found during synchronizing ui state.
2023-06-19 00:22:51.558 [info] Extensions: No changes found during synchronizing extensions.
2023-06-19 00:22:51.559 [info] Profiles: No changes found during synchronizing profiles.
2023-06-19 00:22:51.560 [info] Sync done. Took 125ms
2023-06-19 00:23:10.190 [info] Auto Sync: Triggered by Activity
2023-06-19 00:23:10.190 [info] Sync started.
2023-06-19 00:23:10.255 [info] Settings: No changes found during synchronizing settings.
2023-06-19 00:23:10.259 [info] Keybindings: No changes found during synchronizing keybindings.
2023-06-19 00:23:10.262 [info] Snippets: No changes found during synchronizing snippets.
2023-06-19 00:23:10.266 [info] Tasks: No changes found during synchronizing tasks.
2023-06-19 00:23:10.270 [info] GlobalState: No changes found during synchronizing ui state.
2023-06-19 00:23:10.358 [info] Extensions: No changes found during synchronizing extensions.
2023-06-19 00:23:10.360 [info] Profiles: No changes found during synchronizing profiles.
2023-06-19 00:23:10.364 [info] Sync done. Took 174ms
2023-06-19 00:23:47.783 [info] Auto Sync: Triggered by Activity
2023-06-19 00:23:47.783 [info] Sync started.
2023-06-19 00:23:47.849 [info] Settings: No changes found during synchronizing settings.
2023-06-19 00:23:47.853 [info] Keybindings: No changes found during synchronizing keybindings.
2023-06-19 00:23:47.863 [info] Snippets: No changes found during synchronizing snippets.
2023-06-19 00:23:47.867 [info] Tasks: No changes found during synchronizing tasks.
2023-06-19 00:23:47.872 [info] GlobalState: No changes found during synchronizing ui state.
2023-06-19 00:23:47.987 [info] Extensions: No changes found during synchronizing extensions.
2023-06-19 00:23:47.989 [info] Profiles: No changes found during synchronizing profiles.
2023-06-19 00:23:47.991 [info] Sync done. Took 210ms
2023-06-19 00:24:04.866 [info] Auto Sync: Triggered by Activity
2023-06-19 00:24:04.866 [info] Sync started.
2023-06-19 00:24:04.947 [info] Settings: No changes found during synchronizing settings.
2023-06-19 00:24:04.961 [info] Keybindings: No changes found during synchronizing keybindings.
2023-06-19 00:24:04.974 [info] Snippets: No changes found during synchronizing snippets.
2023-06-19 00:24:04.987 [info] Tasks: No changes found during synchronizing tasks.
2023-06-19 00:24:05.003 [info] GlobalState: No changes found during synchronizing ui state.
2023-06-19 00:24:05.065 [info] Extensions: No changes found during synchronizing extensions.
2023-06-19 00:24:05.067 [info] Profiles: No changes found during synchronizing profiles.
2023-06-19 00:24:05.068 [info] Sync done. Took 204ms
2023-06-19 00:24:41.820 [info] Auto Sync: Triggered by Activity
2023-06-19 00:24:41.820 [info] Sync started.
2023-06-19 00:24:41.902 [info] Settings: No changes found during synchronizing settings.
2023-06-19 00:24:41.914 [info] Keybindings: No changes found during synchronizing keybindings.
2023-06-19 00:24:41.926 [info] Snippets: No changes found during synchronizing snippets.
2023-06-19 00:24:41.933 [info] Tasks: No changes found during synchronizing tasks.
2023-06-19 00:24:41.940 [info] GlobalState: No changes found during synchronizing ui state.
2023-06-19 00:24:41.997 [info] Extensions: No changes found during synchronizing extensions.
2023-06-19 00:24:41.999 [info] Profiles: No changes found during synchronizing profiles.
2023-06-19 00:24:42.000 [info] Sync done. Took 182ms
2023-06-19 00:24:54.612 [info] Auto Sync: Triggered by Activity
2023-06-19 00:24:54.612 [info] Sync started.
2023-06-19 00:24:54.687 [info] Settings: No changes found during synchronizing settings.
2023-06-19 00:24:54.690 [info] Keybindings: No changes found during synchronizing keybindings.
2023-06-19 00:24:54.693 [info] Snippets: No changes found during synchronizing snippets.
2023-06-19 00:24:54.696 [info] Tasks: No changes found during synchronizing tasks.
2023-06-19 00:24:54.700 [info] GlobalState: No changes found during synchronizing ui state.
2023-06-19 00:24:54.750 [info] Extensions: No changes found during synchronizing extensions.
2023-06-19 00:24:54.752 [info] Profiles: No changes found during synchronizing profiles.
2023-06-19 00:24:54.753 [info] Sync done. Took 143ms
2023-06-19 00:25:14.952 [info] Auto Sync: Triggered by Activity
2023-06-19 00:25:14.952 [info] Sync started.
2023-06-19 00:25:15.055 [info] Settings: No changes found during synchronizing settings.
2023-06-19 00:25:15.068 [info] Keybindings: No changes found during synchronizing keybindings.
2023-06-19 00:25:15.081 [info] Snippets: No changes found during synchronizing snippets.
2023-06-19 00:25:15.091 [info] Tasks: No changes found during synchronizing tasks.
2023-06-19 00:25:15.106 [info] GlobalState: No changes found during synchronizing ui state.
2023-06-19 00:25:15.177 [info] Extensions: No changes found during synchronizing extensions.
2023-06-19 00:25:15.181 [info] Profiles: No changes found during synchronizing profiles.
2023-06-19 00:25:15.182 [info] Sync done. Took 232ms
2023-06-19 00:29:06.736 [info] Auto Sync: Triggered by Activity
2023-06-19 00:29:06.737 [info] Sync started.
2023-06-19 00:29:06.938 [info] Settings: No changes found during synchronizing settings.
2023-06-19 00:29:06.947 [info] Keybindings: No changes found during synchronizing keybindings.
2023-06-19 00:29:06.953 [info] Snippets: No changes found during synchronizing snippets.
2023-06-19 00:29:06.958 [info] Tasks: No changes found during synchronizing tasks.
2023-06-19 00:29:06.965 [info] GlobalState: No changes found during synchronizing ui state.
2023-06-19 00:29:07.040 [info] Extensions: No changes found during synchronizing extensions.
2023-06-19 00:29:07.041 [info] Profiles: No changes found during synchronizing profiles.
2023-06-19 00:29:07.043 [info] Sync done. Took 307ms
2023-06-19 00:30:02.817 [info] Auto Sync: Triggered by Activity
2023-06-19 00:30:02.819 [info] Sync started.
2023-06-19 00:30:02.896 [info] Settings: No changes found during synchronizing settings.
2023-06-19 00:30:02.910 [info] Keybindings: No changes found during synchronizing keybindings.
2023-06-19 00:30:02.924 [info] Snippets: No changes found during synchronizing snippets.
2023-06-19 00:30:02.929 [info] Tasks: No changes found during synchronizing tasks.
2023-06-19 00:30:02.933 [info] GlobalState: No changes found during synchronizing ui state.
2023-06-19 00:30:02.975 [info] Extensions: No changes found during synchronizing extensions.
2023-06-19 00:30:02.977 [info] Profiles: No changes found during synchronizing profiles.
2023-06-19 00:30:02.978 [info] Sync done. Took 162ms
2023-06-19 00:30:19.602 [info] Auto Sync: Triggered by Activity
2023-06-19 00:30:19.602 [info] Sync started.
2023-06-19 00:30:19.665 [info] Settings: No changes found during synchronizing settings.
2023-06-19 00:30:19.670 [info] Keybindings: No changes found during synchronizing keybindings.
2023-06-19 00:30:19.673 [info] Snippets: No changes found during synchronizing snippets.
2023-06-19 00:30:19.676 [info] Tasks: No changes found during synchronizing tasks.
2023-06-19 00:30:19.681 [info] GlobalState: No changes found during synchronizing ui state.
2023-06-19 00:30:19.973 [info] Extensions: No changes found during synchronizing extensions.
2023-06-19 00:30:20.017 [info] Profiles: No changes found during synchronizing profiles.
2023-06-19 00:30:20.050 [info] Sync done. Took 448ms
2023-06-19 00:33:14.092 [info] Auto Sync: Triggered by Activity
2023-06-19 00:33:14.092 [info] Sync started.
2023-06-19 00:33:14.292 [info] Settings: No changes found during synchronizing settings.
2023-06-19 00:33:14.303 [info] Keybindings: No changes found during synchronizing keybindings.
2023-06-19 00:33:14.316 [info] Snippets: No changes found during synchronizing snippets.
2023-06-19 00:33:14.328 [info] Tasks: No changes found during synchronizing tasks.
2023-06-19 00:33:14.339 [info] GlobalState: No changes found during synchronizing ui state.
2023-06-19 00:33:14.400 [info] Extensions: No changes found during synchronizing extensions.
2023-06-19 00:33:14.401 [info] Profiles: No changes found during synchronizing profiles.
2023-06-19 00:33:14.403 [info] Sync done. Took 312ms
2023-06-19 00:35:06.804 [info] Auto Sync: Triggered by Activity
2023-06-19 00:35:06.804 [info] Sync started.
2023-06-19 00:35:06.875 [info] Settings: No changes found during synchronizing settings.
2023-06-19 00:35:06.882 [info] Keybindings: No changes found during synchronizing keybindings.
2023-06-19 00:35:06.889 [info] Snippets: No changes found during synchronizing snippets.
2023-06-19 00:35:06.893 [info] Tasks: No changes found during synchronizing tasks.
2023-06-19 00:35:06.900 [info] GlobalState: No changes found during synchronizing ui state.
2023-06-19 00:35:06.968 [info] Extensions: No changes found during synchronizing extensions.
2023-06-19 00:35:06.969 [info] Profiles: No changes found during synchronizing profiles.
2023-06-19 00:35:06.971 [info] Sync done. Took 168ms
2023-06-19 00:35:42.195 [info] Auto Sync: Triggered by Activity
2023-06-19 00:35:42.195 [info] Sync started.
2023-06-19 00:35:42.267 [info] Settings: No changes found during synchronizing settings.
2023-06-19 00:35:42.279 [info] Keybindings: No changes found during synchronizing keybindings.
2023-06-19 00:35:42.291 [info] Snippets: No changes found during synchronizing snippets.
2023-06-19 00:35:42.299 [info] Tasks: No changes found during synchronizing tasks.
2023-06-19 00:35:42.312 [info] GlobalState: No changes found during synchronizing ui state.
2023-06-19 00:35:42.379 [info] Extensions: No changes found during synchronizing extensions.
2023-06-19 00:35:42.380 [info] Profiles: No changes found during synchronizing profiles.
2023-06-19 00:35:42.382 [info] Sync done. Took 189ms
2023-06-19 00:36:32.073 [info] Auto Sync: Triggered by Activity
2023-06-19 00:36:32.074 [info] Sync started.
2023-06-19 00:36:32.155 [info] Settings: No changes found during synchronizing settings.
2023-06-19 00:36:32.167 [info] Keybindings: No changes found during synchronizing keybindings.
2023-06-19 00:36:32.180 [info] Snippets: No changes found during synchronizing snippets.
2023-06-19 00:36:32.190 [info] Tasks: No changes found during synchronizing tasks.
2023-06-19 00:36:32.199 [info] GlobalState: No changes found during synchronizing ui state.
2023-06-19 00:36:32.261 [info] Extensions: No changes found during synchronizing extensions.
2023-06-19 00:36:32.263 [info] Profiles: No changes found during synchronizing profiles.
2023-06-19 00:36:32.264 [info] Sync done. Took 192ms
2023-06-19 00:37:16.931 [info] Auto Sync: Triggered by Activity
2023-06-19 00:37:16.931 [info] Sync started.
2023-06-19 00:37:17.009 [info] Settings: No changes found during synchronizing settings.
2023-06-19 00:37:17.023 [info] Keybindings: No changes found during synchronizing keybindings.
2023-06-19 00:37:17.036 [info] Snippets: No changes found during synchronizing snippets.
2023-06-19 00:37:17.047 [info] Tasks: No changes found during synchronizing tasks.
2023-06-19 00:37:17.062 [info] GlobalState: No changes found during synchronizing ui state.
2023-06-19 00:37:17.143 [info] Extensions: No changes found during synchronizing extensions.
2023-06-19 00:37:17.145 [info] Profiles: No changes found during synchronizing profiles.
2023-06-19 00:37:17.146 [info] Sync done. Took 217ms
2023-06-19 00:37:39.878 [info] Auto Sync: Triggered by Activity
2023-06-19 00:37:39.879 [info] Sync started.
2023-06-19 00:37:39.955 [info] Settings: No changes found during synchronizing settings.
2023-06-19 00:37:39.968 [info] Keybindings: No changes found during synchronizing keybindings.
2023-06-19 00:37:39.981 [info] Snippets: No changes found during synchronizing snippets.
2023-06-19 00:37:39.984 [info] Tasks: No changes found during synchronizing tasks.
2023-06-19 00:37:39.987 [info] GlobalState: No changes found during synchronizing ui state.
2023-06-19 00:37:40.036 [info] Extensions: No changes found during synchronizing extensions.
2023-06-19 00:37:40.039 [info] Profiles: No changes found during synchronizing profiles.
2023-06-19 00:37:40.041 [info] Sync done. Took 164ms
2023-06-19 00:38:10.430 [info] Auto Sync: Triggered by Activity
2023-06-19 00:38:10.431 [info] Sync started.
2023-06-19 00:38:10.509 [info] Settings: No changes found during synchronizing settings.
2023-06-19 00:38:10.521 [info] Keybindings: No changes found during synchronizing keybindings.
2023-06-19 00:38:10.534 [info] Snippets: No changes found during synchronizing snippets.
2023-06-19 00:38:10.544 [info] Tasks: No changes found during synchronizing tasks.
2023-06-19 00:38:10.556 [info] GlobalState: No changes found during synchronizing ui state.
2023-06-19 00:38:10.625 [info] Extensions: No changes found during synchronizing extensions.
2023-06-19 00:38:10.627 [info] Profiles: No changes found during synchronizing profiles.
2023-06-19 00:38:10.629 [info] Sync done. Took 199ms
2023-06-19 00:39:47.691 [info] Auto Sync: Triggered by Activity
2023-06-19 00:39:47.692 [info] Sync started.
2023-06-19 00:39:47.778 [info] Settings: No changes found during synchronizing settings.
2023-06-19 00:39:47.790 [info] Keybindings: No changes found during synchronizing keybindings.
2023-06-19 00:39:47.803 [info] Snippets: No changes found during synchronizing snippets.
2023-06-19 00:39:47.815 [info] Tasks: No changes found during synchronizing tasks.
2023-06-19 00:39:47.831 [info] GlobalState: No changes found during synchronizing ui state.
2023-06-19 00:39:47.900 [info] Extensions: No changes found during synchronizing extensions.
2023-06-19 00:39:47.902 [info] Profiles: No changes found during synchronizing profiles.
2023-06-19 00:39:47.904 [info] Sync done. Took 213ms
2023-06-19 00:40:10.566 [info] Auto Sync: Triggered by Activity
2023-06-19 00:40:10.567 [info] Sync started.
2023-06-19 00:40:10.642 [info] Settings: No changes found during synchronizing settings.
2023-06-19 00:40:10.654 [info] Keybindings: No changes found during synchronizing keybindings.
2023-06-19 00:40:10.668 [info] Snippets: No changes found during synchronizing snippets.
2023-06-19 00:40:10.677 [info] Tasks: No changes found during synchronizing tasks.
2023-06-19 00:40:10.691 [info] GlobalState: No changes found during synchronizing ui state.
2023-06-19 00:40:10.749 [info] Extensions: No changes found during synchronizing extensions.
2023-06-19 00:40:10.751 [info] Profiles: No changes found during synchronizing profiles.
2023-06-19 00:40:10.753 [info] Sync done. Took 187ms
2023-06-19 00:42:46.686 [info] Auto Sync: Triggered by Activity
2023-06-19 00:42:46.687 [info] Sync started.
2023-06-19 00:42:46.890 [info] Settings: No changes found during synchronizing settings.
2023-06-19 00:42:46.901 [info] Keybindings: No changes found during synchronizing keybindings.
2023-06-19 00:42:46.909 [info] Snippets: No changes found during synchronizing snippets.
2023-06-19 00:42:46.912 [info] Tasks: No changes found during synchronizing tasks.
2023-06-19 00:42:46.917 [info] GlobalState: No changes found during synchronizing ui state.
2023-06-19 00:42:46.970 [info] Extensions: No changes found during synchronizing extensions.
2023-06-19 00:42:46.972 [info] Profiles: No changes found during synchronizing profiles.
2023-06-19 00:42:46.973 [info] Sync done. Took 287ms
2023-06-19 00:43:07.028 [info] Auto Sync: Triggered by Activity
2023-06-19 00:43:07.028 [info] Sync started.
2023-06-19 00:43:07.109 [info] Settings: No changes found during synchronizing settings.
2023-06-19 00:43:07.121 [info] Keybindings: No changes found during synchronizing keybindings.
2023-06-19 00:43:07.136 [info] Snippets: No changes found during synchronizing snippets.
2023-06-19 00:43:07.146 [info] Tasks: No changes found during synchronizing tasks.
2023-06-19 00:43:07.160 [info] GlobalState: No changes found during synchronizing ui state.
2023-06-19 00:43:07.255 [info] Extensions: No changes found during synchronizing extensions.
2023-06-19 00:43:07.257 [info] Profiles: No changes found during synchronizing profiles.
2023-06-19 00:43:07.258 [info] Sync done. Took 231ms
2023-06-19 00:44:05.483 [info] Auto Sync: Triggered by Activity
2023-06-19 00:44:05.483 [info] Sync started.
2023-06-19 00:44:05.577 [info] Settings: No changes found during synchronizing settings.
2023-06-19 00:44:05.589 [info] Keybindings: No changes found during synchronizing keybindings.
2023-06-19 00:44:05.602 [info] Snippets: No changes found during synchronizing snippets.
2023-06-19 00:44:05.612 [info] Tasks: No changes found during synchronizing tasks.
2023-06-19 00:44:05.627 [info] GlobalState: No changes found during synchronizing ui state.
2023-06-19 00:44:05.699 [info] Extensions: No changes found during synchronizing extensions.
2023-06-19 00:44:05.701 [info] Profiles: No changes found during synchronizing profiles.
2023-06-19 00:44:05.702 [info] Sync done. Took 220ms
2023-06-19 00:45:26.084 [info] Auto Sync: Triggered by Activity
2023-06-19 00:45:26.084 [info] Sync started.
2023-06-19 00:45:26.163 [info] Settings: No changes found during synchronizing settings.
2023-06-19 00:45:26.175 [info] Keybindings: No changes found during synchronizing keybindings.
2023-06-19 00:45:26.185 [info] Snippets: No changes found during synchronizing snippets.
2023-06-19 00:45:26.192 [info] Tasks: No changes found during synchronizing tasks.
2023-06-19 00:45:26.200 [info] GlobalState: No changes found during synchronizing ui state.
2023-06-19 00:45:26.262 [info] Extensions: No changes found during synchronizing extensions.
2023-06-19 00:45:26.264 [info] Profiles: No changes found during synchronizing profiles.
2023-06-19 00:45:26.265 [info] Sync done. Took 181ms
2023-06-19 00:45:54.490 [info] Auto Sync: Triggered by Activity
2023-06-19 00:45:54.490 [info] Sync started.
2023-06-19 00:45:54.565 [info] Settings: No changes found during synchronizing settings.
2023-06-19 00:45:54.577 [info] Keybindings: No changes found during synchronizing keybindings.
2023-06-19 00:45:54.590 [info] Snippets: No changes found during synchronizing snippets.
2023-06-19 00:45:54.601 [info] Tasks: No changes found during synchronizing tasks.
2023-06-19 00:45:54.616 [info] GlobalState: No changes found during synchronizing ui state.
2023-06-19 00:45:54.681 [info] Extensions: No changes found during synchronizing extensions.
2023-06-19 00:45:54.682 [info] Profiles: No changes found during synchronizing profiles.
2023-06-19 00:45:54.684 [info] Sync done. Took 195ms
2023-06-19 00:47:28.169 [info] Auto Sync: Triggered by Activity
2023-06-19 00:47:28.170 [info] Sync started.
2023-06-19 00:47:28.249 [info] Settings: No changes found during synchronizing settings.
2023-06-19 00:47:28.262 [info] Keybindings: No changes found during synchronizing keybindings.
2023-06-19 00:47:28.272 [info] Snippets: No changes found during synchronizing snippets.
2023-06-19 00:47:28.276 [info] Tasks: No changes found during synchronizing tasks.
2023-06-19 00:47:28.282 [info] GlobalState: No changes found during synchronizing ui state.
2023-06-19 00:47:28.337 [info] Extensions: No changes found during synchronizing extensions.
2023-06-19 00:47:28.340 [info] Profiles: No changes found during synchronizing profiles.
2023-06-19 00:47:28.342 [info] Sync done. Took 173ms
2023-06-19 00:48:55.015 [info] Auto Sync: Triggered by Activity
2023-06-19 00:48:55.016 [info] Sync started.
2023-06-19 00:48:55.122 [info] Settings: No changes found during synchronizing settings.
2023-06-19 00:48:55.128 [info] Keybindings: No changes found during synchronizing keybindings.
2023-06-19 00:48:55.134 [info] Snippets: No changes found during synchronizing snippets.
2023-06-19 00:48:55.137 [info] Tasks: No changes found during synchronizing tasks.
2023-06-19 00:48:55.143 [info] GlobalState: No changes found during synchronizing ui state.
2023-06-19 00:48:55.186 [info] Extensions: No changes found during synchronizing extensions.
2023-06-19 00:48:55.188 [info] Profiles: No changes found during synchronizing profiles.
2023-06-19 00:48:55.189 [info] Sync done. Took 175ms
