2023-07-22 16:49:53.497 [info] Reading sessions from secret storage...
2023-07-22 16:50:03.111 [info] Got 1 stored sessions
2023-07-22 16:50:03.111 [info] Refreshing token for scopes: email offline_access openid profile
2023-07-22 16:50:03.843 [info] Setting token for scopes: email offline_access openid profile
2023-07-22 16:50:03.843 [info] Token refresh success for scopes: email offline_access openid profile
2023-07-22 16:50:03.844 [info] Stored token for scopes: email offline_access openid profile
2023-07-22 16:50:03.847 [info] Getting sessions for all scopes...
2023-07-22 16:50:03.847 [info] Got 1 sessions for all scopes...
2023-07-22 16:50:03.848 [info] Getting sessions for the following scopes: email offline_access openid profile
2023-07-22 16:50:03.848 [info] Got 1 sessions for scopes: email offline_access openid profile
2023-07-22 16:50:03.848 [info] Token available from cache (for scopes email offline_access openid profile), expires in 4683995 milliseconds
2023-07-22 16:52:59.872 [info] Reading sessions from secret storage...
2023-07-22 16:52:59.879 [info] Got 1 stored sessions
2023-07-22 16:52:59.879 [info] Refreshing token for scopes: email offline_access openid profile
2023-07-22 16:53:00.421 [info] Setting token for scopes: email offline_access openid profile
2023-07-22 16:53:00.421 [info] Token refresh success for scopes: email offline_access openid profile
2023-07-22 16:53:00.421 [info] Stored token for scopes: email offline_access openid profile
2023-07-22 16:53:00.424 [info] Getting sessions for all scopes...
2023-07-22 16:53:00.424 [info] Got 1 sessions for all scopes...
2023-07-22 16:53:00.425 [info] Getting sessions for the following scopes: email offline_access openid profile
2023-07-22 16:53:00.425 [info] Got 1 sessions for scopes: email offline_access openid profile
2023-07-22 16:53:00.426 [info] Token available from cache (for scopes email offline_access openid profile), expires in 3985996 milliseconds
