2023-04-20 00:26:23.171 [info] Log level: Info
2023-04-20 00:26:23.171 [info] Validating found git in: "git"
2023-04-20 00:26:23.171 [info] Using git "2.34.1" from "git"
2023-04-20 00:26:23.171 [info] > git rev-parse --show-toplevel [2ms]
2023-04-20 00:26:23.171 [info] > git rev-parse --git-dir --git-common-dir [1ms]
2023-04-20 00:26:23.171 [info] Open repository: /home/codedenma/personal/adv360-config
2023-04-20 00:26:23.171 [info] > git rev-parse --show-toplevel [3ms]
2023-04-20 00:26:23.171 [info] > git rev-parse --show-toplevel [4ms]
2023-04-20 00:26:23.171 [info] > git config --get commit.template [8ms]
2023-04-20 00:26:23.171 [info] > git rev-parse --show-toplevel [9ms]
2023-04-20 00:26:23.171 [info] > git rev-parse --show-toplevel [7ms]
2023-04-20 00:26:23.171 [info] > git rev-parse --show-toplevel [6ms]
2023-04-20 00:26:23.171 [info] > git for-each-ref --format=%(refname)%00%(upstream:short)%00%(objectname)%00%(upstream:track)%00%(upstream:remotename)%00%(upstream:remoteref) refs/heads/V2.0 refs/remotes/V2.0 [11ms]
2023-04-20 00:26:23.171 [info] > git status -z -uall [5ms]
2023-04-20 00:26:23.176 [info] > git rev-parse --show-toplevel [14ms]
2023-04-20 00:26:23.186 [info] > git rev-parse --show-toplevel [7ms]
2023-04-20 00:26:23.191 [info] > git rev-parse --show-toplevel [2ms]
2023-04-20 00:26:23.194 [info] > git config --get commit.template [8ms]
2023-04-20 00:26:23.199 [info] > git rev-parse --show-toplevel [6ms]
2023-04-20 00:26:23.206 [info] > git for-each-ref --format=%(refname)%00%(upstream:short)%00%(objectname)%00%(upstream:track)%00%(upstream:remotename)%00%(upstream:remoteref) refs/heads/V2.0 refs/remotes/V2.0 [1ms]
2023-04-20 00:26:23.209 [info] > git rev-parse --show-toplevel [8ms]
2023-04-20 00:26:23.211 [info] > git status -z -uall [2ms]
2023-04-20 00:26:23.661 [info] > git check-ignore -v -z --stdin [1ms]
2023-04-20 00:26:23.693 [info] > git show --textconv :config/adv360.keymap [4ms]
2023-04-20 00:26:23.694 [info] > git ls-files --stage -- /home/codedenma/personal/adv360-config/config/adv360.keymap [1ms]
2023-04-20 00:26:23.699 [info] > git cat-file -s bff9b0ce315ec279b46ee48b7c16239591a12987 [0ms]
2023-04-20 00:27:46.312 [info] > git config --get commit.template [4ms]
2023-04-20 00:27:46.312 [info] > git for-each-ref --format=%(refname)%00%(upstream:short)%00%(objectname)%00%(upstream:track)%00%(upstream:remotename)%00%(upstream:remoteref) refs/heads/V2.0 refs/remotes/V2.0 [1ms]
2023-04-20 00:27:46.317 [info] > git status -z -uall [2ms]
2023-04-20 00:27:46.409 [info] > git ls-files --stage -- /home/codedenma/personal/adv360-config/config/adv360.keymap [1ms]
2023-04-20 00:27:46.412 [info] > git cat-file -s bff9b0ce315ec279b46ee48b7c16239591a12987 [1ms]
2023-04-20 00:27:46.417 [info] > git show --textconv :config/adv360.keymap [0ms]
2023-04-20 00:28:11.992 [info] > git for-each-ref --format=%(refname)%00%(upstream:short)%00%(objectname)%00%(upstream:track)%00%(upstream:remotename)%00%(upstream:remoteref) refs/heads/V2.0 refs/remotes/V2.0 [1ms]
2023-04-20 00:28:11.998 [info] > git status -z -uall [1ms]
2023-04-20 00:28:12.090 [info] > git ls-files --stage -- /home/codedenma/personal/adv360-config/config/adv360.keymap [1ms]
2023-04-20 00:28:12.094 [info] > git cat-file -s de6ba2a3ae5b9e7bc04858ae6e1f0c9cddea847f [1ms]
2023-04-20 00:28:12.114 [info] > git show --textconv :config/adv360.keymap [15ms]
2023-04-20 00:28:15.561 [info] > git ls-files --stage -- /home/codedenma/personal/adv360-config/config/adv360.keymap [0ms]
2023-04-20 00:28:15.564 [info] > git cat-file -s de6ba2a3ae5b9e7bc04858ae6e1f0c9cddea847f [1ms]
2023-04-20 00:28:15.568 [info] > git show --textconv :config/adv360.keymap [1ms]
2023-04-20 00:28:17.011 [info] > git for-each-ref --format=%(refname)%00%(upstream:short)%00%(objectname)%00%(upstream:track)%00%(upstream:remotename)%00%(upstream:remoteref) refs/heads/V2.0 refs/remotes/V2.0 [1ms]
2023-04-20 00:28:17.015 [info] > git status -z -uall [2ms]
2023-04-20 00:28:49.089 [info] > git config --get commit.template [3ms]
2023-04-20 00:28:49.089 [info] > git for-each-ref --format=%(refname)%00%(upstream:short)%00%(objectname)%00%(upstream:track)%00%(upstream:remotename)%00%(upstream:remoteref) refs/heads/V2.0 refs/remotes/V2.0 [1ms]
2023-04-20 00:28:49.093 [info] > git status -z -uall [2ms]
2023-04-20 00:28:49.186 [info] > git ls-files --stage -- /home/codedenma/personal/adv360-config/config/adv360.keymap [2ms]
2023-04-20 00:28:49.194 [info] > git cat-file -s de6ba2a3ae5b9e7bc04858ae6e1f0c9cddea847f [2ms]
2023-04-20 00:28:49.202 [info] > git show --textconv :config/adv360.keymap [1ms]
2023-04-20 00:29:14.827 [info] > git config --get commit.template [5ms]
2023-04-20 00:29:14.828 [info] > git for-each-ref --format=%(refname)%00%(upstream:short)%00%(objectname)%00%(upstream:track)%00%(upstream:remotename)%00%(upstream:remoteref) refs/heads/V2.0 refs/remotes/V2.0 [1ms]
2023-04-20 00:29:14.836 [info] > git status -z -uall [3ms]
2023-04-20 00:29:14.920 [info] > git ls-files --stage -- /home/codedenma/personal/adv360-config/config/adv360.keymap [0ms]
2023-04-20 00:29:14.924 [info] > git cat-file -s de6ba2a3ae5b9e7bc04858ae6e1f0c9cddea847f [1ms]
2023-04-20 00:29:14.929 [info] > git show --textconv :config/adv360.keymap [1ms]
2023-04-20 00:29:26.647 [info] > git show --textconv :config/keymap.json [17ms]
2023-04-20 00:29:26.651 [info] > git ls-files --stage -- /home/codedenma/personal/adv360-config/config/keymap.json [6ms]
2023-04-20 00:29:26.661 [info] > git cat-file -s 55d86ba2bdd7c665eddaf3d135f6d3de749fc35b [3ms]
2023-04-20 00:29:54.503 [info] > git show --textconv :config/adv360.keymap [5ms]
2023-04-20 00:29:54.504 [info] > git ls-files --stage -- /home/codedenma/personal/adv360-config/config/adv360.keymap [2ms]
2023-04-20 00:29:54.509 [info] > git cat-file -s de6ba2a3ae5b9e7bc04858ae6e1f0c9cddea847f [0ms]
2023-04-20 00:30:05.031 [info] > git show --textconv :config/keymap.json [5ms]
2023-04-20 00:30:05.032 [info] > git ls-files --stage -- /home/codedenma/personal/adv360-config/config/keymap.json [1ms]
2023-04-20 00:30:05.035 [info] > git cat-file -s 55d86ba2bdd7c665eddaf3d135f6d3de749fc35b [0ms]
2023-04-20 00:30:10.626 [info] > git show --textconv :config/adv360.keymap [4ms]
2023-04-20 00:30:10.626 [info] > git ls-files --stage -- /home/codedenma/personal/adv360-config/config/adv360.keymap [1ms]
2023-04-20 00:30:10.629 [info] > git cat-file -s de6ba2a3ae5b9e7bc04858ae6e1f0c9cddea847f [1ms]
2023-04-20 00:30:12.735 [info] > git show --textconv :config/keymap.json [12ms]
2023-04-20 00:30:12.737 [info] > git ls-files --stage -- /home/codedenma/personal/adv360-config/config/keymap.json [3ms]
2023-04-20 00:30:12.743 [info] > git cat-file -s 55d86ba2bdd7c665eddaf3d135f6d3de749fc35b [1ms]
2023-04-20 00:30:24.500 [info] > git show --textconv :config/adv360.keymap [6ms]
2023-04-20 00:30:24.501 [info] > git ls-files --stage -- /home/codedenma/personal/adv360-config/config/adv360.keymap [2ms]
2023-04-20 00:30:24.507 [info] > git cat-file -s de6ba2a3ae5b9e7bc04858ae6e1f0c9cddea847f [1ms]
2023-04-20 00:30:30.470 [info] > git show --textconv :README.md [31ms]
2023-04-20 00:30:30.471 [info] > git ls-files --stage -- /home/codedenma/personal/adv360-config/README.md [29ms]
2023-04-20 00:30:30.507 [info] > git cat-file -s f284f9e87c871d75f7bd26a831ecdfee9b40ff44 [32ms]
2023-04-20 00:30:42.478 [info] > git show --textconv :config/keymap.json [7ms]
2023-04-20 00:30:42.479 [info] > git ls-files --stage -- /home/codedenma/personal/adv360-config/config/keymap.json [1ms]
2023-04-20 00:30:42.483 [info] > git cat-file -s 55d86ba2bdd7c665eddaf3d135f6d3de749fc35b [1ms]
2023-04-20 00:30:46.116 [info] > git show --textconv :config/adv360.keymap [16ms]
2023-04-20 00:30:46.118 [info] > git ls-files --stage -- /home/codedenma/personal/adv360-config/config/adv360.keymap [3ms]
2023-04-20 00:30:46.126 [info] > git cat-file -s de6ba2a3ae5b9e7bc04858ae6e1f0c9cddea847f [2ms]
2023-04-20 00:30:48.699 [info] > git show --textconv :config/keymap.json [6ms]
2023-04-20 00:30:48.700 [info] > git ls-files --stage -- /home/codedenma/personal/adv360-config/config/keymap.json [1ms]
2023-04-20 00:30:48.704 [info] > git cat-file -s 55d86ba2bdd7c665eddaf3d135f6d3de749fc35b [1ms]
2023-04-20 00:32:27.804 [info] > git show --textconv :config/adv360.keymap [4ms]
2023-04-20 00:32:27.805 [info] > git ls-files --stage -- /home/codedenma/personal/adv360-config/config/adv360.keymap [1ms]
2023-04-20 00:32:27.809 [info] > git cat-file -s de6ba2a3ae5b9e7bc04858ae6e1f0c9cddea847f [1ms]
2023-04-20 00:36:34.767 [info] > git config --get commit.template [3ms]
2023-04-20 00:36:34.767 [info] > git for-each-ref --format=%(refname)%00%(upstream:short)%00%(objectname)%00%(upstream:track)%00%(upstream:remotename)%00%(upstream:remoteref) refs/heads/V2.0 refs/remotes/V2.0 [1ms]
2023-04-20 00:36:34.771 [info] > git status -z -uall [2ms]
2023-04-20 00:36:52.469 [info] > git config --get commit.template [3ms]
2023-04-20 00:36:52.469 [info] > git for-each-ref --format=%(refname)%00%(upstream:short)%00%(objectname)%00%(upstream:track)%00%(upstream:remotename)%00%(upstream:remoteref) refs/heads/V2.0 refs/remotes/V2.0 [1ms]
2023-04-20 00:36:52.473 [info] > git status -z -uall [1ms]
2023-04-20 00:38:37.641 [info] > git config --get commit.template [5ms]
2023-04-20 00:38:37.641 [info] > git for-each-ref --format=%(refname)%00%(upstream:short)%00%(objectname)%00%(upstream:track)%00%(upstream:remotename)%00%(upstream:remoteref) refs/heads/V2.0 refs/remotes/V2.0 [1ms]
2023-04-20 00:38:37.647 [info] > git status -z -uall [2ms]
2023-04-20 00:39:25.571 [info] > git add -A -- . [3ms]
2023-04-20 00:39:25.579 [info] > git -c user.useConfigOnly=true commit --quiet --allow-empty-message --file - [3ms]
2023-04-20 00:39:25.579 [info] Author identity unknown

*** Please tell me who you are.

Run

  git config --global user.email "you@example.com"
  git config --global user.name "Your Name"

to set your account's default identity.
Omit --global to set the identity only in this repository.

fatal: no name was given and auto-detection is disabled
2023-04-20 00:39:25.583 [info] > git config --get-all user.name [0ms]
2023-04-20 00:39:25.588 [info] > git config --get commit.template [1ms]
2023-04-20 00:39:25.593 [info] > git for-each-ref --format=%(refname)%00%(upstream:short)%00%(objectname)%00%(upstream:track)%00%(upstream:remotename)%00%(upstream:remoteref) refs/heads/V2.0 refs/remotes/V2.0 [1ms]
2023-04-20 00:39:25.598 [info] > git status -z -uall [1ms]
2023-04-20 00:39:35.993 [info] > git config --get commit.template [4ms]
2023-04-20 00:39:35.996 [info] > git ls-files --stage -- /home/codedenma/personal/adv360-config/config/adv360.keymap [3ms]
2023-04-20 00:39:35.999 [info] > git for-each-ref --format=%(refname)%00%(upstream:short)%00%(objectname)%00%(upstream:track)%00%(upstream:remotename)%00%(upstream:remoteref) refs/heads/V2.0 refs/remotes/V2.0 [3ms]
2023-04-20 00:39:36.002 [info] > git cat-file -s 9e31a58ad94b33caddacb76bacd12c45ba45f593 [3ms]
2023-04-20 00:39:36.004 [info] > git status -z -uall [2ms]
2023-04-20 00:39:36.009 [info] > git show --textconv :config/adv360.keymap [1ms]
2023-04-20 00:39:49.692 [info] > git config --get commit.template [3ms]
2023-04-20 00:39:49.693 [info] > git for-each-ref --format=%(refname)%00%(upstream:short)%00%(objectname)%00%(upstream:track)%00%(upstream:remotename)%00%(upstream:remoteref) refs/heads/V2.0 refs/remotes/V2.0 [1ms]
2023-04-20 00:39:49.698 [info] > git status -z -uall [1ms]
2023-04-20 00:39:49.785 [info] > git ls-files --stage -- /home/codedenma/personal/adv360-config/config/adv360.keymap [1ms]
2023-04-20 00:39:49.789 [info] > git cat-file -s 9e31a58ad94b33caddacb76bacd12c45ba45f593 [0ms]
2023-04-20 00:39:49.793 [info] > git show --textconv :config/adv360.keymap [1ms]
2023-04-20 00:39:53.347 [info] > git ls-files --stage -- /home/codedenma/personal/adv360-config/config/adv360.keymap [1ms]
2023-04-20 00:39:53.350 [info] > git cat-file -s 9e31a58ad94b33caddacb76bacd12c45ba45f593 [1ms]
2023-04-20 00:39:53.354 [info] > git show --textconv :config/adv360.keymap [1ms]
2023-04-20 00:39:54.710 [info] > git config --get commit.template [3ms]
2023-04-20 00:39:54.711 [info] > git for-each-ref --format=%(refname)%00%(upstream:short)%00%(objectname)%00%(upstream:track)%00%(upstream:remotename)%00%(upstream:remoteref) refs/heads/V2.0 refs/remotes/V2.0 [1ms]
2023-04-20 00:39:54.716 [info] > git status -z -uall [2ms]
