2023-05-01 14:33:42.617 [info] Reading sessions from secret storage...
2023-05-01 14:33:42.620 [info] Got 1 stored sessions
2023-05-01 14:33:42.620 [info] Refreshing token for scopes: email offline_access openid profile
2023-05-01 14:33:43.123 [info] Setting token for scopes: email offline_access openid profile
2023-05-01 14:33:43.123 [info] Token refresh success for scopes: email offline_access openid profile
2023-05-01 14:33:43.124 [info] Stored token for scopes: email offline_access openid profile
2023-05-01 14:33:43.135 [info] Getting sessions for all scopes...
2023-05-01 14:33:43.135 [info] Got 1 sessions for all scopes...
2023-05-01 14:33:43.137 [info] Getting sessions for the following scopes: email offline_access openid profile
2023-05-01 14:33:43.137 [info] Got 1 sessions for scopes: email offline_access openid profile
2023-05-01 14:33:43.137 [info] Token available from cache (for scopes email offline_access openid profile), expires in 4357986 milliseconds
2023-05-01 14:33:57.687 [info] Reading sessions from secret storage...
2023-05-01 14:33:57.691 [info] Got 1 stored sessions
2023-05-01 14:33:57.691 [info] Refreshing token for scopes: email offline_access openid profile
2023-05-01 14:33:58.331 [info] Setting token for scopes: email offline_access openid profile
2023-05-01 14:33:58.332 [info] Token refresh success for scopes: email offline_access openid profile
2023-05-01 14:33:58.332 [info] Stored token for scopes: email offline_access openid profile
2023-05-01 14:33:58.338 [info] Getting sessions for all scopes...
2023-05-01 14:33:58.338 [info] Got 1 sessions for all scopes...
2023-05-01 14:33:58.340 [info] Getting sessions for the following scopes: email offline_access openid profile
2023-05-01 14:33:58.340 [info] Got 1 sessions for scopes: email offline_access openid profile
2023-05-01 14:33:58.340 [info] Token available from cache (for scopes email offline_access openid profile), expires in 4454990 milliseconds
