2023-07-23 02:47:20.251 [info] Log level: Info
2023-07-23 02:47:20.251 [info] Validating found git in: "git"
2023-07-23 02:47:20.251 [info] Using git "2.34.1" from "git"
2023-07-23 02:47:20.251 [info] > git rev-parse --show-toplevel [3ms]
2023-07-23 02:47:20.251 [info] fatal: not a git repository (or any of the parent directories): .git
2023-07-23 02:47:20.251 [info] > git rev-parse --show-toplevel [1ms]
2023-07-23 02:47:20.251 [info] fatal: not a git repository (or any of the parent directories): .git
2023-07-23 02:47:20.251 [info] > git rev-parse --show-toplevel [0ms]
2023-07-23 02:47:20.251 [info] fatal: not a git repository (or any of the parent directories): .git
2023-07-23 02:47:20.251 [info] > git rev-parse --show-toplevel [1ms]
2023-07-23 02:47:20.251 [info] fatal: not a git repository (or any of the parent directories): .git
2023-07-23 02:47:20.251 [info] > git rev-parse --show-toplevel [3ms]
2023-07-23 02:47:20.251 [info] fatal: not a git repository (or any of the parent directories): .git
2023-07-23 02:47:20.452 [info] > git rev-parse --show-toplevel [6ms]
2023-07-23 02:47:20.452 [info] fatal: not a git repository (or any of the parent directories): .git
2023-07-23 02:47:34.270 [info] > git rev-parse --show-toplevel [4ms]
2023-07-23 02:47:34.270 [info] fatal: not a git repository (or any of the parent directories): .git
2023-07-23 02:48:05.814 [info] > git rev-parse --show-toplevel [1ms]
2023-07-23 02:48:05.814 [info] fatal: not a git repository (or any of the parent directories): .git
2023-07-23 02:50:59.946 [info] > git rev-parse --show-toplevel [1ms]
2023-07-23 02:50:59.946 [info] fatal: not a git repository (or any of the parent directories): .git
2023-07-23 02:52:15.014 [info] > git rev-parse --show-toplevel [1ms]
2023-07-23 02:52:15.014 [info] fatal: not a git repository (or any of the parent directories): .git
2023-07-23 02:54:12.634 [info] > git rev-parse --show-toplevel [2ms]
2023-07-23 02:54:12.634 [info] fatal: not a git repository (or any of the parent directories): .git
2023-07-23 02:54:21.610 [info] > git rev-parse --show-toplevel [1ms]
2023-07-23 02:54:21.610 [info] fatal: not a git repository (or any of the parent directories): .git
2023-07-23 02:54:24.846 [info] > git rev-parse --show-toplevel [1ms]
2023-07-23 02:54:24.846 [info] fatal: not a git repository (or any of the parent directories): .git
2023-07-23 02:54:25.398 [info] > git rev-parse --show-toplevel [2ms]
2023-07-23 02:54:25.398 [info] fatal: not a git repository (or any of the parent directories): .git
2023-07-23 02:54:26.062 [info] > git rev-parse --show-toplevel [1ms]
2023-07-23 02:54:26.062 [info] fatal: not a git repository (or any of the parent directories): .git
2023-07-23 02:54:28.372 [info] > git rev-parse --show-toplevel [1ms]
2023-07-23 02:54:28.372 [info] fatal: not a git repository (or any of the parent directories): .git
2023-07-23 03:04:34.110 [info] > git rev-parse --show-toplevel [1ms]
2023-07-23 03:04:34.115 [info] > git rev-parse --git-dir --git-common-dir [1ms]
2023-07-23 03:04:34.118 [info] Open repository: /home/codedenma/.config/tmux/plugins/tpm
2023-07-23 03:04:34.123 [info] > git config --get commit.template [1ms]
2023-07-23 03:04:34.130 [info] > git for-each-ref --format=%(refname)%00%(upstream:short)%00%(objectname)%00%(upstream:track)%00%(upstream:remotename)%00%(upstream:remoteref) refs/heads/master refs/remotes/master [3ms]
2023-07-23 03:04:34.142 [info] > git status -z -uall [9ms]
2023-07-23 03:04:34.149 [info] > git config --get commit.template [1ms]
2023-07-23 03:04:34.154 [info] > git for-each-ref --format=%(refname)%00%(upstream:short)%00%(objectname)%00%(upstream:track)%00%(upstream:remotename)%00%(upstream:remoteref) refs/heads/master refs/remotes/master [1ms]
2023-07-23 03:04:34.161 [info] > git status -z -uall [4ms]
2023-07-23 03:04:34.437 [info] > git show --textconv :tpm [8ms]
2023-07-23 03:04:34.439 [info] > git ls-files --stage -- /home/codedenma/.config/tmux/plugins/tpm/tpm [2ms]
2023-07-23 03:04:34.445 [info] > git cat-file -s 7ad4b996b67622b4c24acb97596a6a65e255ef24 [1ms]
2023-07-23 03:04:34.683 [info] > git rev-parse --show-toplevel [9ms]
2023-07-23 03:04:34.688 [info] > git check-ignore -v -z --stdin [6ms]
2023-07-23 03:04:34.690 [info] > git rev-parse --git-dir --git-common-dir [1ms]
2023-07-23 03:04:34.693 [info] Open repository: /home/codedenma/.config/tmux/plugins/tpm/lib/tmux-test
2023-07-23 03:04:34.699 [info] > git config --get commit.template [1ms]
2023-07-23 03:04:34.713 [info] > git for-each-ref --format %(refname) %(objectname) %(*objectname) refs/tags [10ms]
2023-07-23 03:04:34.717 [info] > git status -z -uall [1ms]
2023-07-23 03:04:34.723 [info] > git config --get commit.template [1ms]
2023-07-23 03:04:34.727 [info] > git for-each-ref --format %(refname) %(objectname) %(*objectname) refs/tags [1ms]
2023-07-23 03:04:34.730 [info] > git status -z -uall [1ms]
2023-07-23 03:04:35.211 [info] > git check-ignore -v -z --stdin [2ms]
2023-07-23 03:06:00.166 [info] > git rev-parse --show-toplevel [1ms]
2023-07-23 03:06:00.166 [info] fatal: not a git repository (or any of the parent directories): .git
2023-07-23 03:11:42.834 [info] > git rev-parse --show-toplevel [2ms]
2023-07-23 03:11:42.834 [info] fatal: not a git repository (or any of the parent directories): .git
2023-07-23 03:17:59.690 [info] > git rev-parse --show-toplevel [2ms]
2023-07-23 03:17:59.690 [info] fatal: not a git repository (or any of the parent directories): .git
2023-07-23 03:18:00.634 [info] > git rev-parse --show-toplevel [2ms]
2023-07-23 03:18:00.634 [info] fatal: not a git repository (or any of the parent directories): .git
2023-07-23 03:18:03.387 [info] > git rev-parse --show-toplevel [2ms]
2023-07-23 03:18:03.387 [info] fatal: not a git repository (or any of the parent directories): .git
2023-07-23 03:18:04.055 [info] > git rev-parse --show-toplevel [1ms]
2023-07-23 03:18:04.055 [info] fatal: not a git repository (or any of the parent directories): .git
2023-07-23 03:18:11.487 [info] > git rev-parse --show-toplevel [1ms]
2023-07-23 03:18:11.487 [info] fatal: not a git repository (or any of the parent directories): .git
2023-07-23 03:19:49.985 [info] > git rev-parse --show-toplevel [1ms]
2023-07-23 03:19:49.985 [info] fatal: not a git repository (or any of the parent directories): .git
2023-07-23 03:19:56.592 [info] > git rev-parse --show-toplevel [1ms]
2023-07-23 03:19:56.592 [info] fatal: not a git repository (or any of the parent directories): .git
2023-07-23 03:19:58.161 [info] > git rev-parse --show-toplevel [1ms]
2023-07-23 03:19:58.161 [info] fatal: not a git repository (or any of the parent directories): .git
2023-07-23 03:19:58.828 [info] > git rev-parse --show-toplevel [2ms]
2023-07-23 03:19:58.828 [info] fatal: not a git repository (or any of the parent directories): .git
2023-07-23 03:20:00.429 [info] > git rev-parse --show-toplevel [1ms]
2023-07-23 03:20:00.429 [info] fatal: not a git repository (or any of the parent directories): .git
2023-07-23 03:20:03.236 [info] > git rev-parse --show-toplevel [1ms]
2023-07-23 03:20:03.236 [info] fatal: not a git repository (or any of the parent directories): .git
2023-07-23 03:20:04.854 [info] > git rev-parse --show-toplevel [1ms]
2023-07-23 03:20:04.854 [info] fatal: not a git repository (or any of the parent directories): .git
2023-07-23 03:20:13.238 [info] > git rev-parse --show-toplevel [1ms]
2023-07-23 03:20:13.238 [info] fatal: not a git repository (or any of the parent directories): .git
2023-07-23 03:20:13.883 [info] > git rev-parse --show-toplevel [1ms]
2023-07-23 03:20:13.883 [info] fatal: not a git repository (or any of the parent directories): .git
2023-07-23 03:20:15.013 [info] > git rev-parse --show-toplevel [2ms]
2023-07-23 03:20:15.013 [info] fatal: not a git repository (or any of the parent directories): .git
2023-07-23 03:20:15.666 [info] > git rev-parse --show-toplevel [2ms]
2023-07-23 03:20:15.666 [info] fatal: not a git repository (or any of the parent directories): .git
2023-07-23 03:20:17.925 [info] > git rev-parse --show-toplevel [1ms]
2023-07-23 03:20:17.925 [info] fatal: not a git repository (or any of the parent directories): .git
2023-07-23 03:20:18.866 [info] > git rev-parse --show-toplevel [1ms]
2023-07-23 03:20:18.866 [info] fatal: not a git repository (or any of the parent directories): .git
2023-07-23 03:20:19.973 [info] > git rev-parse --show-toplevel [2ms]
2023-07-23 03:20:19.973 [info] fatal: not a git repository (or any of the parent directories): .git
2023-07-23 03:20:20.871 [info] > git rev-parse --show-toplevel [1ms]
2023-07-23 03:20:20.871 [info] fatal: not a git repository (or any of the parent directories): .git
2023-07-23 03:20:21.270 [info] > git rev-parse --show-toplevel [2ms]
2023-07-23 03:20:21.270 [info] fatal: not a git repository (or any of the parent directories): .git
2023-07-23 03:20:21.673 [info] > git rev-parse --show-toplevel [3ms]
2023-07-23 03:20:21.673 [info] fatal: not a git repository (or any of the parent directories): .git
2023-07-23 03:20:22.036 [info] > git rev-parse --show-toplevel [2ms]
2023-07-23 03:20:22.036 [info] fatal: not a git repository (or any of the parent directories): .git
2023-07-23 03:20:22.576 [info] > git rev-parse --show-toplevel [1ms]
2023-07-23 03:20:22.577 [info] fatal: not a git repository (or any of the parent directories): .git
2023-07-23 03:20:22.949 [info] > git rev-parse --show-toplevel [1ms]
2023-07-23 03:20:22.949 [info] fatal: not a git repository (or any of the parent directories): .git
2023-07-23 03:20:24.120 [info] > git rev-parse --show-toplevel [1ms]
2023-07-23 03:20:24.120 [info] fatal: not a git repository (or any of the parent directories): .git
2023-07-23 03:20:25.697 [info] > git rev-parse --show-toplevel [3ms]
2023-07-23 03:20:25.697 [info] fatal: not a git repository (or any of the parent directories): .git
2023-07-23 03:20:27.595 [info] > git rev-parse --show-toplevel [1ms]
2023-07-23 03:20:27.595 [info] fatal: not a git repository (or any of the parent directories): .git
2023-07-23 03:22:15.977 [info] > git rev-parse --show-toplevel [1ms]
2023-07-23 03:22:15.977 [info] fatal: not a git repository (or any of the parent directories): .git
2023-07-23 03:22:19.308 [info] > git rev-parse --show-toplevel [2ms]
2023-07-23 03:22:19.308 [info] fatal: not a git repository (or any of the parent directories): .git
2023-07-23 03:23:53.149 [info] > git rev-parse --show-toplevel [3ms]
2023-07-23 03:23:53.166 [info] > git rev-parse --git-dir --git-common-dir [3ms]
2023-07-23 03:23:53.178 [info] Open repository: /home/codedenma/.config/tmux/plugins/tmux-power
2023-07-23 03:23:53.194 [info] > git config --get commit.template [3ms]
2023-07-23 03:23:53.206 [info] > git for-each-ref --format=%(refname)%00%(upstream:short)%00%(objectname)%00%(upstream:track)%00%(upstream:remotename)%00%(upstream:remoteref) refs/heads/master refs/remotes/master [3ms]
2023-07-23 03:23:53.214 [info] > git status -z -uall [2ms]
2023-07-23 03:23:53.229 [info] > git config --get commit.template [5ms]
2023-07-23 03:23:53.230 [info] > git for-each-ref --format=%(refname)%00%(upstream:short)%00%(objectname)%00%(upstream:track)%00%(upstream:remotename)%00%(upstream:remoteref) refs/heads/master refs/remotes/master [2ms]
2023-07-23 03:23:53.235 [info] > git status -z -uall [1ms]
2023-07-23 03:23:53.722 [info] > git check-ignore -v -z --stdin [3ms]
2023-07-23 03:23:53.722 [info] > git check-ignore -v -z --stdin [1ms]
