{"logTime": "0812/030613", "correlationVector":"+xbOL/yhJGzR230h59d7wH.2","action":"GetUpdates", "result":"DeleteReceived", "context":{"id":"277ef9b9-53c8-4dbd-96eb-777091d4f6a1", "isDeleted:":"true", "version":"1691809452717"}}
{"logTime": "0812/030613", "correlationVector":"+xbOL/yhJGzR230h59d7wH.3","action":"GetUpdates", "result":"DeleteReceived", "context":{"id":"403c3ccb-285e-4c8c-8c2e-31953aefdd9d", "isDeleted:":"true", "version":"1691809540273"}}
{"logTime": "0812/030613", "correlationVector":"+xbOL/yhJGzR230h59d7wH.4","action":"GetUpdates", "result":"DeleteReceived", "context":{"id":"2447cc86-1a4e-4996-bd39-d93b1fb9be14", "isDeleted:":"true", "version":"1691809540275"}}
{"logTime": "0812/030613", "correlationVector":"+xbOL/yhJGzR230h59d7wH.5","action":"GetUpdates Response", "result":"SYNCER_OK", "context":Received 14 update(s). cV=+xbOL/yhJGzR230h59d7wH.0;server=GENERAL0100001C;cloudType=Consumer;environment=Prod_WestUS_000v;migrationStage=NotStarted}
{"logTime": "0812/031131", "correlationVector":"30RVPczy2S8lpHgVcOGxX7","action":"Normal GetUpdate request", "result":"", "context":cV=30RVPczy2S8lpHgVcOGxX7
Notified types: Typed URLs
Refresh requested types: Passwords}
{"logTime": "0812/031131", "correlationVector":"30RVPczy2S8lpHgVcOGxX7.1","action":"SyncServerConnectionManagerRequest", "result":"SYNC_SERVER_OK", "context":{"environment":"Prod_WestUS_000v", "migrationStage":"NotStarted", "server":"GENERAL0100001A"}}
{"logTime": "0812/031131", "correlationVector":"30RVPczy2S8lpHgVcOGxX7.2","action":"GetUpdates", "result":"DeleteReceived", "context":{"id":"a41d89ab-a629-4afc-9cdc-180205eb22bb", "isDeleted:":"true", "version":"1691809602842"}}
{"logTime": "0812/031131", "correlationVector":"30RVPczy2S8lpHgVcOGxX7.3","action":"GetUpdates Response", "result":"SYNCER_OK", "context":Received 8 update(s). cV=30RVPczy2S8lpHgVcOGxX7.0;server=GENERAL0100001A;cloudType=Consumer;environment=Prod_WestUS_000v;migrationStage=NotStarted}
{"logTime": "0812/031807", "correlationVector":"SWUX3HMMwswJP0wsgf2YGT","action":"Normal GetUpdate request", "result":"", "context":cV=SWUX3HMMwswJP0wsgf2YGT
Notified types: Typed URLs
Refresh requested types: Passwords}
{"logTime": "0812/031807", "correlationVector":"SWUX3HMMwswJP0wsgf2YGT.1","action":"SyncServerConnectionManagerRequest", "result":"SYNC_SERVER_OK", "context":{"environment":"Prod_WestUS_000v", "migrationStage":"NotStarted", "server":"GENERAL0100000D"}}
{"logTime": "0812/031807", "correlationVector":"SWUX3HMMwswJP0wsgf2YGT.2","action":"GetUpdates", "result":"DeleteReceived", "context":{"id":"373a649f-6904-4407-9b06-0c57a63d52bc", "isDeleted:":"true", "version":"1691809995781"}}
{"logTime": "0812/031807", "correlationVector":"SWUX3HMMwswJP0wsgf2YGT.3","action":"GetUpdates", "result":"DeleteReceived", "context":{"id":"6916557f-e39f-42ea-8f6f-67305dc270b4", "isDeleted:":"true", "version":"1691809995783"}}
{"logTime": "0812/031807", "correlationVector":"SWUX3HMMwswJP0wsgf2YGT.4","action":"GetUpdates", "result":"DeleteReceived", "context":{"id":"2d01a6d4-2f03-4035-beec-e19213f32cca", "isDeleted:":"true", "version":"1691809995786"}}
{"logTime": "0812/031807", "correlationVector":"SWUX3HMMwswJP0wsgf2YGT.5","action":"GetUpdates", "result":"DeleteReceived", "context":{"id":"0d88d087-b043-41c3-b1ce-fe0f7ae3364f", "isDeleted:":"true", "version":"1691809995788"}}
{"logTime": "0812/031807", "correlationVector":"SWUX3HMMwswJP0wsgf2YGT.6","action":"GetUpdates", "result":"DeleteReceived", "context":{"id":"7e2e3f93-3e91-47e8-88bf-cb96a7c63853", "isDeleted:":"true", "version":"1691810026634"}}
{"logTime": "0812/031807", "correlationVector":"SWUX3HMMwswJP0wsgf2YGT.7","action":"GetUpdates", "result":"DeleteReceived", "context":{"id":"9f8cae07-1c53-4b11-82b1-4cbff3bffcf4", "isDeleted:":"true", "version":"1691810026635"}}
{"logTime": "0812/031807", "correlationVector":"SWUX3HMMwswJP0wsgf2YGT.8","action":"GetUpdates", "result":"DeleteReceived", "context":{"id":"1d88d25a-73f2-493b-969c-e833c73a7e5b", "isDeleted:":"true", "version":"1691810026637"}}
{"logTime": "0812/031807", "correlationVector":"SWUX3HMMwswJP0wsgf2YGT.9","action":"GetUpdates", "result":"DeleteReceived", "context":{"id":"88b24b1a-0d57-43c4-8b96-3d45d5e24bf3", "isDeleted:":"true", "version":"1691810064214"}}
{"logTime": "0812/031807", "correlationVector":"SWUX3HMMwswJP0wsgf2YGT.10","action":"GetUpdates", "result":"DeleteReceived", "context":{"id":"f326e23d-8834-45e2-ad4d-4f8baef16772", "isDeleted:":"true", "version":"1691810064215"}}
{"logTime": "0812/031807", "correlationVector":"SWUX3HMMwswJP0wsgf2YGT.11","action":"GetUpdates", "result":"DeleteReceived", "context":{"id":"b84c78b4-2234-472e-8fcb-ec0921aa0a35", "isDeleted:":"true", "version":"1691810064216"}}
{"logTime": "0812/031807", "correlationVector":"SWUX3HMMwswJP0wsgf2YGT.12","action":"GetUpdates", "result":"DeleteReceived", "context":{"id":"f6823567-22f5-4c2c-ae43-1f93b504eda1", "isDeleted:":"true", "version":"1691810064217"}}
{"logTime": "0812/031807", "correlationVector":"SWUX3HMMwswJP0wsgf2YGT.13","action":"GetUpdates Response", "result":"SYNCER_OK", "context":Received 16 update(s). cV=SWUX3HMMwswJP0wsgf2YGT.0;server=GENERAL0100000D;cloudType=Consumer;environment=Prod_WestUS_000v;migrationStage=NotStarted}
{"logTime": "0812/032335", "correlationVector":"vpDmlQZkfxwlAhqGd9M7qu","action":"Normal GetUpdate request", "result":"", "context":cV=vpDmlQZkfxwlAhqGd9M7qu
Notified types: Typed URLs
Refresh requested types: Passwords}
{"logTime": "0812/032336", "correlationVector":"vpDmlQZkfxwlAhqGd9M7qu.1","action":"SyncServerConnectionManagerRequest", "result":"SYNC_SERVER_OK", "context":{"environment":"Prod_WestUS_000v", "migrationStage":"NotStarted", "server":"GENERAL0100000T"}}
{"logTime": "0812/032336", "correlationVector":"vpDmlQZkfxwlAhqGd9M7qu.2","action":"GetUpdates Response", "result":"SYNCER_OK", "context":Received 7 update(s). cV=vpDmlQZkfxwlAhqGd9M7qu.0;server=GENERAL0100000T;cloudType=Consumer;environment=Prod_WestUS_000v;migrationStage=NotStarted}
{"logTime": "0812/062955", "correlationVector":"1rx9J1xUTHbuVkLsl3ePeb.0","action":"FeedSettingFetch_homeCloud", "result":"0", "context":{}}
{"logTime": "0812/062955", "correlationVector":"w9ac0NTwchvp2jNxxEx56p","action":"Initial GetUpdates", "result":"", "context":Reason: NEWLY_SUPPORTED_DATATYPE. cV=w9ac0NTwchvp2jNxxEx56p}
{"logTime": "0812/062956", "correlationVector":"w9ac0NTwchvp2jNxxEx56p.1","action":"SyncServerConnectionManagerRequest", "result":"SYNC_SERVER_OK", "context":{"environment":"Prod_WestUS_000v", "migrationStage":"NotStarted", "server":"GENERAL01000004"}}
{"logTime": "0812/062956", "correlationVector":"w9ac0NTwchvp2jNxxEx56p.2","action":"GetUpdates", "result":"DeleteReceived", "context":{"id":"28328615-0bce-4cb9-b230-f6e35ea96356", "isDeleted:":"true", "version":"1677176726516"}}
{"logTime": "0812/062956", "correlationVector":"w9ac0NTwchvp2jNxxEx56p.3","action":"GetUpdates", "result":"DeleteReceived", "context":{"id":"34fa69d8-53b2-45e6-839e-2972c6efcd47", "isDeleted:":"true", "version":"1677176726517"}}
{"logTime": "0812/062956", "correlationVector":"w9ac0NTwchvp2jNxxEx56p.4","action":"GetUpdates", "result":"DeleteReceived", "context":{"id":"40183f42-6ee3-4272-931d-ef81a2334e6f", "isDeleted:":"true", "version":"1677176726518"}}
{"logTime": "0812/062956", "correlationVector":"w9ac0NTwchvp2jNxxEx56p.5","action":"GetUpdates", "result":"DeleteReceived", "context":{"id":"3f3ff80c-c567-4079-a2db-3d0c86f9ac5b", "isDeleted:":"true", "version":"1677176726519"}}
{"logTime": "0812/062956", "correlationVector":"w9ac0NTwchvp2jNxxEx56p.6","action":"GetUpdates", "result":"DeleteReceived", "context":{"id":"9405b187-cf3e-4c92-9878-2b233069b7b3", "isDeleted:":"true", "version":"1677176726520"}}
{"logTime": "0812/062956", "correlationVector":"w9ac0NTwchvp2jNxxEx56p.7","action":"GetUpdates", "result":"DeleteReceived", "context":{"id":"a3be685c-addb-41db-8478-d55d782fd6c7", "isDeleted:":"true", "version":"1677789072188"}}
{"logTime": "0812/062956", "correlationVector":"w9ac0NTwchvp2jNxxEx56p.8","action":"GetUpdates", "result":"DeleteReceived", "context":{"id":"5db08d62-190c-4020-9e95-9705234e2494", "isDeleted:":"true", "version":"1681416153987"}}
{"logTime": "0812/062956", "correlationVector":"w9ac0NTwchvp2jNxxEx56p.9","action":"GetUpdates Response", "result":"SYNCER_OK", "context":Received 81 update(s). cV=w9ac0NTwchvp2jNxxEx56p.0;server=GENERAL01000004;cloudType=Consumer;environment=Prod_WestUS_000v;migrationStage=NotStarted}
{"logTime": "0812/062956", "correlationVector":"A7WJmp5BbLBZzB+byvFmc7","action":"Normal GetUpdate request", "result":"", "context":cV=A7WJmp5BbLBZzB+byvFmc7
Nudged types: Typed URLs, Sessions, User Consents
Refresh requested types: Bookmarks, Preferences, Passwords, Autofill Profiles, Autofill, Autofill Custom Data, Typed URLs, Extensions, Sessions, Extension settings, History Delete Directives, Device Info, User Consents, Send Tab To Self, Web Apps, Collection, Edge E Drop, Edge Hub App Usage, Edge Wallet, Encryption Keys}
{"logTime": "0812/062957", "correlationVector":"A7WJmp5BbLBZzB+byvFmc7.1","action":"SyncServerConnectionManagerRequest", "result":"SYNC_SERVER_OK", "context":{"environment":"Prod_WestUS_000v", "migrationStage":"NotStarted", "server":"GENERAL0100000X"}}
{"logTime": "0812/062957", "correlationVector":"A7WJmp5BbLBZzB+byvFmc7.2","action":"GetUpdates", "result":"DeleteReceived", "context":{"id":"a7c02cc2-69cd-454e-a1b5-d4db260a2531", "isDeleted:":"true", "version":"1691810649216"}}
{"logTime": "0812/062957", "correlationVector":"A7WJmp5BbLBZzB+byvFmc7.3","action":"GetUpdates", "result":"DeleteReceived", "context":{"id":"08efc4c2-a100-42ce-ae1d-37a723f8ea22", "isDeleted:":"true", "version":"1691810687895"}}
{"logTime": "0812/062957", "correlationVector":"A7WJmp5BbLBZzB+byvFmc7.4","action":"GetUpdates", "result":"DeleteReceived", "context":{"id":"f7bb0254-7e16-40b0-a66d-f538b6bcd1d2", "isDeleted:":"true", "version":"1691816238966"}}
{"logTime": "0812/062957", "correlationVector":"A7WJmp5BbLBZzB+byvFmc7.5","action":"GetUpdates", "result":"DeleteReceived", "context":{"id":"5aa2dbdb-98f4-4136-9785-d7490a4b64ae", "isDeleted:":"true", "version":"1691820956227"}}
{"logTime": "0812/062957", "correlationVector":"A7WJmp5BbLBZzB+byvFmc7.6","action":"GetUpdates", "result":"DeleteReceived", "context":{"id":"6e2422d0-b4dd-461c-9da6-c60a445bebee", "isDeleted:":"true", "version":"1691820956228"}}
{"logTime": "0812/062957", "correlationVector":"A7WJmp5BbLBZzB+byvFmc7.7","action":"GetUpdates", "result":"DeleteReceived", "context":{"id":"4b5b4855-1e3d-4304-9217-89ab17f65dec", "isDeleted:":"true", "version":"1691820956230"}}
{"logTime": "0812/062957", "correlationVector":"A7WJmp5BbLBZzB+byvFmc7.8","action":"GetUpdates", "result":"DeleteReceived", "context":{"id":"8463093f-9a0a-4b73-b7af-4debf31bd8b9", "isDeleted:":"true", "version":"1691820956231"}}
{"logTime": "0812/062957", "correlationVector":"A7WJmp5BbLBZzB+byvFmc7.9","action":"GetUpdates", "result":"DeleteReceived", "context":{"id":"fafec03a-32f1-4f5c-91d0-1a60411b1e02", "isDeleted:":"true", "version":"1691820956232"}}
{"logTime": "0812/062957", "correlationVector":"A7WJmp5BbLBZzB+byvFmc7.10","action":"GetUpdates", "result":"DeleteReceived", "context":{"id":"6933fc21-760d-4122-b5f0-ac0679606079", "isDeleted:":"true", "version":"1691820956233"}}
{"logTime": "0812/062957", "correlationVector":"A7WJmp5BbLBZzB+byvFmc7.11","action":"GetUpdates", "result":"DeleteReceived", "context":{"id":"fa848aaf-36cb-43cb-8d71-c22485108c9c", "isDeleted:":"true", "version":"1691820956234"}}
{"logTime": "0812/062957", "correlationVector":"A7WJmp5BbLBZzB+byvFmc7.12","action":"GetUpdates", "result":"DeleteReceived", "context":{"id":"bbf97628-3c55-40f5-b166-4b731d763882", "isDeleted:":"true", "version":"1691820957497"}}
{"logTime": "0812/062957", "correlationVector":"A7WJmp5BbLBZzB+byvFmc7.13","action":"GetUpdates", "result":"DeleteReceived", "context":{"id":"058fe89e-c3c9-4654-a317-ce1965da8b4e", "isDeleted:":"true", "version":"1691821038301"}}
{"logTime": "0812/062957", "correlationVector":"A7WJmp5BbLBZzB+byvFmc7.14","action":"GetUpdates", "result":"DeleteReceived", "context":{"id":"33f63e0c-acd5-4751-9107-2c92546544fe", "isDeleted:":"true", "version":"1691821038302"}}
{"logTime": "0812/062957", "correlationVector":"A7WJmp5BbLBZzB+byvFmc7.15","action":"GetUpdates", "result":"DeleteReceived", "context":{"id":"97a07e58-2ed0-42f7-9d70-91fa9b448641", "isDeleted:":"true", "version":"1691821038303"}}
{"logTime": "0812/062957", "correlationVector":"A7WJmp5BbLBZzB+byvFmc7.16","action":"GetUpdates", "result":"DeleteReceived", "context":{"id":"fe85cafe-82a0-44d7-9824-061998ef854b", "isDeleted:":"true", "version":"1691821038304"}}
{"logTime": "0812/062957", "correlationVector":"A7WJmp5BbLBZzB+byvFmc7.17","action":"GetUpdates", "result":"DeleteReceived", "context":{"id":"71b59584-9b99-417b-84f8-d61be2e7f83e", "isDeleted:":"true", "version":"1691821038306"}}
{"logTime": "0812/062957", "correlationVector":"A7WJmp5BbLBZzB+byvFmc7.18","action":"GetUpdates", "result":"DeleteReceived", "context":{"id":"7236ddf4-b82f-46d7-90a7-a66e8d5fddf6", "isDeleted:":"true", "version":"1691821038307"}}
{"logTime": "0812/062957", "correlationVector":"A7WJmp5BbLBZzB+byvFmc7.19","action":"GetUpdates Response", "result":"SYNCER_OK", "context":Received 42 update(s). cV=A7WJmp5BbLBZzB+byvFmc7.0;server=GENERAL0100000X;cloudType=Consumer;environment=Prod_WestUS_000v;migrationStage=NotStarted}
{"logTime": "0812/062957", "correlationVector":"mJeOnFWFMYGaCpQO9r/BK7","action":"Commit Request", "result":"", "context":Item count: 18
Contributing types: Sessions, User Consents}
{"logTime": "0812/062958", "correlationVector":"mJeOnFWFMYGaCpQO9r/BK7.1","action":"SyncServerConnectionManagerRequest", "result":"SYNC_SERVER_OK", "context":{"environment":"Prod_WestUS_000v", "migrationStage":"NotStarted", "server":"general01000019"}}
{"logTime": "0812/062958", "correlationVector":"mJeOnFWFMYGaCpQO9r/BK7.3","action":"Commit.Sessions", "result":"Success", "context":{"id":"0e90e25b-08bd-4d76-9f89-65a05dbd7670", "isDeleted":"true", "size":"0", "version":"1691807639157"}}
{"logTime": "0812/062958", "correlationVector":"mJeOnFWFMYGaCpQO9r/BK7.4","action":"Commit.Sessions", "result":"Success", "context":{"id":"1020c8dd-0b7d-4444-add7-4e242a595b2a", "isDeleted":"true", "size":"0", "version":"1691809339857"}}
{"logTime": "0812/062958", "correlationVector":"mJeOnFWFMYGaCpQO9r/BK7.5","action":"Commit.Sessions", "result":"Success", "context":{"id":"dcb7fb40-cf2c-4eab-8f56-13263eed6633", "isDeleted":"true", "size":"0", "version":"1691809339858"}}
{"logTime": "0812/062958", "correlationVector":"mJeOnFWFMYGaCpQO9r/BK7.6","action":"Commit.Sessions", "result":"Success", "context":{"id":"6ee0068c-16be-45de-9efb-8eaa23b3d34d", "isDeleted":"true", "size":"0", "version":"1691809249511"}}
{"logTime": "0812/062958", "correlationVector":"mJeOnFWFMYGaCpQO9r/BK7.7","action":"Commit.Sessions", "result":"Success", "context":{"id":"f38da1a7-f9e7-40b7-a9eb-1dbcb43de4c0", "isDeleted":"true", "size":"0", "version":"1691807639159"}}
{"logTime": "0812/062958", "correlationVector":"mJeOnFWFMYGaCpQO9r/BK7.2","action":"Commit Response", "result":"SYNCER_OK", "context":Result: SYNCER_OK. cV=mJeOnFWFMYGaCpQO9r/BK7.0;server=general01000019;cloudType=Consumer;environment=Prod_WestUS_000v;migrationStage=NotStarted}
{"logTime": "0812/062958", "correlationVector":"mJeOnFWFMYGaCpQO9r/BK7.8","action":"Commit.Sessions", "result":"Success", "context":{"id":"ce48e5e0-8179-4139-8ffb-9e43da45fe14", "isDeleted":"true", "size":"0", "version":"1691807639160"}}
{"logTime": "0812/062958", "correlationVector":"mJeOnFWFMYGaCpQO9r/BK7.9","action":"Commit.Sessions", "result":"Success", "context":{"id":"510e3686-b6b6-4994-a11c-c088d7564c8f", "isDeleted":"true", "size":"0", "version":"1691807608303"}}
{"logTime": "0812/062958", "correlationVector":"mJeOnFWFMYGaCpQO9r/BK7.10","action":"Commit.Sessions", "result":"Success", "context":{"id":"18aae63d-cb7d-4e80-8e05-611670132d60", "isDeleted":"true", "size":"0", "version":"1691807639161"}}
{"logTime": "0812/062958", "correlationVector":"5jMWJsiy5wFYxmLca2oQp5","action":"Normal GetUpdate request", "result":"", "context":cV=5jMWJsiy5wFYxmLca2oQp5
Nudged types: Typed URLs, Sessions
Notified types: Typed URLs
Refresh requested types: Bookmarks, Preferences, Autofill Profiles, Autofill, Autofill Custom Data, Typed URLs, Extensions, Sessions, Extension settings, History Delete Directives, Device Info, User Consents, Send Tab To Self, Web Apps, Collection, Edge E Drop, Edge Hub App Usage, Edge Wallet, Encryption Keys}
{"logTime": "0812/062959", "correlationVector":"5jMWJsiy5wFYxmLca2oQp5.1","action":"SyncServerConnectionManagerRequest", "result":"SYNC_SERVER_OK", "context":{"environment":"Prod_WestUS_000v", "migrationStage":"NotStarted", "server":"GENERAL0100000E"}}
{"logTime": "0812/062959", "correlationVector":"5jMWJsiy5wFYxmLca2oQp5.2","action":"GetUpdates", "result":"DeleteReceived", "context":{"id":"0e90e25b-08bd-4d76-9f89-65a05dbd7670", "isDeleted:":"true", "version":"1691821798079"}}
{"logTime": "0812/062959", "correlationVector":"5jMWJsiy5wFYxmLca2oQp5.3","action":"GetUpdates", "result":"DeleteReceived", "context":{"id":"1020c8dd-0b7d-4444-add7-4e242a595b2a", "isDeleted:":"true", "version":"1691821798080"}}
{"logTime": "0812/062959", "correlationVector":"5jMWJsiy5wFYxmLca2oQp5.4","action":"GetUpdates", "result":"DeleteReceived", "context":{"id":"dcb7fb40-cf2c-4eab-8f56-13263eed6633", "isDeleted:":"true", "version":"1691821798084"}}
{"logTime": "0812/062959", "correlationVector":"5jMWJsiy5wFYxmLca2oQp5.5","action":"GetUpdates", "result":"DeleteReceived", "context":{"id":"6ee0068c-16be-45de-9efb-8eaa23b3d34d", "isDeleted:":"true", "version":"1691821798085"}}
{"logTime": "0812/062959", "correlationVector":"5jMWJsiy5wFYxmLca2oQp5.6","action":"GetUpdates", "result":"DeleteReceived", "context":{"id":"f38da1a7-f9e7-40b7-a9eb-1dbcb43de4c0", "isDeleted:":"true", "version":"1691821798088"}}
{"logTime": "0812/062959", "correlationVector":"5jMWJsiy5wFYxmLca2oQp5.7","action":"GetUpdates", "result":"DeleteReceived", "context":{"id":"ce48e5e0-8179-4139-8ffb-9e43da45fe14", "isDeleted:":"true", "version":"1691821798090"}}
{"logTime": "0812/062959", "correlationVector":"5jMWJsiy5wFYxmLca2oQp5.8","action":"GetUpdates", "result":"DeleteReceived", "context":{"id":"510e3686-b6b6-4994-a11c-c088d7564c8f", "isDeleted:":"true", "version":"1691821798094"}}
{"logTime": "0812/062959", "correlationVector":"5jMWJsiy5wFYxmLca2oQp5.9","action":"GetUpdates", "result":"DeleteReceived", "context":{"id":"18aae63d-cb7d-4e80-8e05-611670132d60", "isDeleted:":"true", "version":"1691821798095"}}
{"logTime": "0812/062959", "correlationVector":"5jMWJsiy5wFYxmLca2oQp5.10","action":"GetUpdates Response", "result":"SYNCER_OK", "context":Received 17 update(s). cV=5jMWJsiy5wFYxmLca2oQp5.0;server=GENERAL0100000E;cloudType=Consumer;environment=Prod_WestUS_000v;migrationStage=NotStarted}
{"logTime": "0812/062959", "correlationVector":"9EQpiWwXoJtQzzz4kgwYrs","action":"Commit Request", "result":"", "context":Item count: 4
Contributing types: Typed URLs, Sessions}
{"logTime": "0812/062959", "correlationVector":"9EQpiWwXoJtQzzz4kgwYrs.1","action":"SyncServerConnectionManagerRequest", "result":"SYNC_SERVER_OK", "context":{"environment":"Prod_WestUS_000v", "migrationStage":"NotStarted", "server":"GENERAL01000000"}}
{"logTime": "0812/062959", "correlationVector":"9EQpiWwXoJtQzzz4kgwYrs.2","action":"Commit Response", "result":"SYNCER_OK", "context":Result: SYNCER_OK. cV=9EQpiWwXoJtQzzz4kgwYrs.0;server=GENERAL01000000;cloudType=Consumer;environment=Prod_WestUS_000v;migrationStage=NotStarted}
{"logTime": "0812/063029", "correlationVector":"EWEwxm7x4xI8T+GEgA7Ed8","action":"Commit Request", "result":"", "context":Item count: 8
Contributing types: Typed URLs, Sessions}
{"logTime": "0812/063031", "correlationVector":"EWEwxm7x4xI8T+GEgA7Ed8.1","action":"SyncServerConnectionManagerRequest", "result":"SYNC_SERVER_OK", "context":{"environment":"Prod_WestUS_000v", "migrationStage":"NotStarted", "server":"GENERAL0100000S"}}
{"logTime": "0812/063031", "correlationVector":"EWEwxm7x4xI8T+GEgA7Ed8.2","action":"Commit Response", "result":"SYNCER_OK", "context":Result: SYNCER_OK. cV=EWEwxm7x4xI8T+GEgA7Ed8.0;server=GENERAL0100000S;cloudType=Consumer;environment=Prod_WestUS_000v;migrationStage=NotStarted}
{"logTime": "0812/081458", "correlationVector":"Qkyw2o2Uft4+72eG1DGBDH","action":"Normal GetUpdate request", "result":"", "context":cV=Qkyw2o2Uft4+72eG1DGBDH
Notified types: Typed URLs}
{"logTime": "0812/081458", "correlationVector":"Qkyw2o2Uft4+72eG1DGBDH.1","action":"SyncServerConnectionManagerRequest", "result":"SYNC_SERVER_OK", "context":{"environment":"Prod_WestUS_000v", "migrationStage":"NotStarted", "server":"GENERAL0100001D"}}
{"logTime": "0812/081458", "correlationVector":"Qkyw2o2Uft4+72eG1DGBDH.2","action":"GetUpdates", "result":"DeleteReceived", "context":{"id":"06fd7560-dce4-4ddf-b899-99d31faf643e", "isDeleted:":"true", "version":"1691828097403"}}
{"logTime": "0812/081458", "correlationVector":"Qkyw2o2Uft4+72eG1DGBDH.3","action":"GetUpdates", "result":"DeleteReceived", "context":{"id":"bd286527-60bd-42f3-8201-a0748d3d82ac", "isDeleted:":"true", "version":"1691828097405"}}
{"logTime": "0812/081458", "correlationVector":"Qkyw2o2Uft4+72eG1DGBDH.4","action":"GetUpdates Response", "result":"SYNCER_OK", "context":Received 13 update(s). cV=Qkyw2o2Uft4+72eG1DGBDH.0;server=GENERAL0100001D;cloudType=Consumer;environment=Prod_WestUS_000v;migrationStage=NotStarted}
{"logTime": "0812/081710", "correlationVector":"Mhy15m6i6KULjR9dXiAsAp","action":"Normal GetUpdate request", "result":"", "context":cV=Mhy15m6i6KULjR9dXiAsAp
Notified types: Device Info}
{"logTime": "0812/081711", "correlationVector":"Mhy15m6i6KULjR9dXiAsAp.1","action":"SyncServerConnectionManagerRequest", "result":"SYNC_SERVER_OK", "context":{"environment":"Prod_WestUS_000v", "migrationStage":"NotStarted", "server":"GENERAL01000011"}}
{"logTime": "0812/081711", "correlationVector":"Mhy15m6i6KULjR9dXiAsAp.2","action":"GetUpdates", "result":"DeleteReceived", "context":{"id":"d0c2f1e9-db94-4dda-bb4d-cdba57e867d1", "isDeleted:":"true", "version":"1691828230685"}}
{"logTime": "0812/081711", "correlationVector":"Mhy15m6i6KULjR9dXiAsAp.3","action":"GetUpdates", "result":"DeleteReceived", "context":{"id":"571e57e0-8a1c-416f-8c62-41da70aee507", "isDeleted:":"true", "version":"1691828230686"}}
{"logTime": "0812/081711", "correlationVector":"Mhy15m6i6KULjR9dXiAsAp.4","action":"GetUpdates", "result":"DeleteReceived", "context":{"id":"b640e6c7-def5-4b80-b393-1c7c823903df", "isDeleted:":"true", "version":"1691828230687"}}
{"logTime": "0812/081711", "correlationVector":"Mhy15m6i6KULjR9dXiAsAp.5","action":"GetUpdates", "result":"DeleteReceived", "context":{"id":"8102950b-7020-4179-adff-250040cf5dcb", "isDeleted:":"true", "version":"1691828230688"}}
{"logTime": "0812/081711", "correlationVector":"Mhy15m6i6KULjR9dXiAsAp.6","action":"GetUpdates", "result":"DeleteReceived", "context":{"id":"076e8477-942d-464f-80ec-17bded1a2c77", "isDeleted:":"true", "version":"1691828230689"}}
{"logTime": "0812/081711", "correlationVector":"Mhy15m6i6KULjR9dXiAsAp.7","action":"GetUpdates", "result":"DeleteReceived", "context":{"id":"1c593265-2aff-40e7-a83f-a482ac8f1b20", "isDeleted:":"true", "version":"1691828230690"}}
{"logTime": "0812/081711", "correlationVector":"Mhy15m6i6KULjR9dXiAsAp.8","action":"GetUpdates", "result":"DeleteReceived", "context":{"id":"59fc1430-4457-4066-a785-094797242c01", "isDeleted:":"true", "version":"1691828230692"}}
{"logTime": "0812/081711", "correlationVector":"Mhy15m6i6KULjR9dXiAsAp.9","action":"GetUpdates", "result":"DeleteReceived", "context":{"id":"07abc0b3-979d-487b-89e1-c07cd117a28d", "isDeleted:":"true", "version":"1691828230693"}}
{"logTime": "0812/081711", "correlationVector":"Mhy15m6i6KULjR9dXiAsAp.10","action":"GetUpdates", "result":"DeleteReceived", "context":{"id":"43a79f89-dc44-4757-bfe0-2ac1856d3b5f", "isDeleted:":"true", "version":"1691828230694"}}
{"logTime": "0812/081711", "correlationVector":"Mhy15m6i6KULjR9dXiAsAp.11","action":"GetUpdates Response", "result":"SYNCER_OK", "context":Received 11 update(s). cV=Mhy15m6i6KULjR9dXiAsAp.0;server=GENERAL01000011;cloudType=Consumer;environment=Prod_WestUS_000v;migrationStage=NotStarted}
{"logTime": "0812/082420", "correlationVector":"QcrgeGHM+zetc00HvgjA/V","action":"Normal GetUpdate request", "result":"", "context":cV=QcrgeGHM+zetc00HvgjA/V
Notified types: Typed URLs}
{"logTime": "0812/082420", "correlationVector":"QcrgeGHM+zetc00HvgjA/V.1","action":"SyncServerConnectionManagerRequest", "result":"SYNC_SERVER_OK", "context":{"environment":"Prod_WestUS_000v", "migrationStage":"NotStarted", "server":"GENERAL0100000V"}}
{"logTime": "0812/082420", "correlationVector":"QcrgeGHM+zetc00HvgjA/V.2","action":"GetUpdates Response", "result":"SYNCER_OK", "context":Received 4 update(s). cV=QcrgeGHM+zetc00HvgjA/V.0;server=GENERAL0100000V;cloudType=Consumer;environment=Prod_WestUS_000v;migrationStage=NotStarted}
{"logTime": "0812/082619", "correlationVector":"4g9nXeMVvat5dhkvNlMe4P","action":"Normal GetUpdate request", "result":"", "context":cV=4g9nXeMVvat5dhkvNlMe4P
Notified types: Typed URLs}
{"logTime": "0812/082620", "correlationVector":"4g9nXeMVvat5dhkvNlMe4P.1","action":"SyncServerConnectionManagerRequest", "result":"SYNC_SERVER_OK", "context":{"environment":"Prod_WestUS_000v", "migrationStage":"NotStarted", "server":"GENERAL01000002"}}
{"logTime": "0812/082620", "correlationVector":"4g9nXeMVvat5dhkvNlMe4P.2","action":"GetUpdates Response", "result":"SYNCER_OK", "context":Received 2 update(s). cV=4g9nXeMVvat5dhkvNlMe4P.0;server=GENERAL01000002;cloudType=Consumer;environment=Prod_WestUS_000v;migrationStage=NotStarted}
{"logTime": "0812/083447", "correlationVector":"KQzHdK5bjAwlejiJjwnYDb","action":"Normal GetUpdate request", "result":"", "context":cV=KQzHdK5bjAwlejiJjwnYDb
Notified types: Typed URLs}
{"logTime": "0812/083447", "correlationVector":"KQzHdK5bjAwlejiJjwnYDb.1","action":"SyncServerConnectionManagerRequest", "result":"SYNC_SERVER_OK", "context":{"environment":"Prod_WestUS_000v", "migrationStage":"NotStarted", "server":"GENERAL0100000T"}}
{"logTime": "0812/083447", "correlationVector":"KQzHdK5bjAwlejiJjwnYDb.2","action":"GetUpdates Response", "result":"SYNCER_OK", "context":Received 5 update(s). cV=KQzHdK5bjAwlejiJjwnYDb.0;server=GENERAL0100000T;cloudType=Consumer;environment=Prod_WestUS_000v;migrationStage=NotStarted}
{"logTime": "0812/083546", "correlationVector":"G7Gy6cP5TOiWT7sb7ly2jj","action":"Normal GetUpdate request", "result":"", "context":cV=G7Gy6cP5TOiWT7sb7ly2jj
Notified types: Typed URLs}
{"logTime": "0812/083546", "correlationVector":"G7Gy6cP5TOiWT7sb7ly2jj.1","action":"SyncServerConnectionManagerRequest", "result":"SYNC_SERVER_OK", "context":{"environment":"Prod_WestUS_000v", "migrationStage":"NotStarted", "server":"GENERAL0100000S"}}
{"logTime": "0812/083546", "correlationVector":"G7Gy6cP5TOiWT7sb7ly2jj.2","action":"GetUpdates Response", "result":"SYNCER_OK", "context":Received 5 update(s). cV=G7Gy6cP5TOiWT7sb7ly2jj.0;server=GENERAL0100000S;cloudType=Consumer;environment=Prod_WestUS_000v;migrationStage=NotStarted}
{"logTime": "0812/093223", "correlationVector":"nZPcR6KDuvhWoSX6eUwKOA","action":"Commit Request", "result":"", "context":Item count: 1
Contributing types: Typed URLs}
{"logTime": "0812/093225", "correlationVector":"nZPcR6KDuvhWoSX6eUwKOA.1","action":"SyncServerConnectionManagerRequest", "result":"SYNC_SERVER_OK", "context":{"environment":"Prod_WestUS_000v", "migrationStage":"NotStarted", "server":"GENERAL0100001A"}}
{"logTime": "0812/093225", "correlationVector":"nZPcR6KDuvhWoSX6eUwKOA.2","action":"Commit Response", "result":"SYNCER_OK", "context":Result: SYNCER_OK. cV=nZPcR6KDuvhWoSX6eUwKOA.0;server=GENERAL0100001A;cloudType=Consumer;environment=Prod_WestUS_000v;migrationStage=NotStarted}
{"logTime": "0812/094323", "correlationVector":"Rh1JSnO0XHt54me1AIdVbm","action":"Commit Request", "result":"", "context":Item count: 2
Contributing types: Typed URLs}
{"logTime": "0812/094325", "correlationVector":"Rh1JSnO0XHt54me1AIdVbm.1","action":"SyncServerConnectionManagerRequest", "result":"SYNC_SERVER_OK", "context":{"environment":"Prod_WestUS_000v", "migrationStage":"NotStarted", "server":"GENERAL0100001D"}}
{"logTime": "0812/094325", "correlationVector":"Rh1JSnO0XHt54me1AIdVbm.2","action":"Commit Response", "result":"SYNCER_OK", "context":Result: SYNCER_OK. cV=Rh1JSnO0XHt54me1AIdVbm.0;server=GENERAL0100001D;cloudType=Consumer;environment=Prod_WestUS_000v;migrationStage=NotStarted}
{"logTime": "0812/095424", "correlationVector":"ARFOvgmszH/vqClET90aKS","action":"Commit Request", "result":"", "context":Item count: 2
Contributing types: Typed URLs}
{"logTime": "0812/095425", "correlationVector":"ARFOvgmszH/vqClET90aKS.1","action":"SyncServerConnectionManagerRequest", "result":"SYNC_SERVER_OK", "context":{"environment":"Prod_WestUS_000v", "migrationStage":"NotStarted", "server":"GENERAL0100000Q"}}
{"logTime": "0812/095425", "correlationVector":"ARFOvgmszH/vqClET90aKS.2","action":"Commit Response", "result":"SYNCER_OK", "context":Result: SYNCER_OK. cV=ARFOvgmszH/vqClET90aKS.0;server=GENERAL0100000Q;cloudType=Consumer;environment=Prod_WestUS_000v;migrationStage=NotStarted}
{"logTime": "0812/095630", "correlationVector":"a0KvUNTmul4R1eUIlkbp/j","action":"Commit Request", "result":"", "context":Item count: 9
Contributing types: Sessions}
{"logTime": "0812/095631", "correlationVector":"a0KvUNTmul4R1eUIlkbp/j.1","action":"SyncServerConnectionManagerRequest", "result":"SYNC_SERVER_OK", "context":{"environment":"Prod_WestUS_000v", "migrationStage":"NotStarted", "server":"GENERAL0100000C"}}
{"logTime": "0812/095631", "correlationVector":"a0KvUNTmul4R1eUIlkbp/j.2","action":"Commit Response", "result":"SYNCER_OK", "context":Result: SYNCER_OK. cV=a0KvUNTmul4R1eUIlkbp/j.0;server=GENERAL0100000C;cloudType=Consumer;environment=Prod_WestUS_000v;migrationStage=NotStarted}
{"logTime": "0812/095921", "correlationVector":"aMKCWhckRio3aLW3rq+4tL","action":"Normal GetUpdate request", "result":"", "context":cV=aMKCWhckRio3aLW3rq+4tL
Notified types: Typed URLs}
{"logTime": "0812/095922", "correlationVector":"aMKCWhckRio3aLW3rq+4tL.1","action":"SyncServerConnectionManagerRequest", "result":"SYNC_SERVER_OK", "context":{"environment":"Prod_WestUS_000v", "migrationStage":"NotStarted", "server":"GENERAL01000016"}}
{"logTime": "0812/095922", "correlationVector":"aMKCWhckRio3aLW3rq+4tL.2","action":"GetUpdates", "result":"DeleteReceived", "context":{"id":"1e908b1b-d7f9-4a01-9952-3b6088e7930a", "isDeleted:":"true", "version":"1691829840677"}}
{"logTime": "0812/095922", "correlationVector":"aMKCWhckRio3aLW3rq+4tL.3","action":"GetUpdates", "result":"DeleteReceived", "context":{"id":"1c1400dd-5fd6-44c6-b46f-b2da9cf7a800", "isDeleted:":"true", "version":"1691831384217"}}
{"logTime": "0812/095922", "correlationVector":"aMKCWhckRio3aLW3rq+4tL.4","action":"GetUpdates", "result":"DeleteReceived", "context":{"id":"27f9f231-bfd9-491b-976f-367d86c74ef4", "isDeleted:":"true", "version":"1691831682328"}}
{"logTime": "0812/095922", "correlationVector":"aMKCWhckRio3aLW3rq+4tL.5","action":"GetUpdates Response", "result":"SYNCER_OK", "context":Received 29 update(s). cV=aMKCWhckRio3aLW3rq+4tL.0;server=GENERAL01000016;cloudType=Consumer;environment=Prod_WestUS_000v;migrationStage=NotStarted}
{"logTime": "0812/095952", "correlationVector":"3TFmIsJQt7QI3W/ewuFObC","action":"Normal GetUpdate request", "result":"", "context":cV=3TFmIsJQt7QI3W/ewuFObC
Notified types: Typed URLs}
{"logTime": "0812/095952", "correlationVector":"3TFmIsJQt7QI3W/ewuFObC.1","action":"SyncServerConnectionManagerRequest", "result":"SYNC_SERVER_OK", "context":{"environment":"Prod_WestUS_000v", "migrationStage":"NotStarted", "server":"GENERAL0100000N"}}
{"logTime": "0812/095952", "correlationVector":"3TFmIsJQt7QI3W/ewuFObC.2","action":"GetUpdates Response", "result":"SYNCER_OK", "context":Received 6 update(s). cV=3TFmIsJQt7QI3W/ewuFObC.0;server=GENERAL0100000N;cloudType=Consumer;environment=Prod_WestUS_000v;migrationStage=NotStarted}
{"logTime": "0812/100524", "correlationVector":"W+nixoqVnI1Z5hhuFjDQwo","action":"Commit Request", "result":"", "context":Item count: 1
Contributing types: Typed URLs}
{"logTime": "0812/100524", "correlationVector":"W+nixoqVnI1Z5hhuFjDQwo.1","action":"SyncServerConnectionManagerRequest", "result":"SYNC_SERVER_OK", "context":{"environment":"Prod_WestUS_000v", "migrationStage":"NotStarted", "server":"GENERAL0100000B"}}
{"logTime": "0812/100524", "correlationVector":"W+nixoqVnI1Z5hhuFjDQwo.2","action":"Commit Response", "result":"SYNCER_OK", "context":Result: SYNCER_OK. cV=W+nixoqVnI1Z5hhuFjDQwo.0;server=GENERAL0100000B;cloudType=Consumer;environment=Prod_WestUS_000v;migrationStage=NotStarted}
{"logTime": "0812/101054", "correlationVector":"1FUkZiJIPzQCb723tDAwXK","action":"Commit Request", "result":"", "context":Item count: 1
Contributing types: Typed URLs}
{"logTime": "0812/101054", "correlationVector":"1FUkZiJIPzQCb723tDAwXK.1","action":"SyncServerConnectionManagerRequest", "result":"SYNC_SERVER_OK", "context":{"environment":"Prod_WestUS_000v", "migrationStage":"NotStarted", "server":"GENERAL0100000S"}}
{"logTime": "0812/101054", "correlationVector":"1FUkZiJIPzQCb723tDAwXK.2","action":"Commit Response", "result":"SYNCER_OK", "context":Result: SYNCER_OK. cV=1FUkZiJIPzQCb723tDAwXK.0;server=GENERAL0100000S;cloudType=Consumer;environment=Prod_WestUS_000v;migrationStage=NotStarted}
{"logTime": "0812/101436", "correlationVector":"p900iaMoP3maV9NfSz+jQ7","action":"Normal GetUpdate request", "result":"", "context":cV=p900iaMoP3maV9NfSz+jQ7
Notified types: Typed URLs}
{"logTime": "0812/101436", "correlationVector":"p900iaMoP3maV9NfSz+jQ7.1","action":"SyncServerConnectionManagerRequest", "result":"SYNC_SERVER_OK", "context":{"environment":"Prod_WestUS_000v", "migrationStage":"NotStarted", "server":"GENERAL0100000J"}}
{"logTime": "0812/101436", "correlationVector":"p900iaMoP3maV9NfSz+jQ7.2","action":"GetUpdates", "result":"DeleteReceived", "context":{"id":"d3fb0a6a-03aa-4dad-9b61-3be5e825bb7d", "isDeleted:":"true", "version":"1691834412243"}}
{"logTime": "0812/101436", "correlationVector":"p900iaMoP3maV9NfSz+jQ7.3","action":"GetUpdates", "result":"DeleteReceived", "context":{"id":"56fb4cd6-c4e6-4d88-9ba9-009fd2e24d81", "isDeleted:":"true", "version":"1691834412245"}}
{"logTime": "0812/101436", "correlationVector":"p900iaMoP3maV9NfSz+jQ7.4","action":"GetUpdates Response", "result":"SYNCER_OK", "context":Received 5 update(s). cV=p900iaMoP3maV9NfSz+jQ7.0;server=GENERAL0100000J;cloudType=Consumer;environment=Prod_WestUS_000v;migrationStage=NotStarted}
{"logTime": "0812/194536", "correlationVector":"SVvHz8IBnXV6NoVTt+N9G0.0","action":"FeedSettingFetch_homeCloud", "result":"0", "context":{}}
{"logTime": "0812/194536", "correlationVector":"VebzDBFgJL2K1G+DnltV/6","action":"Initial GetUpdates", "result":"", "context":Reason: NEWLY_SUPPORTED_DATATYPE. cV=VebzDBFgJL2K1G+DnltV/6}
{"logTime": "0812/194536", "correlationVector":"VebzDBFgJL2K1G+DnltV/6.1","action":"SyncServerConnectionManagerRequest", "result":"SYNC_SERVER_OK", "context":{"environment":"Prod_WestUS_000v", "migrationStage":"NotStarted", "server":"GENERAL01000010"}}
{"logTime": "0812/194536", "correlationVector":"VebzDBFgJL2K1G+DnltV/6.2","action":"GetUpdates", "result":"DeleteReceived", "context":{"id":"28328615-0bce-4cb9-b230-f6e35ea96356", "isDeleted:":"true", "version":"1677176726516"}}
{"logTime": "0812/194536", "correlationVector":"VebzDBFgJL2K1G+DnltV/6.3","action":"GetUpdates", "result":"DeleteReceived", "context":{"id":"34fa69d8-53b2-45e6-839e-2972c6efcd47", "isDeleted:":"true", "version":"1677176726517"}}
{"logTime": "0812/194536", "correlationVector":"VebzDBFgJL2K1G+DnltV/6.4","action":"GetUpdates", "result":"DeleteReceived", "context":{"id":"40183f42-6ee3-4272-931d-ef81a2334e6f", "isDeleted:":"true", "version":"1677176726518"}}
{"logTime": "0812/194536", "correlationVector":"VebzDBFgJL2K1G+DnltV/6.5","action":"GetUpdates", "result":"DeleteReceived", "context":{"id":"3f3ff80c-c567-4079-a2db-3d0c86f9ac5b", "isDeleted:":"true", "version":"1677176726519"}}
{"logTime": "0812/194536", "correlationVector":"VebzDBFgJL2K1G+DnltV/6.6","action":"GetUpdates", "result":"DeleteReceived", "context":{"id":"9405b187-cf3e-4c92-9878-2b233069b7b3", "isDeleted:":"true", "version":"1677176726520"}}
{"logTime": "0812/194536", "correlationVector":"VebzDBFgJL2K1G+DnltV/6.7","action":"GetUpdates", "result":"DeleteReceived", "context":{"id":"a3be685c-addb-41db-8478-d55d782fd6c7", "isDeleted:":"true", "version":"1677789072188"}}
{"logTime": "0812/194536", "correlationVector":"VebzDBFgJL2K1G+DnltV/6.8","action":"GetUpdates", "result":"DeleteReceived", "context":{"id":"5db08d62-190c-4020-9e95-9705234e2494", "isDeleted:":"true", "version":"1681416153987"}}
{"logTime": "0812/194536", "correlationVector":"VebzDBFgJL2K1G+DnltV/6.9","action":"GetUpdates Response", "result":"SYNCER_OK", "context":Received 81 update(s). cV=VebzDBFgJL2K1G+DnltV/6.0;server=GENERAL01000010;cloudType=Consumer;environment=Prod_WestUS_000v;migrationStage=NotStarted}
{"logTime": "0812/194536", "correlationVector":"cqtXpETbGdR3kTCzoR/Zha","action":"Normal GetUpdate request", "result":"", "context":cV=cqtXpETbGdR3kTCzoR/Zha
Nudged types: Sessions, User Consents
Refresh requested types: Bookmarks, Preferences, Passwords, Autofill Profiles, Autofill, Autofill Custom Data, Typed URLs, Extensions, Sessions, Extension settings, History Delete Directives, Device Info, User Consents, Send Tab To Self, Web Apps, Collection, Edge E Drop, Edge Hub App Usage, Edge Wallet, Encryption Keys}
{"logTime": "0812/194537", "correlationVector":"cqtXpETbGdR3kTCzoR/Zha.1","action":"SyncServerConnectionManagerRequest", "result":"SYNC_SERVER_OK", "context":{"environment":"Prod_WestUS_000v", "migrationStage":"NotStarted", "server":"GENERAL0100000Y"}}
{"logTime": "0812/194537", "correlationVector":"cqtXpETbGdR3kTCzoR/Zha.2","action":"GetUpdates", "result":"DeleteReceived", "context":{"id":"26e764a9-1f05-4970-ad3f-8cef5303af7a", "isDeleted:":"true", "version":"1691837856333"}}
{"logTime": "0812/194537", "correlationVector":"cqtXpETbGdR3kTCzoR/Zha.3","action":"GetUpdates", "result":"DeleteReceived", "context":{"id":"50c2f1b5-782a-43ca-8470-4c2aa5f9d49f", "isDeleted:":"true", "version":"1691837856334"}}
{"logTime": "0812/194537", "correlationVector":"cqtXpETbGdR3kTCzoR/Zha.4","action":"GetUpdates", "result":"DeleteReceived", "context":{"id":"7a337a08-1f50-4d66-b372-6a44f67c0e9d", "isDeleted:":"true", "version":"1691837856335"}}
{"logTime": "0812/194537", "correlationVector":"cqtXpETbGdR3kTCzoR/Zha.5","action":"GetUpdates", "result":"DeleteReceived", "context":{"id":"0ec7c773-b1f3-47c5-99e6-8b2384422efc", "isDeleted:":"true", "version":"1691837856336"}}
{"logTime": "0812/194537", "correlationVector":"cqtXpETbGdR3kTCzoR/Zha.6","action":"GetUpdates", "result":"DeleteReceived", "context":{"id":"07a7e666-f73d-42c5-b34e-69a73fa5e907", "isDeleted:":"true", "version":"1691837856337"}}
{"logTime": "0812/194537", "correlationVector":"cqtXpETbGdR3kTCzoR/Zha.7","action":"GetUpdates", "result":"DeleteReceived", "context":{"id":"749f8580-b0cd-4a78-a146-353bba172166", "isDeleted:":"true", "version":"1691837856338"}}
{"logTime": "0812/194537", "correlationVector":"cqtXpETbGdR3kTCzoR/Zha.8","action":"GetUpdates", "result":"DeleteReceived", "context":{"id":"982024c0-69c8-467b-9526-ad7faeb02b76", "isDeleted:":"true", "version":"1691837856340"}}
{"logTime": "0812/194537", "correlationVector":"cqtXpETbGdR3kTCzoR/Zha.9","action":"GetUpdates", "result":"DeleteReceived", "context":{"id":"c76c4365-1f02-4b8d-837d-474d56955d7c", "isDeleted:":"true", "version":"1691837856341"}}
{"logTime": "0812/194537", "correlationVector":"cqtXpETbGdR3kTCzoR/Zha.10","action":"GetUpdates", "result":"DeleteReceived", "context":{"id":"341ffac4-2005-4d1c-ba37-beea9ead6984", "isDeleted:":"true", "version":"1691837856342"}}
{"logTime": "0812/194537", "correlationVector":"cqtXpETbGdR3kTCzoR/Zha.11","action":"GetUpdates", "result":"DeleteReceived", "context":{"id":"38ca12d3-343f-46a0-b3a3-98415f4c948a", "isDeleted:":"true", "version":"1691837856343"}}
{"logTime": "0812/194537", "correlationVector":"cqtXpETbGdR3kTCzoR/Zha.12","action":"GetUpdates Response", "result":"SYNCER_OK", "context":Received 19 update(s). cV=cqtXpETbGdR3kTCzoR/Zha.0;server=GENERAL0100000Y;cloudType=Consumer;environment=Prod_WestUS_000v;migrationStage=NotStarted}
{"logTime": "0812/194537", "correlationVector":"W5Q3cHUWMkpWjEKA17exz1","action":"Commit Request", "result":"", "context":Item count: 11
Contributing types: Sessions, User Consents}
{"logTime": "0812/194538", "correlationVector":"W5Q3cHUWMkpWjEKA17exz1.1","action":"SyncServerConnectionManagerRequest", "result":"SYNC_SERVER_OK", "context":{"environment":"Prod_WestUS_000v", "migrationStage":"NotStarted", "server":"GENERAL0100000D"}}
{"logTime": "0812/194538", "correlationVector":"W5Q3cHUWMkpWjEKA17exz1.3","action":"Commit.Sessions", "result":"Success", "context":{"id":"e9c3cb3a-7a1b-45e3-8d63-c4f99b6aba09", "isDeleted":"true", "size":"0", "version":"1691834190458"}}
{"logTime": "0812/194538", "correlationVector":"W5Q3cHUWMkpWjEKA17exz1.4","action":"Commit.Sessions", "result":"Success", "context":{"id":"d00c72cb-38d7-44d0-b5b6-f4002b339a8f", "isDeleted":"true", "size":"0", "version":"1691834190459"}}
{"logTime": "0812/194538", "correlationVector":"W5Q3cHUWMkpWjEKA17exz1.5","action":"Commit.Sessions", "result":"Success", "context":{"id":"04bc3e9a-e8b1-4985-b7d5-4dde6f66aff0", "isDeleted":"true", "size":"0", "version":"1691834190460"}}
{"logTime": "0812/194538", "correlationVector":"W5Q3cHUWMkpWjEKA17exz1.6","action":"Commit.Sessions", "result":"Success", "context":{"id":"45229cf9-ffa5-427f-a6ca-09b2ae9f2f0b", "isDeleted":"true", "size":"0", "version":"1691834190461"}}
{"logTime": "0812/194538", "correlationVector":"W5Q3cHUWMkpWjEKA17exz1.7","action":"Commit.Sessions", "result":"Success", "context":{"id":"f46f6e55-b14f-4c8c-944d-34a11a7717af", "isDeleted":"true", "size":"0", "version":"1691834190463"}}
{"logTime": "0812/194538", "correlationVector":"W5Q3cHUWMkpWjEKA17exz1.8","action":"Commit.Sessions", "result":"Success", "context":{"id":"30d3ea0c-c417-49e3-953e-9528dba2c4f8", "isDeleted":"true", "size":"0", "version":"1691834190464"}}
{"logTime": "0812/194538", "correlationVector":"W5Q3cHUWMkpWjEKA17exz1.9","action":"Commit.Sessions", "result":"Success", "context":{"id":"c60f0940-fc88-4daf-bcf2-ac84b5af1a3d", "isDeleted":"true", "size":"0", "version":"1691834190465"}}
{"logTime": "0812/194538", "correlationVector":"W5Q3cHUWMkpWjEKA17exz1.2","action":"Commit Response", "result":"SYNCER_OK", "context":Result: SYNCER_OK. cV=W5Q3cHUWMkpWjEKA17exz1.0;server=GENERAL0100000D;cloudType=Consumer;environment=Prod_WestUS_000v;migrationStage=NotStarted}
{"logTime": "0812/194538", "correlationVector":"W5Q3cHUWMkpWjEKA17exz1.10","action":"Commit.Sessions", "result":"Success", "context":{"id":"151d9943-152d-4b45-ad9a-0c42b7d0b9f8", "isDeleted":"true", "size":"0", "version":"1691834190466"}}
{"logTime": "0812/194538", "correlationVector":"AquMj8DUFKYmSOcqFDH57V","action":"Poll GetUpdate request", "result":"", "context":cV=AquMj8DUFKYmSOcqFDH57V}
{"logTime": "0812/194539", "correlationVector":"AquMj8DUFKYmSOcqFDH57V.1","action":"SyncServerConnectionManagerRequest", "result":"SYNC_SERVER_OK", "context":{"environment":"Prod_WestUS_000v", "migrationStage":"NotStarted", "server":"GENERAL0100000A"}}
{"logTime": "0812/194539", "correlationVector":"AquMj8DUFKYmSOcqFDH57V.2","action":"GetUpdates", "result":"DeleteReceived", "context":{"id":"e9c3cb3a-7a1b-45e3-8d63-c4f99b6aba09", "isDeleted:":"true", "version":"1691869538073"}}
{"logTime": "0812/194539", "correlationVector":"AquMj8DUFKYmSOcqFDH57V.3","action":"GetUpdates", "result":"DeleteReceived", "context":{"id":"d00c72cb-38d7-44d0-b5b6-f4002b339a8f", "isDeleted:":"true", "version":"1691869538074"}}
{"logTime": "0812/194539", "correlationVector":"AquMj8DUFKYmSOcqFDH57V.4","action":"GetUpdates", "result":"DeleteReceived", "context":{"id":"04bc3e9a-e8b1-4985-b7d5-4dde6f66aff0", "isDeleted:":"true", "version":"1691869538075"}}
{"logTime": "0812/194539", "correlationVector":"AquMj8DUFKYmSOcqFDH57V.5","action":"GetUpdates", "result":"DeleteReceived", "context":{"id":"45229cf9-ffa5-427f-a6ca-09b2ae9f2f0b", "isDeleted:":"true", "version":"1691869538076"}}
{"logTime": "0812/194539", "correlationVector":"AquMj8DUFKYmSOcqFDH57V.6","action":"GetUpdates", "result":"DeleteReceived", "context":{"id":"f46f6e55-b14f-4c8c-944d-34a11a7717af", "isDeleted:":"true", "version":"1691869538078"}}
{"logTime": "0812/194539", "correlationVector":"AquMj8DUFKYmSOcqFDH57V.7","action":"GetUpdates", "result":"DeleteReceived", "context":{"id":"30d3ea0c-c417-49e3-953e-9528dba2c4f8", "isDeleted:":"true", "version":"1691869538080"}}
{"logTime": "0812/194539", "correlationVector":"AquMj8DUFKYmSOcqFDH57V.8","action":"GetUpdates", "result":"DeleteReceived", "context":{"id":"c60f0940-fc88-4daf-bcf2-ac84b5af1a3d", "isDeleted:":"true", "version":"1691869538081"}}
{"logTime": "0812/194539", "correlationVector":"AquMj8DUFKYmSOcqFDH57V.9","action":"GetUpdates", "result":"DeleteReceived", "context":{"id":"151d9943-152d-4b45-ad9a-0c42b7d0b9f8", "isDeleted:":"true", "version":"1691869538082"}}
{"logTime": "0812/194539", "correlationVector":"AquMj8DUFKYmSOcqFDH57V.10","action":"GetUpdates Response", "result":"SYNCER_OK", "context":Received 10 update(s). cV=AquMj8DUFKYmSOcqFDH57V.0;server=GENERAL0100000A;cloudType=Consumer;environment=Prod_WestUS_000v;migrationStage=NotStarted}
{"logTime": "0812/194539", "correlationVector":"2X3IOfEH8wsjYP4y7xe3oq","action":"Normal GetUpdate request", "result":"", "context":cV=2X3IOfEH8wsjYP4y7xe3oq
Nudged types: Sessions
Notified types: Device Info
Refresh requested types: Passwords}
{"logTime": "0812/194540", "correlationVector":"2X3IOfEH8wsjYP4y7xe3oq.1","action":"SyncServerConnectionManagerRequest", "result":"SYNC_SERVER_OK", "context":{"environment":"Prod_WestUS_000v", "migrationStage":"NotStarted", "server":"GENERAL0100000A"}}
{"logTime": "0812/194540", "correlationVector":"2X3IOfEH8wsjYP4y7xe3oq.2","action":"GetUpdates Response", "result":"SYNCER_OK", "context":Received 0 update(s). cV=2X3IOfEH8wsjYP4y7xe3oq.0;server=GENERAL0100000A;cloudType=Consumer;environment=Prod_WestUS_000v;migrationStage=NotStarted}
{"logTime": "0812/194540", "correlationVector":"pgmm8L/PvQ9aUOCsp7iFHL","action":"Commit Request", "result":"", "context":Item count: 1
Contributing types: Sessions}
{"logTime": "0812/194540", "correlationVector":"pgmm8L/PvQ9aUOCsp7iFHL.1","action":"SyncServerConnectionManagerRequest", "result":"SYNC_SERVER_OK", "context":{"environment":"Prod_WestUS_000v", "migrationStage":"NotStarted", "server":"GENERAL0100000T"}}
{"logTime": "0812/194540", "correlationVector":"pgmm8L/PvQ9aUOCsp7iFHL.2","action":"Commit Response", "result":"SYNCER_OK", "context":Result: SYNCER_OK. cV=pgmm8L/PvQ9aUOCsp7iFHL.0;server=GENERAL0100000T;cloudType=Consumer;environment=Prod_WestUS_000v;migrationStage=NotStarted}
{"logTime": "0812/194610", "correlationVector":"w3sPj2JSKPLH32KIpfAh8y","action":"Commit Request", "result":"", "context":Item count: 4
Contributing types: Sessions}
{"logTime": "0812/194611", "correlationVector":"w3sPj2JSKPLH32KIpfAh8y.1","action":"SyncServerConnectionManagerRequest", "result":"SYNC_SERVER_OK", "context":{"environment":"Prod_WestUS_000v", "migrationStage":"NotStarted", "server":"general01000019"}}
{"logTime": "0812/194611", "correlationVector":"w3sPj2JSKPLH32KIpfAh8y.2","action":"Commit Response", "result":"SYNCER_OK", "context":Result: SYNCER_OK. cV=w3sPj2JSKPLH32KIpfAh8y.0;server=general01000019;cloudType=Consumer;environment=Prod_WestUS_000v;migrationStage=NotStarted}
{"logTime": "0812/200251", "correlationVector":"yedaHIfiBZKF7KK4Ffg4Ie","action":"Commit Request", "result":"", "context":Item count: 3
Contributing types: Typed URLs, Sessions}
{"logTime": "0812/200252", "correlationVector":"yedaHIfiBZKF7KK4Ffg4Ie.1","action":"SyncServerConnectionManagerRequest", "result":"SYNC_SERVER_OK", "context":{"environment":"Prod_WestUS_000v", "migrationStage":"NotStarted", "server":"GENERAL0100000Y"}}
{"logTime": "0812/200252", "correlationVector":"yedaHIfiBZKF7KK4Ffg4Ie.2","action":"Commit Response", "result":"SYNCER_OK", "context":Result: SYNCER_OK. cV=yedaHIfiBZKF7KK4Ffg4Ie.0;server=GENERAL0100000Y;cloudType=Consumer;environment=Prod_WestUS_000v;migrationStage=NotStarted}
{"logTime": "0812/205418", "correlationVector":"HUwvFPAGftqApM2y4mTLJj","action":"Normal GetUpdate request", "result":"", "context":cV=HUwvFPAGftqApM2y4mTLJj
Notified types: Typed URLs
Refresh requested types: Passwords}
{"logTime": "0812/205419", "correlationVector":"HUwvFPAGftqApM2y4mTLJj.1","action":"SyncServerConnectionManagerRequest", "result":"SYNC_SERVER_OK", "context":{"environment":"Prod_WestUS_000v", "migrationStage":"NotStarted", "server":"general01000001"}}
{"logTime": "0812/205419", "correlationVector":"HUwvFPAGftqApM2y4mTLJj.2","action":"GetUpdates", "result":"DeleteReceived", "context":{"id":"2ce9d1c5-9b8f-4acb-bca9-8b97378ebaf4", "isDeleted:":"true", "version":"1691873657981"}}
{"logTime": "0812/205419", "correlationVector":"HUwvFPAGftqApM2y4mTLJj.3","action":"GetUpdates Response", "result":"SYNCER_OK", "context":Received 14 update(s). cV=HUwvFPAGftqApM2y4mTLJj.0;server=general01000001;cloudType=Consumer;environment=Prod_WestUS_000v;migrationStage=NotStarted}
{"logTime": "0812/214458", "correlationVector":"ts4oddi2zq4dHLxQX2Iz0N","action":"Commit Request", "result":"", "context":Item count: 1
Contributing types: Sessions}
{"logTime": "0812/214459", "correlationVector":"ts4oddi2zq4dHLxQX2Iz0N.1","action":"SyncServerConnectionManagerRequest", "result":"SYNC_SERVER_OK", "context":{"environment":"Prod_WestUS_000v", "migrationStage":"NotStarted", "server":"GENERAL0100000E"}}
{"logTime": "0812/214459", "correlationVector":"ts4oddi2zq4dHLxQX2Iz0N.2","action":"Commit Response", "result":"SYNCER_OK", "context":Result: SYNCER_OK. cV=ts4oddi2zq4dHLxQX2Iz0N.0;server=GENERAL0100000E;cloudType=Consumer;environment=Prod_WestUS_000v;migrationStage=NotStarted}
{"logTime": "0812/220200", "correlationVector":"GOoKeIzrV79/CvNBCiy5Pw","action":"Normal GetUpdate request", "result":"", "context":cV=GOoKeIzrV79/CvNBCiy5Pw
Notified types: Typed URLs
Refresh requested types: Passwords}
{"logTime": "0812/220201", "correlationVector":"GOoKeIzrV79/CvNBCiy5Pw.1","action":"SyncServerConnectionManagerRequest", "result":"SYNC_SERVER_OK", "context":{"environment":"Prod_WestUS_000v", "migrationStage":"NotStarted", "server":"GENERAL0100000O"}}
{"logTime": "0812/220201", "correlationVector":"GOoKeIzrV79/CvNBCiy5Pw.2","action":"GetUpdates Response", "result":"SYNCER_OK", "context":Received 8 update(s). cV=GOoKeIzrV79/CvNBCiy5Pw.0;server=GENERAL0100000O;cloudType=Consumer;environment=Prod_WestUS_000v;migrationStage=NotStarted}
{"logTime": "0812/220935", "correlationVector":"M8yw+KyoxzT+O8UTkteD7S","action":"Commit Request", "result":"", "context":Item count: 3
Contributing types: Typed URLs}
{"logTime": "0812/220936", "correlationVector":"M8yw+KyoxzT+O8UTkteD7S.1","action":"SyncServerConnectionManagerRequest", "result":"SYNC_SERVER_OK", "context":{"environment":"Prod_WestUS_000v", "migrationStage":"NotStarted", "server":"general01000001"}}
{"logTime": "0812/220936", "correlationVector":"M8yw+KyoxzT+O8UTkteD7S.2","action":"Commit Response", "result":"SYNCER_OK", "context":Result: SYNCER_OK. cV=M8yw+KyoxzT+O8UTkteD7S.0;server=general01000001;cloudType=Consumer;environment=Prod_WestUS_000v;migrationStage=NotStarted}
{"logTime": "0812/220937", "correlationVector":"CDByBGkh/cAZoT8r6xF4V+","action":"Normal GetUpdate request", "result":"", "context":cV=CDByBGkh/cAZoT8r6xF4V+
Notified types: Typed URLs
Refresh requested types: Passwords}
{"logTime": "0812/220937", "correlationVector":"CDByBGkh/cAZoT8r6xF4V+.1","action":"SyncServerConnectionManagerRequest", "result":"SYNC_SERVER_OK", "context":{"environment":"Prod_WestUS_000v", "migrationStage":"NotStarted", "server":"GENERAL0100000S"}}
{"logTime": "0812/220937", "correlationVector":"CDByBGkh/cAZoT8r6xF4V+.2","action":"GetUpdates Response", "result":"SYNCER_OK", "context":Received 3 update(s). cV=CDByBGkh/cAZoT8r6xF4V+.0;server=GENERAL0100000S;cloudType=Consumer;environment=Prod_WestUS_000v;migrationStage=NotStarted}
{"logTime": "0812/222317", "correlationVector":"ox2R9AQvlaeZ/obPvCLYVY","action":"Commit Request", "result":"", "context":Item count: 5
Contributing types: Sessions}
{"logTime": "0812/222318", "correlationVector":"ox2R9AQvlaeZ/obPvCLYVY.1","action":"SyncServerConnectionManagerRequest", "result":"SYNC_SERVER_OK", "context":{"environment":"Prod_WestUS_000v", "migrationStage":"NotStarted", "server":"general0100000I"}}
{"logTime": "0812/222318", "correlationVector":"ox2R9AQvlaeZ/obPvCLYVY.2","action":"Commit Response", "result":"SYNCER_OK", "context":Result: SYNCER_OK. cV=ox2R9AQvlaeZ/obPvCLYVY.0;server=general0100000I;cloudType=Consumer;environment=Prod_WestUS_000v;migrationStage=NotStarted}
{"logTime": "0812/222605", "correlationVector":"JpE4mQJ54tZk4AFh+1aCk2","action":"Commit Request", "result":"", "context":Item count: 4
Contributing types: Typed URLs, Sessions}
{"logTime": "0812/222606", "correlationVector":"JpE4mQJ54tZk4AFh+1aCk2.1","action":"SyncServerConnectionManagerRequest", "result":"SYNC_SERVER_OK", "context":{"environment":"Prod_WestUS_000v", "migrationStage":"NotStarted", "server":"GENERAL01000011"}}
{"logTime": "0812/222606", "correlationVector":"JpE4mQJ54tZk4AFh+1aCk2.2","action":"Commit Response", "result":"SYNCER_OK", "context":Result: SYNCER_OK. cV=JpE4mQJ54tZk4AFh+1aCk2.0;server=GENERAL01000011;cloudType=Consumer;environment=Prod_WestUS_000v;migrationStage=NotStarted}
{"logTime": "0812/222652", "correlationVector":"GMugmo+w3Dq4A5dyvzQ0o7","action":"Commit Request", "result":"", "context":Item count: 1
Contributing types: Sessions}
{"logTime": "0812/222653", "correlationVector":"GMugmo+w3Dq4A5dyvzQ0o7.1","action":"SyncServerConnectionManagerRequest", "result":"SYNC_SERVER_OK", "context":{"environment":"Prod_WestUS_000v", "migrationStage":"NotStarted", "server":"GENERAL01000002"}}
{"logTime": "0812/222653", "correlationVector":"GMugmo+w3Dq4A5dyvzQ0o7.2","action":"Commit Response", "result":"SYNCER_OK", "context":Result: SYNCER_OK. cV=GMugmo+w3Dq4A5dyvzQ0o7.0;server=GENERAL01000002;cloudType=Consumer;environment=Prod_WestUS_000v;migrationStage=NotStarted}
{"logTime": "0812/222723", "correlationVector":"JhokLYnXCs0EkH3zfzM/PX","action":"Commit Request", "result":"", "context":Item count: 1
Contributing types: Sessions}
{"logTime": "0812/222723", "correlationVector":"JhokLYnXCs0EkH3zfzM/PX.1","action":"SyncServerConnectionManagerRequest", "result":"SYNC_SERVER_OK", "context":{"environment":"Prod_WestUS_000v", "migrationStage":"NotStarted", "server":"general0100000G"}}
{"logTime": "0812/222723", "correlationVector":"JhokLYnXCs0EkH3zfzM/PX.2","action":"Commit Response", "result":"SYNCER_OK", "context":Result: SYNCER_OK. cV=JhokLYnXCs0EkH3zfzM/PX.0;server=general0100000G;cloudType=Consumer;environment=Prod_WestUS_000v;migrationStage=NotStarted}
{"logTime": "0812/222753", "correlationVector":"/mVxyab1q5OLYuRb8u6SOX","action":"Commit Request", "result":"", "context":Item count: 4
Contributing types: Typed URLs, Sessions}
{"logTime": "0812/222754", "correlationVector":"/mVxyab1q5OLYuRb8u6SOX.1","action":"SyncServerConnectionManagerRequest", "result":"SYNC_SERVER_OK", "context":{"environment":"Prod_WestUS_000v", "migrationStage":"NotStarted", "server":"GENERAL0100000H"}}
{"logTime": "0812/222754", "correlationVector":"/mVxyab1q5OLYuRb8u6SOX.2","action":"Commit Response", "result":"SYNCER_OK", "context":Result: SYNCER_OK. cV=/mVxyab1q5OLYuRb8u6SOX.0;server=GENERAL0100000H;cloudType=Consumer;environment=Prod_WestUS_000v;migrationStage=NotStarted}
{"logTime": "0812/222824", "correlationVector":"uTIgxNNCSB6ry9iCYKqSrD","action":"Commit Request", "result":"", "context":Item count: 3
Contributing types: Sessions}
{"logTime": "0812/222825", "correlationVector":"uTIgxNNCSB6ry9iCYKqSrD.1","action":"SyncServerConnectionManagerRequest", "result":"SYNC_SERVER_OK", "context":{"environment":"Prod_WestUS_000v", "migrationStage":"NotStarted", "server":"GENERAL0100000Q"}}
{"logTime": "0812/222825", "correlationVector":"uTIgxNNCSB6ry9iCYKqSrD.2","action":"Commit Response", "result":"SYNCER_OK", "context":Result: SYNCER_OK. cV=uTIgxNNCSB6ry9iCYKqSrD.0;server=GENERAL0100000Q;cloudType=Consumer;environment=Prod_WestUS_000v;migrationStage=NotStarted}
{"logTime": "0812/222855", "correlationVector":"oZ4ZnKpdEvavMokQLcCI2M","action":"Commit Request", "result":"", "context":Item count: 3
Contributing types: Sessions}
{"logTime": "0812/222856", "correlationVector":"oZ4ZnKpdEvavMokQLcCI2M.1","action":"SyncServerConnectionManagerRequest", "result":"SYNC_SERVER_OK", "context":{"environment":"Prod_WestUS_000v", "migrationStage":"NotStarted", "server":"GENERAL01000000"}}
{"logTime": "0812/222856", "correlationVector":"oZ4ZnKpdEvavMokQLcCI2M.2","action":"Commit Response", "result":"SYNCER_OK", "context":Result: SYNCER_OK. cV=oZ4ZnKpdEvavMokQLcCI2M.0;server=GENERAL01000000;cloudType=Consumer;environment=Prod_WestUS_000v;migrationStage=NotStarted}
{"logTime": "0812/223017", "correlationVector":"AhWkoomr51QNk7SvakTANR","action":"Commit Request", "result":"", "context":Item count: 1
Contributing types: Sessions}
{"logTime": "0812/223018", "correlationVector":"AhWkoomr51QNk7SvakTANR.1","action":"SyncServerConnectionManagerRequest", "result":"SYNC_SERVER_OK", "context":{"environment":"Prod_WestUS_000v", "migrationStage":"NotStarted", "server":"GENERAL0100001B"}}
{"logTime": "0812/223018", "correlationVector":"AhWkoomr51QNk7SvakTANR.2","action":"Commit Response", "result":"SYNCER_OK", "context":Result: SYNCER_OK. cV=AhWkoomr51QNk7SvakTANR.0;server=GENERAL0100001B;cloudType=Consumer;environment=Prod_WestUS_000v;migrationStage=NotStarted}
{"logTime": "0812/223115", "correlationVector":"RlULSSbyROZ9hQFzb9ehKC","action":"Commit Request", "result":"", "context":Item count: 1
Contributing types: Sessions}
{"logTime": "0812/223116", "correlationVector":"RlULSSbyROZ9hQFzb9ehKC.1","action":"SyncServerConnectionManagerRequest", "result":"SYNC_SERVER_OK", "context":{"environment":"Prod_WestUS_000v", "migrationStage":"NotStarted", "server":"GENERAL0100000Z"}}
{"logTime": "0812/223116", "correlationVector":"RlULSSbyROZ9hQFzb9ehKC.2","action":"Commit Response", "result":"SYNCER_OK", "context":Result: SYNCER_OK. cV=RlULSSbyROZ9hQFzb9ehKC.0;server=GENERAL0100000Z;cloudType=Consumer;environment=Prod_WestUS_000v;migrationStage=NotStarted}
{"logTime": "0812/224125", "correlationVector":"xni87SK5dN/1myVDSCGnt8","action":"Commit Request", "result":"", "context":Item count: 3
Contributing types: Sessions}
{"logTime": "0812/224126", "correlationVector":"xni87SK5dN/1myVDSCGnt8.1","action":"SyncServerConnectionManagerRequest", "result":"SYNC_SERVER_OK", "context":{"environment":"Prod_WestUS_000v", "migrationStage":"NotStarted", "server":"GENERAL01000011"}}
{"logTime": "0812/224126", "correlationVector":"xni87SK5dN/1myVDSCGnt8.3","action":"Commit.Sessions", "result":"Success", "context":{"id":"379afce6-54ab-4063-ac40-d2f59ad98664", "isDeleted":"true", "size":"0", "version":"1691879476275"}}
{"logTime": "0812/224126", "correlationVector":"xni87SK5dN/1myVDSCGnt8.2","action":"Commit Response", "result":"SYNCER_OK", "context":Result: SYNCER_OK. cV=xni87SK5dN/1myVDSCGnt8.0;server=GENERAL01000011;cloudType=Consumer;environment=Prod_WestUS_000v;migrationStage=NotStarted}
{"logTime": "0812/233036", "correlationVector":"Hmqnh1BFpXTX8AnxnVi+xJ","action":"Commit Request", "result":"", "context":Item count: 4
Contributing types: Typed URLs, Sessions}
{"logTime": "0812/233038", "correlationVector":"Hmqnh1BFpXTX8AnxnVi+xJ.1","action":"SyncServerConnectionManagerRequest", "result":"SYNC_SERVER_OK", "context":{"environment":"Prod_WestUS_000v", "migrationStage":"NotStarted", "server":"GENERAL0100000D"}}
{"logTime": "0812/233038", "correlationVector":"Hmqnh1BFpXTX8AnxnVi+xJ.2","action":"Commit Response", "result":"SYNCER_OK", "context":Result: SYNCER_OK. cV=Hmqnh1BFpXTX8AnxnVi+xJ.0;server=GENERAL0100000D;cloudType=Consumer;environment=Prod_WestUS_000v;migrationStage=NotStarted}
{"logTime": "0812/233142", "correlationVector":"VOqCSvKb2i/xtbK4NBtUJO","action":"Commit Request", "result":"", "context":Item count: 3
Contributing types: Sessions}
{"logTime": "0812/233142", "correlationVector":"VOqCSvKb2i/xtbK4NBtUJO.1","action":"SyncServerConnectionManagerRequest", "result":"SYNC_SERVER_OK", "context":{"environment":"Prod_WestUS_000v", "migrationStage":"NotStarted", "server":"GENERAL0100000X"}}
{"logTime": "0812/233142", "correlationVector":"VOqCSvKb2i/xtbK4NBtUJO.2","action":"Commit Response", "result":"SYNCER_OK", "context":Result: SYNCER_OK. cV=VOqCSvKb2i/xtbK4NBtUJO.0;server=GENERAL0100000X;cloudType=Consumer;environment=Prod_WestUS_000v;migrationStage=NotStarted}
{"logTime": "0812/233225", "correlationVector":"aAiIvU3bveEeH2zJybHdsJ","action":"Commit Request", "result":"", "context":Item count: 5
Contributing types: Typed URLs, Sessions}
{"logTime": "0812/233226", "correlationVector":"aAiIvU3bveEeH2zJybHdsJ.1","action":"SyncServerConnectionManagerRequest", "result":"SYNC_SERVER_OK", "context":{"environment":"Prod_WestUS_000v", "migrationStage":"NotStarted", "server":"GENERAL0100000X"}}
{"logTime": "0812/233226", "correlationVector":"aAiIvU3bveEeH2zJybHdsJ.2","action":"Commit Response", "result":"SYNCER_OK", "context":Result: SYNCER_OK. cV=aAiIvU3bveEeH2zJybHdsJ.0;server=GENERAL0100000X;cloudType=Consumer;environment=Prod_WestUS_000v;migrationStage=NotStarted}
{"logTime": "0812/233339", "correlationVector":"fAc90oEMhmpW8EnahgENEy","action":"Commit Request", "result":"", "context":Item count: 6
Contributing types: Typed URLs, Sessions}
{"logTime": "0812/233339", "correlationVector":"fAc90oEMhmpW8EnahgENEy.1","action":"SyncServerConnectionManagerRequest", "result":"SYNC_SERVER_OK", "context":{"environment":"Prod_WestUS_000v", "migrationStage":"NotStarted", "server":"GENERAL0100000M"}}
{"logTime": "0812/233339", "correlationVector":"fAc90oEMhmpW8EnahgENEy.2","action":"Commit Response", "result":"SYNCER_OK", "context":Result: SYNCER_OK. cV=fAc90oEMhmpW8EnahgENEy.0;server=GENERAL0100000M;cloudType=Consumer;environment=Prod_WestUS_000v;migrationStage=NotStarted}
{"logTime": "0812/233545", "correlationVector":"PHbId0G+mwAdeW70TIXgMG","action":"Commit Request", "result":"", "context":Item count: 5
Contributing types: Typed URLs, Sessions}
{"logTime": "0812/233546", "correlationVector":"PHbId0G+mwAdeW70TIXgMG.1","action":"SyncServerConnectionManagerRequest", "result":"SYNC_SERVER_OK", "context":{"environment":"Prod_WestUS_000v", "migrationStage":"NotStarted", "server":"GENERAL01000016"}}
{"logTime": "0812/233546", "correlationVector":"PHbId0G+mwAdeW70TIXgMG.2","action":"Commit Response", "result":"SYNCER_OK", "context":Result: SYNCER_OK. cV=PHbId0G+mwAdeW70TIXgMG.0;server=GENERAL01000016;cloudType=Consumer;environment=Prod_WestUS_000v;migrationStage=NotStarted}
{"logTime": "0812/233633", "correlationVector":"mGiN7ygsD91DtHlyVTVpry","action":"Commit Request", "result":"", "context":Item count: 4
Contributing types: Sessions}
{"logTime": "0812/233634", "correlationVector":"mGiN7ygsD91DtHlyVTVpry.1","action":"SyncServerConnectionManagerRequest", "result":"SYNC_SERVER_OK", "context":{"environment":"Prod_WestUS_000v", "migrationStage":"NotStarted", "server":"GENERAL0100000U"}}
{"logTime": "0812/233634", "correlationVector":"mGiN7ygsD91DtHlyVTVpry.3","action":"Commit.Sessions", "result":"Success", "context":{"id":"4f35b828-dc28-4d17-bfa6-be9424764e46", "isDeleted":"true", "size":"0", "version":"1691883345724"}}
{"logTime": "0812/233634", "correlationVector":"mGiN7ygsD91DtHlyVTVpry.2","action":"Commit Response", "result":"SYNCER_OK", "context":Result: SYNCER_OK. cV=mGiN7ygsD91DtHlyVTVpry.0;server=GENERAL0100000U;cloudType=Consumer;environment=Prod_WestUS_000v;migrationStage=NotStarted}
{"logTime": "0812/234242", "correlationVector":"7aJAnaeR0pTxlH1hZ+7Abd","action":"Commit Request", "result":"", "context":Item count: 4
Contributing types: Sessions}
{"logTime": "0812/234243", "correlationVector":"7aJAnaeR0pTxlH1hZ+7Abd.1","action":"SyncServerConnectionManagerRequest", "result":"SYNC_SERVER_OK", "context":{"environment":"Prod_WestUS_000v", "migrationStage":"NotStarted", "server":"GENERAL0100000O"}}
{"logTime": "0812/234243", "correlationVector":"7aJAnaeR0pTxlH1hZ+7Abd.3","action":"Commit.Sessions", "result":"Success", "context":{"id":"b5167bf0-d6d0-47a1-85aa-630210598527", "isDeleted":"true", "size":"0", "version":"1691883394148"}}
{"logTime": "0812/234243", "correlationVector":"7aJAnaeR0pTxlH1hZ+7Abd.4","action":"Commit.Sessions", "result":"Success", "context":{"id":"7bc237f8-a1ea-4856-9b7f-c43ba790d817", "isDeleted":"true", "size":"0", "version":"1691883394149"}}
{"logTime": "0812/234243", "correlationVector":"7aJAnaeR0pTxlH1hZ+7Abd.2","action":"Commit Response", "result":"SYNCER_OK", "context":Result: SYNCER_OK. cV=7aJAnaeR0pTxlH1hZ+7Abd.0;server=GENERAL0100000O;cloudType=Consumer;environment=Prod_WestUS_000v;migrationStage=NotStarted}
{"logTime": "0812/235025", "correlationVector":"vFgT69+/ep8dlQH/sw8G5j","action":"Commit Request", "result":"", "context":Item count: 5
Contributing types: Typed URLs, Sessions}
{"logTime": "0812/235026", "correlationVector":"vFgT69+/ep8dlQH/sw8G5j.1","action":"SyncServerConnectionManagerRequest", "result":"SYNC_SERVER_OK", "context":{"environment":"Prod_WestUS_000v", "migrationStage":"NotStarted", "server":"GENERAL0100000Z"}}
{"logTime": "0812/235026", "correlationVector":"vFgT69+/ep8dlQH/sw8G5j.3","action":"Commit.Sessions", "result":"Success", "context":{"id":"5d129a7a-2fe2-474e-807a-280baf25ec4c", "isDeleted":"true", "size":"0", "version":"1691883146193"}}
{"logTime": "0812/235026", "correlationVector":"vFgT69+/ep8dlQH/sw8G5j.4","action":"Commit.Sessions", "result":"Success", "context":{"id":"e2784baf-87a4-4181-8507-4cc414c3aaa1", "isDeleted":"true", "size":"0", "version":"1691883102467"}}
{"logTime": "0812/235026", "correlationVector":"vFgT69+/ep8dlQH/sw8G5j.2","action":"Commit Response", "result":"SYNCER_OK", "context":Result: SYNCER_OK. cV=vFgT69+/ep8dlQH/sw8G5j.0;server=GENERAL0100000Z;cloudType=Consumer;environment=Prod_WestUS_000v;migrationStage=NotStarted}
{"logTime": "0812/235117", "correlationVector":"rFsm26U+2P3yOpnbbpoN5e","action":"Commit Request", "result":"", "context":Item count: 4
Contributing types: Sessions}
{"logTime": "0812/235118", "correlationVector":"rFsm26U+2P3yOpnbbpoN5e.1","action":"SyncServerConnectionManagerRequest", "result":"SYNC_SERVER_OK", "context":{"environment":"Prod_WestUS_000v", "migrationStage":"NotStarted", "server":"GENERAL0100000U"}}
{"logTime": "0812/235118", "correlationVector":"rFsm26U+2P3yOpnbbpoN5e.3","action":"Commit.Sessions", "result":"Success", "context":{"id":"ac556f7f-5acf-47ae-8007-c25145302359", "isDeleted":"true", "size":"0", "version":"1691883763248"}}
{"logTime": "0812/235118", "correlationVector":"rFsm26U+2P3yOpnbbpoN5e.2","action":"Commit Response", "result":"SYNCER_OK", "context":Result: SYNCER_OK. cV=rFsm26U+2P3yOpnbbpoN5e.0;server=GENERAL0100000U;cloudType=Consumer;environment=Prod_WestUS_000v;migrationStage=NotStarted}
{"logTime": "0812/235210", "correlationVector":"HLdrXhMnBIe6WKlJIjnht7","action":"Commit Request", "result":"", "context":Item count: 3
Contributing types: Sessions}
{"logTime": "0812/235211", "correlationVector":"HLdrXhMnBIe6WKlJIjnht7.1","action":"SyncServerConnectionManagerRequest", "result":"SYNC_SERVER_OK", "context":{"environment":"Prod_WestUS_000v", "migrationStage":"NotStarted", "server":"GENERAL01000017"}}
{"logTime": "0812/235211", "correlationVector":"HLdrXhMnBIe6WKlJIjnht7.2","action":"Commit Response", "result":"SYNCER_OK", "context":Result: SYNCER_OK. cV=HLdrXhMnBIe6WKlJIjnht7.0;server=GENERAL01000017;cloudType=Consumer;environment=Prod_WestUS_000v;migrationStage=NotStarted}
{"logTime": "0813/000030", "correlationVector":"ZlctgXih3zwJu8ciGbKfwT","action":"Commit Request", "result":"", "context":Item count: 4
Contributing types: Sessions}
{"logTime": "0813/000030", "correlationVector":"ZlctgXih3zwJu8ciGbKfwT.1","action":"SyncServerConnectionManagerRequest", "result":"SYNC_SERVER_OK", "context":{"environment":"Prod_WestUS_000v", "migrationStage":"NotStarted", "server":"GENERAL01000000"}}
{"logTime": "0813/000030", "correlationVector":"ZlctgXih3zwJu8ciGbKfwT.2","action":"Commit Response", "result":"SYNCER_OK", "context":Result: SYNCER_OK. cV=ZlctgXih3zwJu8ciGbKfwT.0;server=GENERAL01000000;cloudType=Consumer;environment=Prod_WestUS_000v;migrationStage=NotStarted}
{"logTime": "0813/001306", "correlationVector":"qQi9VHlqsT2Ygyx3lpHjoN","action":"Normal GetUpdate request", "result":"", "context":cV=qQi9VHlqsT2Ygyx3lpHjoN
Notified types: Typed URLs
Refresh requested types: Passwords}
{"logTime": "0813/001307", "correlationVector":"qQi9VHlqsT2Ygyx3lpHjoN.1","action":"SyncServerConnectionManagerRequest", "result":"SYNC_SERVER_OK", "context":{"environment":"Prod_WestUS_000v", "migrationStage":"NotStarted", "server":"GENERAL01000006"}}
{"logTime": "0813/001307", "correlationVector":"qQi9VHlqsT2Ygyx3lpHjoN.2","action":"GetUpdates", "result":"DeleteReceived", "context":{"id":"2911a3ef-cf39-4669-84f8-4159acb39d7f", "isDeleted:":"true", "version":"1691878329353"}}
{"logTime": "0813/001307", "correlationVector":"qQi9VHlqsT2Ygyx3lpHjoN.3","action":"GetUpdates", "result":"DeleteReceived", "context":{"id":"5ac64a99-2b1f-493a-b78c-dc8b7f65126f", "isDeleted:":"true", "version":"1691878679721"}}
{"logTime": "0813/001307", "correlationVector":"qQi9VHlqsT2Ygyx3lpHjoN.4","action":"GetUpdates", "result":"DeleteReceived", "context":{"id":"4f14bb18-8baa-49a3-b1f7-cae927853e2e", "isDeleted:":"true", "version":"1691878679722"}}
{"logTime": "0813/001307", "correlationVector":"qQi9VHlqsT2Ygyx3lpHjoN.5","action":"GetUpdates", "result":"DeleteReceived", "context":{"id":"379afce6-54ab-4063-ac40-d2f59ad98664", "isDeleted:":"true", "version":"1691880086120"}}
{"logTime": "0813/001307", "correlationVector":"qQi9VHlqsT2Ygyx3lpHjoN.6","action":"GetUpdates", "result":"DeleteReceived", "context":{"id":"7b0cb832-e657-4e72-9239-ea8b2b70ecbb", "isDeleted:":"true", "version":"1691881091746"}}
{"logTime": "0813/001307", "correlationVector":"qQi9VHlqsT2Ygyx3lpHjoN.7","action":"GetUpdates", "result":"DeleteReceived", "context":{"id":"4f35b828-dc28-4d17-bfa6-be9424764e46", "isDeleted:":"true", "version":"1691883394146"}}
{"logTime": "0813/001307", "correlationVector":"qQi9VHlqsT2Ygyx3lpHjoN.8","action":"GetUpdates", "result":"DeleteReceived", "context":{"id":"b5167bf0-d6d0-47a1-85aa-630210598527", "isDeleted:":"true", "version":"1691883763246"}}
{"logTime": "0813/001307", "correlationVector":"qQi9VHlqsT2Ygyx3lpHjoN.9","action":"GetUpdates", "result":"DeleteReceived", "context":{"id":"7bc237f8-a1ea-4856-9b7f-c43ba790d817", "isDeleted:":"true", "version":"1691883763247"}}
{"logTime": "0813/001307", "correlationVector":"qQi9VHlqsT2Ygyx3lpHjoN.10","action":"GetUpdates", "result":"DeleteReceived", "context":{"id":"5d129a7a-2fe2-474e-807a-280baf25ec4c", "isDeleted:":"true", "version":"1691884225533"}}
{"logTime": "0813/001307", "correlationVector":"qQi9VHlqsT2Ygyx3lpHjoN.11","action":"GetUpdates", "result":"DeleteReceived", "context":{"id":"e2784baf-87a4-4181-8507-4cc414c3aaa1", "isDeleted:":"true", "version":"1691884225535"}}
{"logTime": "0813/001307", "correlationVector":"qQi9VHlqsT2Ygyx3lpHjoN.12","action":"GetUpdates", "result":"DeleteReceived", "context":{"id":"ac556f7f-5acf-47ae-8007-c25145302359", "isDeleted:":"true", "version":"1691884277951"}}
{"logTime": "0813/001307", "correlationVector":"qQi9VHlqsT2Ygyx3lpHjoN.13","action":"GetUpdates", "result":"DeleteReceived", "context":{"id":"2f37c0bf-76ac-4fea-b8c4-5c44e992648b", "isDeleted:":"true", "version":"1691885019641"}}
{"logTime": "0813/001307", "correlationVector":"qQi9VHlqsT2Ygyx3lpHjoN.14","action":"GetUpdates", "result":"DeleteReceived", "context":{"id":"b287b0d7-b3d6-4e08-9d44-3a02d4ce7877", "isDeleted:":"true", "version":"1691885387043"}}
{"logTime": "0813/001307", "correlationVector":"qQi9VHlqsT2Ygyx3lpHjoN.15","action":"GetUpdates", "result":"DeleteReceived", "context":{"id":"4396ff7d-97c6-4309-84b5-12a92d1a8b6b", "isDeleted:":"true", "version":"1691885474924"}}
{"logTime": "0813/001307", "correlationVector":"qQi9VHlqsT2Ygyx3lpHjoN.16","action":"GetUpdates", "result":"DeleteReceived", "context":{"id":"a2a1fd80-52ea-4e28-bcc1-2d3e6bbe97bd", "isDeleted:":"true", "version":"1691885586174"}}
{"logTime": "0813/001307", "correlationVector":"qQi9VHlqsT2Ygyx3lpHjoN.17","action":"GetUpdates Response", "result":"SYNCER_OK", "context":Received 37 update(s). cV=qQi9VHlqsT2Ygyx3lpHjoN.0;server=GENERAL01000006;cloudType=Consumer;environment=Prod_WestUS_000v;migrationStage=NotStarted}
{"logTime": "0813/001713", "correlationVector":"NZraOsi6fkGqI+bGOiEf7u","action":"Normal GetUpdate request", "result":"", "context":cV=NZraOsi6fkGqI+bGOiEf7u
Notified types: Typed URLs
Refresh requested types: Passwords}
{"logTime": "0813/001713", "correlationVector":"NZraOsi6fkGqI+bGOiEf7u.1","action":"SyncServerConnectionManagerRequest", "result":"SYNC_SERVER_OK", "context":{"environment":"Prod_WestUS_000v", "migrationStage":"NotStarted", "server":"GENERAL0100000N"}}
{"logTime": "0813/001713", "correlationVector":"NZraOsi6fkGqI+bGOiEf7u.2","action":"GetUpdates", "result":"DeleteReceived", "context":{"id":"af166c02-ae74-4178-a8a3-ba261095f82a", "isDeleted:":"true", "version":"1691885619766"}}
{"logTime": "0813/001713", "correlationVector":"NZraOsi6fkGqI+bGOiEf7u.3","action":"GetUpdates", "result":"DeleteReceived", "context":{"id":"72e9efe0-3fad-4a27-902f-cf855c3bee2d", "isDeleted:":"true", "version":"1691885619767"}}
{"logTime": "0813/001713", "correlationVector":"NZraOsi6fkGqI+bGOiEf7u.4","action":"GetUpdates", "result":"DeleteReceived", "context":{"id":"f71d2c1b-8241-4448-aa70-43601546c473", "isDeleted:":"true", "version":"1691885619768"}}
{"logTime": "0813/001713", "correlationVector":"NZraOsi6fkGqI+bGOiEf7u.5","action":"GetUpdates", "result":"DeleteReceived", "context":{"id":"ffb2c933-c456-46e3-989d-610e937cf383", "isDeleted:":"true", "version":"1691885832478"}}
{"logTime": "0813/001713", "correlationVector":"NZraOsi6fkGqI+bGOiEf7u.6","action":"GetUpdates Response", "result":"SYNCER_OK", "context":Received 8 update(s). cV=NZraOsi6fkGqI+bGOiEf7u.0;server=GENERAL0100000N;cloudType=Consumer;environment=Prod_WestUS_000v;migrationStage=NotStarted}
{"logTime": "0813/002851", "correlationVector":"Zv23nnd26IXyof/VnOV8d7","action":"Normal GetUpdate request", "result":"", "context":cV=Zv23nnd26IXyof/VnOV8d7
Notified types: Typed URLs
Refresh requested types: Passwords}
{"logTime": "0813/002852", "correlationVector":"Zv23nnd26IXyof/VnOV8d7.1","action":"SyncServerConnectionManagerRequest", "result":"SYNC_SERVER_OK", "context":{"environment":"Prod_WestUS2_000n", "migrationStage":"NotStarted", "server":"GENERAL0100002M"}}
{"logTime": "0813/002852", "correlationVector":"Zv23nnd26IXyof/VnOV8d7.2","action":"GetUpdates", "result":"DeleteReceived", "context":{"id":"79a393bc-0f34-4014-80e5-15311c064d5b", "isDeleted:":"true", "version":"1691886065713"}}
{"logTime": "0813/002852", "correlationVector":"Zv23nnd26IXyof/VnOV8d7.3","action":"GetUpdates Response", "result":"SYNCER_OK", "context":Received 4 update(s). cV=Zv23nnd26IXyof/VnOV8d7.0;server=GENERAL0100002M;cloudType=Consumer;environment=Prod_WestUS2_000n;migrationStage=NotStarted}
{"logTime": "0813/005648", "correlationVector":"fhLtSKCSJVDPbNxK588B/D","action":"Commit Request", "result":"", "context":Item count: 14
Contributing types: Typed URLs, Sessions}
{"logTime": "0813/005649", "correlationVector":"fhLtSKCSJVDPbNxK588B/D.1","action":"SyncServerConnectionManagerRequest", "result":"SYNC_SERVER_OK", "context":{"environment":"Prod_WestUS_000v", "migrationStage":"NotStarted", "server":"GENERAL0100001C"}}
{"logTime": "0813/005649", "correlationVector":"fhLtSKCSJVDPbNxK588B/D.3","action":"Commit.Sessions", "result":"Success", "context":{"id":"d9bc089d-1241-4a94-8f59-fcf0fe2439d2", "isDeleted":"true", "size":"0", "version":"1691878997661"}}
{"logTime": "0813/005649", "correlationVector":"fhLtSKCSJVDPbNxK588B/D.4","action":"Commit.Sessions", "result":"Success", "context":{"id":"23ca55e5-0543-4940-90a4-5e779599c247", "isDeleted":"true", "size":"0", "version":"1691879274388"}}
{"logTime": "0813/005649", "correlationVector":"fhLtSKCSJVDPbNxK588B/D.5","action":"Commit.Sessions", "result":"Success", "context":{"id":"38fbc817-8818-4489-9b0b-d9ec7066c06c", "isDeleted":"true", "size":"0", "version":"1691879166027"}}
{"logTime": "0813/005649", "correlationVector":"fhLtSKCSJVDPbNxK588B/D.6","action":"Commit.Sessions", "result":"Success", "context":{"id":"d040932e-4587-430b-ad9f-0db8fa06c131", "isDeleted":"true", "size":"0", "version":"1691884830407"}}
{"logTime": "0813/005649", "correlationVector":"fhLtSKCSJVDPbNxK588B/D.2","action":"Commit Response", "result":"SYNCER_OK", "context":Result: SYNCER_OK. cV=fhLtSKCSJVDPbNxK588B/D.0;server=GENERAL0100001C;cloudType=Consumer;environment=Prod_WestUS_000v;migrationStage=NotStarted}
{"logTime": "0813/005721", "correlationVector":"SYUU5lnQuX9vgIXM7EEnzg","action":"Commit Request", "result":"", "context":Item count: 8
Contributing types: Sessions}
{"logTime": "0813/005722", "correlationVector":"SYUU5lnQuX9vgIXM7EEnzg.1","action":"SyncServerConnectionManagerRequest", "result":"SYNC_SERVER_OK", "context":{"environment":"Prod_WestUS_000v", "migrationStage":"NotStarted", "server":"GENERAL0100000P"}}
{"logTime": "0813/005722", "correlationVector":"SYUU5lnQuX9vgIXM7EEnzg.3","action":"Commit.Sessions", "result":"Success", "context":{"id":"d1d5c79d-007f-4472-a724-fade91f5bb30", "isDeleted":"true", "size":"0", "version":"1691888209160"}}
{"logTime": "0813/005722", "correlationVector":"SYUU5lnQuX9vgIXM7EEnzg.4","action":"Commit.Sessions", "result":"Success", "context":{"id":"f5d98ca3-25f0-43c4-a792-f551f2ec8cb5", "isDeleted":"true", "size":"0", "version":"1691888209164"}}
{"logTime": "0813/005722", "correlationVector":"SYUU5lnQuX9vgIXM7EEnzg.5","action":"Commit.Sessions", "result":"Success", "context":{"id":"7df8bf25-b0ae-455f-b8fc-295f786a7df3", "isDeleted":"true", "size":"0", "version":"1691888209165"}}
{"logTime": "0813/005722", "correlationVector":"SYUU5lnQuX9vgIXM7EEnzg.6","action":"Commit.Sessions", "result":"Success", "context":{"id":"d99b5e8a-fc2c-47b4-ae10-a6fdf3fbfe92", "isDeleted":"true", "size":"0", "version":"1691888209167"}}
{"logTime": "0813/005722", "correlationVector":"SYUU5lnQuX9vgIXM7EEnzg.7","action":"Commit.Sessions", "result":"Success", "context":{"id":"b0e64d61-12d2-48bf-9f8f-8fc31688a5e9", "isDeleted":"true", "size":"0", "version":"1691888209168"}}
{"logTime": "0813/005722", "correlationVector":"SYUU5lnQuX9vgIXM7EEnzg.8","action":"Commit.Sessions", "result":"Success", "context":{"id":"03fb137f-1406-4218-a0fb-266a39264187", "isDeleted":"true", "size":"0", "version":"1691888209170"}}
{"logTime": "0813/005722", "correlationVector":"SYUU5lnQuX9vgIXM7EEnzg.9","action":"Commit.Sessions", "result":"Success", "context":{"id":"099d40ef-c3a3-4774-948e-3ee22c2d4e5c", "isDeleted":"true", "size":"0", "version":"1691888209172"}}
{"logTime": "0813/005722", "correlationVector":"SYUU5lnQuX9vgIXM7EEnzg.2","action":"Commit Response", "result":"SYNCER_OK", "context":Result: SYNCER_OK. cV=SYUU5lnQuX9vgIXM7EEnzg.0;server=GENERAL0100000P;cloudType=Consumer;environment=Prod_WestUS_000v;migrationStage=NotStarted}
{"logTime": "0813/005822", "correlationVector":"GzVmoBBSCGD2FSZxjYzvtp","action":"Commit Request", "result":"", "context":Item count: 4
Contributing types: Typed URLs, Sessions}
{"logTime": "0813/005822", "correlationVector":"GzVmoBBSCGD2FSZxjYzvtp.1","action":"SyncServerConnectionManagerRequest", "result":"SYNC_SERVER_OK", "context":{"environment":"Prod_WestUS_000v", "migrationStage":"NotStarted", "server":"GENERAL0100000V"}}
{"logTime": "0813/005822", "correlationVector":"GzVmoBBSCGD2FSZxjYzvtp.2","action":"Commit Response", "result":"SYNCER_OK", "context":Result: SYNCER_OK. cV=GzVmoBBSCGD2FSZxjYzvtp.0;server=GENERAL0100000V;cloudType=Consumer;environment=Prod_WestUS_000v;migrationStage=NotStarted}
