2023-04-19 19:57:04.997 [info] Electron sandbox mode is enabled!
2023-04-19 19:57:05.009 [warning] Via 'product.json#extensionEnabledApiProposals' extension 'ms-vscode.vscode-selfhost-test-provider' wants API proposal 'testContinuousRun' but that proposal DOES NOT EXIST. Likely, the proposal has been finalized (check 'vscode.d.ts') or was abandoned.
2023-04-19 19:57:05.009 [warning] Via 'product.json#extensionEnabledApiProposals' extension 'ms-vscode.remote-repositories' wants API proposal 'contribEditorGutterMenu' but that proposal DOES NOT EXIST. Likely, the proposal has been finalized (check 'vscode.d.ts') or was abandoned.
2023-04-19 19:57:05.009 [warning] Via 'product.json#extensionEnabledApiProposals' extension 'github.vscode-pull-request-github' wants API proposal 'contribEditorGutterMenu' but that proposal DOES NOT EXIST. Likely, the proposal has been finalized (check 'vscode.d.ts') or was abandoned.
2023-04-19 19:57:05.010 [warning] Via 'product.json#extensionEnabledApiProposals' extension 'ms-toolsai.jupyter' wants API proposal 'notebookControllerKind' but that proposal DOES NOT EXIST. Likely, the proposal has been finalized (check 'vscode.d.ts') or was abandoned.
2023-04-19 19:57:05.307 [error] [UtilityProcessWorker]: terminated unexpectedly with code 1, signal: unknown
2023-04-19 19:57:05.307 [error] [File Watcher (universal)] restarting watcher after error: terminated by itself unexpectedly with code 1, signal: unknown
2023-04-19 19:57:05.314 [error] Extension host (LocalProcess) terminated unexpectedly. No extensions were activated.
2023-04-19 19:57:05.314 [info] Automatically restarting the extension host.
2023-04-19 19:57:05.387 [error] [UtilityProcessWorker]: terminated unexpectedly with code 1, signal: unknown
2023-04-19 19:57:05.387 [error] [File Watcher (universal)] restarting watcher after error: terminated by itself unexpectedly with code 1, signal: unknown
2023-04-19 19:57:05.452 [error] Extension host (LocalProcess) terminated unexpectedly. No extensions were activated.
2023-04-19 19:57:05.452 [info] Automatically restarting the extension host.
2023-04-19 19:57:05.457 [error] [UtilityProcessWorker]: terminated unexpectedly with code 1, signal: unknown
2023-04-19 19:57:05.457 [error] [File Watcher (universal)] restarting watcher after error: terminated by itself unexpectedly with code 1, signal: unknown
2023-04-19 19:57:05.574 [error] [UtilityProcessWorker]: terminated unexpectedly with code 1, signal: unknown
2023-04-19 19:57:05.575 [error] [File Watcher (universal)] restarting watcher after error: terminated by itself unexpectedly with code 1, signal: unknown
2023-04-19 19:57:05.643 [error] [UtilityProcessWorker]: terminated unexpectedly with code 1, signal: unknown
2023-04-19 19:57:05.643 [error] [File Watcher (universal)] restarting watcher after error: terminated by itself unexpectedly with code 1, signal: unknown
2023-04-19 19:57:05.706 [error] [UtilityProcessWorker]: terminated unexpectedly with code 1, signal: unknown
2023-04-19 19:57:05.706 [error] [File Watcher (universal)] gave up attempting to restart watcher after error: terminated by itself unexpectedly with code 1, signal: unknown
2023-04-19 19:57:07.960 [info] [perf] Render performance baseline is 51ms
2023-04-19 19:57:10.458 [error] Timed out waiting for authentication provider to register
2023-04-19 19:57:10.459 [warning] Settings Sync: Accounts are not initialized
2023-04-19 19:58:05.225 [error] Error received from starting extension host (kind: LocalProcess)
2023-04-19 19:58:05.225 [error] The local extension host took longer than 60s to send its ready message.
2023-04-19 19:58:05.350 [error] Error received from starting extension host (kind: LocalProcess)
2023-04-19 19:58:05.350 [error] The local extension host took longer than 60s to send its ready message.
2023-04-19 19:58:05.456 [error] Extension host (LocalProcess) terminated unexpectedly. No extensions were activated.
2023-04-19 19:59:05.419 [error] Error received from starting extension host (kind: LocalProcess)
2023-04-19 19:59:05.419 [error] The local extension host took longer than 60s to send its ready message.
