2023-07-22 16:49:53.412 [info] Log level: Info
2023-07-22 16:49:53.412 [info] Validating found git in: "git"
2023-07-22 16:49:53.412 [info] Using git "2.34.1" from "git"
2023-07-22 16:49:53.412 [info] > git rev-parse --show-toplevel [6ms]
2023-07-22 16:49:53.412 [info] > git rev-parse --git-dir --git-common-dir [47ms]
2023-07-22 16:49:53.412 [info] Open repository: /home/codedenma/personal/adv360-config
2023-07-22 16:49:53.412 [info] > git rev-parse --show-toplevel [34ms]
2023-07-22 16:49:53.413 [info] > git rev-parse --show-toplevel [3ms]
2023-07-22 16:49:53.416 [info] > git config --get commit.template [11ms]
2023-07-22 16:49:53.417 [info] > git rev-parse --show-toplevel [2ms]
2023-07-22 16:49:53.423 [info] > git for-each-ref --format=%(refname)%00%(upstream:short)%00%(objectname)%00%(upstream:track)%00%(upstream:remotename)%00%(upstream:remoteref) refs/heads/V2.0 refs/remotes/V2.0 [1ms]
2023-07-22 16:49:53.426 [info] > git rev-parse --show-toplevel [6ms]
2023-07-22 16:49:53.452 [info] > git status -z -uall [26ms]
2023-07-22 16:49:53.452 [info] > git rev-parse --show-toplevel [23ms]
2023-07-22 16:49:53.463 [info] > git rev-parse --show-toplevel [9ms]
2023-07-22 16:49:53.481 [info] > git rev-parse --show-toplevel [15ms]
2023-07-22 16:49:53.484 [info] > git config --get commit.template [22ms]
2023-07-22 16:49:53.485 [info] > git rev-parse --show-toplevel [1ms]
2023-07-22 16:49:53.491 [info] > git rev-parse --show-toplevel [3ms]
2023-07-22 16:49:53.494 [info] > git for-each-ref --format=%(refname)%00%(upstream:short)%00%(objectname)%00%(upstream:track)%00%(upstream:remotename)%00%(upstream:remoteref) refs/heads/V2.0 refs/remotes/V2.0 [4ms]
2023-07-22 16:49:53.497 [info] > git rev-parse --show-toplevel [4ms]
2023-07-22 16:49:53.500 [info] > git status -z -uall [3ms]
2023-07-22 16:49:53.713 [info] > git show --textconv :config/adv360.keymap [5ms]
2023-07-22 16:49:53.714 [info] > git ls-files --stage -- /home/codedenma/personal/adv360-config/config/adv360.keymap [1ms]
2023-07-22 16:49:53.720 [info] > git cat-file -s e80c955cb029a7e45d72321f2e3f0db9efa01e03 [2ms]
2023-07-22 16:49:53.882 [info] > git check-ignore -v -z --stdin [1ms]
2023-07-22 16:50:26.973 [info] > git show --textconv :config/macros.dtsi [17ms]
2023-07-22 16:50:26.977 [info] > git ls-files --stage -- /home/codedenma/personal/adv360-config/config/macros.dtsi [5ms]
2023-07-22 16:50:26.995 [info] > git cat-file -s cf22a21861b9b6bcb2e60e1829005a51771929c8 [4ms]
2023-07-22 16:50:29.940 [info] > git check-ignore -v -z --stdin [0ms]
2023-07-22 16:50:35.262 [info] > git show --textconv :config/adv360_left.keymap [4ms]
2023-07-22 16:50:35.262 [info] > git ls-files --stage -- /home/codedenma/personal/adv360-config/config/adv360_left.keymap [1ms]
2023-07-22 16:50:35.267 [info] > git cat-file -s bc222c6dad9c87abc024af78b1b0bfc457279f3d [1ms]
2023-07-22 16:51:27.502 [info] > git show --textconv :config/adv360.keymap [3ms]
2023-07-22 16:51:27.503 [info] > git ls-files --stage -- /home/codedenma/personal/adv360-config/config/adv360.keymap [1ms]
2023-07-22 16:51:27.506 [info] > git cat-file -s e80c955cb029a7e45d72321f2e3f0db9efa01e03 [1ms]
2023-07-22 16:52:48.603 [info] > git show --textconv :config/adv360.keymap [18ms]
2023-07-22 16:52:48.612 [info] > git ls-files --stage -- /home/codedenma/personal/adv360-config/config/adv360.keymap [11ms]
2023-07-22 16:52:48.626 [info] > git cat-file -s e80c955cb029a7e45d72321f2e3f0db9efa01e03 [2ms]
2023-07-22 16:52:59.728 [info] Log level: Info
2023-07-22 16:52:59.728 [info] Validating found git in: "git"
2023-07-22 16:52:59.728 [info] Using git "2.34.1" from "git"
2023-07-22 16:52:59.728 [info] > git rev-parse --show-toplevel [3ms]
2023-07-22 16:52:59.729 [info] > git rev-parse --git-dir --git-common-dir [12ms]
2023-07-22 16:52:59.732 [info] Open repository: /home/codedenma/personal/adv360-config
2023-07-22 16:52:59.744 [info] > git rev-parse --show-toplevel [9ms]
2023-07-22 16:52:59.751 [info] > git rev-parse --show-toplevel [5ms]
2023-07-22 16:52:59.755 [info] > git config --get commit.template [11ms]
2023-07-22 16:52:59.755 [info] > git rev-parse --show-toplevel [1ms]
2023-07-22 16:52:59.767 [info] > git rev-parse --show-toplevel [9ms]
2023-07-22 16:52:59.771 [info] > git for-each-ref --format=%(refname)%00%(upstream:short)%00%(objectname)%00%(upstream:track)%00%(upstream:remotename)%00%(upstream:remoteref) refs/heads/V2.0 refs/remotes/V2.0 [4ms]
2023-07-22 16:52:59.777 [info] > git status -z -uall [3ms]
2023-07-22 16:52:59.780 [info] > git rev-parse --show-toplevel [10ms]
2023-07-22 16:52:59.788 [info] > git config --get commit.template [2ms]
2023-07-22 16:52:59.788 [info] > git rev-parse --show-toplevel [5ms]
2023-07-22 16:52:59.792 [info] > git rev-parse --show-toplevel [1ms]
2023-07-22 16:52:59.797 [info] > git rev-parse --show-toplevel [3ms]
2023-07-22 16:52:59.800 [info] > git for-each-ref --format=%(refname)%00%(upstream:short)%00%(objectname)%00%(upstream:track)%00%(upstream:remotename)%00%(upstream:remoteref) refs/heads/V2.0 refs/remotes/V2.0 [3ms]
2023-07-22 16:52:59.803 [info] > git rev-parse --show-toplevel [3ms]
2023-07-22 16:52:59.806 [info] > git status -z -uall [3ms]
2023-07-22 16:52:59.808 [info] > git rev-parse --show-toplevel [2ms]
2023-07-22 16:53:00.045 [info] > git show --textconv :config/adv360.keymap [3ms]
2023-07-22 16:53:00.045 [info] > git ls-files --stage -- /home/codedenma/personal/adv360-config/config/adv360.keymap [1ms]
2023-07-22 16:53:00.049 [info] > git cat-file -s e80c955cb029a7e45d72321f2e3f0db9efa01e03 [1ms]
2023-07-22 16:53:00.320 [info] > git check-ignore -v -z --stdin [1ms]
2023-07-22 16:54:27.292 [info] > git check-ignore -v -z --stdin [3ms]
2023-07-22 16:54:29.124 [info] > git show --textconv :config/adv360.keymap [26ms]
2023-07-22 16:54:29.128 [info] > git ls-files --stage -- /home/codedenma/personal/adv360-config/config/adv360.keymap [13ms]
2023-07-22 16:54:29.142 [info] > git cat-file -s e80c955cb029a7e45d72321f2e3f0db9efa01e03 [3ms]
2023-07-22 16:58:15.704 [info] > git config --get commit.template [9ms]
2023-07-22 16:58:15.724 [info] > git for-each-ref --format=%(refname)%00%(upstream:short)%00%(objectname)%00%(upstream:track)%00%(upstream:remotename)%00%(upstream:remoteref) refs/heads/V2.0 refs/remotes/V2.0 [5ms]
2023-07-22 16:58:15.748 [info] > git status -z -uall [9ms]
2023-07-22 17:06:45.038 [info] > git show --textconv HEAD:config/adv360.keymap [9ms]
2023-07-22 17:06:45.038 [info] > git ls-tree -l HEAD -- /home/codedenma/personal/adv360-config/config/adv360.keymap [6ms]
2023-07-22 17:06:46.128 [info] > git add -A -- /home/codedenma/personal/adv360-config/config/adv360.keymap [15ms]
2023-07-22 17:06:46.168 [info] > git config --get commit.template [18ms]
2023-07-22 17:06:46.169 [info] > git for-each-ref --format=%(refname)%00%(upstream:short)%00%(objectname)%00%(upstream:track)%00%(upstream:remotename)%00%(upstream:remoteref) refs/heads/V2.0 refs/remotes/V2.0 [6ms]
2023-07-22 17:06:46.193 [info] > git status -z -uall [9ms]
2023-07-22 17:06:47.244 [info] > git config --get commit.template [19ms]
2023-07-22 17:06:47.245 [info] > git for-each-ref --format=%(refname)%00%(upstream:short)%00%(objectname)%00%(upstream:track)%00%(upstream:remotename)%00%(upstream:remoteref) refs/heads/V2.0 refs/remotes/V2.0 [5ms]
2023-07-22 17:06:47.268 [info] > git status -z -uall [9ms]
2023-07-22 17:06:47.343 [info] > git ls-files --stage -- /home/codedenma/personal/adv360-config/config/adv360.keymap [19ms]
2023-07-22 17:06:47.360 [info] > git ls-files --stage -- /home/codedenma/personal/adv360-config/config/adv360.keymap [18ms]
2023-07-22 17:06:47.401 [info] > git cat-file -s 66f4b848fcbf9a23ac8eacb48adb5fa73766ea33 [27ms]
2023-07-22 17:06:47.402 [info] > git cat-file -s 66f4b848fcbf9a23ac8eacb48adb5fa73766ea33 [46ms]
2023-07-22 17:06:47.416 [info] > git show --textconv :config/adv360.keymap [5ms]
2023-07-22 17:06:47.417 [info] > git show --textconv :config/adv360.keymap [2ms]
2023-07-22 17:06:51.160 [info] > git -c user.useConfigOnly=true commit --quiet --allow-empty-message --file - [14ms]
2023-07-22 17:06:51.160 [info] Author identity unknown

*** Please tell me who you are.

Run

  git config --global user.email "you@example.com"
  git config --global user.name "Your Name"

to set your account's default identity.
Omit --global to set the identity only in this repository.

fatal: no name was given and auto-detection is disabled
2023-07-22 17:06:51.166 [info] > git config --get-all user.name [1ms]
2023-07-22 17:06:51.176 [info] > git config --get commit.template [5ms]
2023-07-22 17:06:51.178 [info] > git for-each-ref --format=%(refname)%00%(upstream:short)%00%(objectname)%00%(upstream:track)%00%(upstream:remotename)%00%(upstream:remoteref) refs/heads/V2.0 refs/remotes/V2.0 [2ms]
2023-07-22 17:06:51.186 [info] > git status -z -uall [3ms]
2023-07-22 17:06:53.300 [info] > git config --get commit.template [3ms]
2023-07-22 17:06:53.300 [info] > git ls-files --stage -- /home/codedenma/personal/adv360-config/config/adv360.keymap [15ms]
2023-07-22 17:06:53.327 [info] > git ls-files --stage -- /home/codedenma/personal/adv360-config/config/adv360.keymap [10ms]
2023-07-22 17:06:53.333 [info] > git cat-file -s 66f4b848fcbf9a23ac8eacb48adb5fa73766ea33 [25ms]
2023-07-22 17:06:53.340 [info] > git cat-file -s 66f4b848fcbf9a23ac8eacb48adb5fa73766ea33 [8ms]
2023-07-22 17:06:53.341 [info] > git ls-files --stage -- /home/codedenma/personal/adv360-config/config/adv360.keymap [16ms]
2023-07-22 17:06:53.345 [info] > git for-each-ref --format=%(refname)%00%(upstream:short)%00%(objectname)%00%(upstream:track)%00%(upstream:remotename)%00%(upstream:remoteref) refs/heads/V2.0 refs/remotes/V2.0 [7ms]
2023-07-22 17:06:53.357 [info] > git status -z -uall [8ms]
2023-07-22 17:06:53.357 [info] > git show --textconv :config/adv360.keymap [4ms]
2023-07-22 17:06:53.359 [info] > git cat-file -s 66f4b848fcbf9a23ac8eacb48adb5fa73766ea33 [14ms]
2023-07-22 17:06:53.360 [info] > git show --textconv :config/adv360.keymap [4ms]
2023-07-22 17:06:53.365 [info] > git show --textconv :config/adv360.keymap [1ms]
2023-07-22 17:06:54.013 [info] > git ls-files --stage -- /home/codedenma/personal/adv360-config/config/adv360.keymap [2ms]
2023-07-22 17:06:54.022 [info] > git cat-file -s 66f4b848fcbf9a23ac8eacb48adb5fa73766ea33 [2ms]
2023-07-22 17:07:23.518 [info] > git config --get commit.template [3ms]
2023-07-22 17:07:23.518 [info] > git ls-files --stage -- /home/codedenma/personal/adv360-config/config/adv360.keymap [7ms]
2023-07-22 17:07:23.531 [info] > git ls-files --stage -- /home/codedenma/personal/adv360-config/config/adv360.keymap [1ms]
2023-07-22 17:07:23.535 [info] > git ls-files --stage -- /home/codedenma/personal/adv360-config/config/adv360.keymap [8ms]
2023-07-22 17:07:23.539 [info] > git cat-file -s 66f4b848fcbf9a23ac8eacb48adb5fa73766ea33 [17ms]
2023-07-22 17:07:23.544 [info] > git cat-file -s 66f4b848fcbf9a23ac8eacb48adb5fa73766ea33 [6ms]
2023-07-22 17:07:23.545 [info] > git cat-file -s 66f4b848fcbf9a23ac8eacb48adb5fa73766ea33 [11ms]
2023-07-22 17:07:23.549 [info] > git for-each-ref --format=%(refname)%00%(upstream:short)%00%(objectname)%00%(upstream:track)%00%(upstream:remotename)%00%(upstream:remoteref) refs/heads/V2.0 refs/remotes/V2.0 [6ms]
2023-07-22 17:07:23.562 [info] > git show --textconv :config/adv360.keymap [13ms]
2023-07-22 17:07:23.562 [info] > git status -z -uall [9ms]
2023-07-22 17:07:23.562 [info] > git show --textconv :config/adv360.keymap [4ms]
2023-07-22 17:07:23.564 [info] > git show --textconv :config/adv360.keymap [3ms]
2023-07-22 17:07:25.405 [info] > git ls-tree -l HEAD -- /home/codedenma/personal/adv360-config/config/adv360.keymap [3ms]
2023-07-22 17:07:26.185 [info] > git ls-files --stage -- /home/codedenma/personal/adv360-config/config/adv360.keymap [4ms]
2023-07-22 17:07:26.188 [info] > git ls-tree -l HEAD -- /home/codedenma/personal/adv360-config/config/adv360.keymap [4ms]
2023-07-22 17:07:26.188 [info] > git cat-file -s 66f4b848fcbf9a23ac8eacb48adb5fa73766ea33 [1ms]
2023-07-22 17:07:26.196 [info] > git show --textconv HEAD:config/adv360.keymap [4ms]
2023-07-22 17:07:26.197 [info] > git show --textconv :config/adv360.keymap [2ms]
2023-07-22 17:07:28.573 [info] > git config --get commit.template [4ms]
2023-07-22 17:07:28.574 [info] > git for-each-ref --format=%(refname)%00%(upstream:short)%00%(objectname)%00%(upstream:track)%00%(upstream:remotename)%00%(upstream:remoteref) refs/heads/V2.0 refs/remotes/V2.0 [0ms]
2023-07-22 17:07:28.579 [info] > git status -z -uall [2ms]
2023-07-22 17:07:43.869 [info] > git config --get commit.template [4ms]
2023-07-22 17:07:43.870 [info] > git for-each-ref --format=%(refname)%00%(upstream:short)%00%(objectname)%00%(upstream:track)%00%(upstream:remotename)%00%(upstream:remoteref) refs/heads/V2.0 refs/remotes/V2.0 [1ms]
2023-07-22 17:07:43.874 [info] > git status -z -uall [2ms]
2023-07-22 17:08:21.937 [info] > git show --textconv :config/adv360_right.keymap [4ms]
2023-07-22 17:08:21.938 [info] > git ls-files --stage -- /home/codedenma/personal/adv360-config/config/adv360_right.keymap [1ms]
2023-07-22 17:08:21.941 [info] > git cat-file -s bc222c6dad9c87abc024af78b1b0bfc457279f3d [1ms]
2023-07-22 17:08:30.097 [info] > git show --textconv :config/adv360.keymap [4ms]
2023-07-22 17:08:30.098 [info] > git ls-files --stage -- /home/codedenma/personal/adv360-config/config/adv360.keymap [1ms]
2023-07-22 17:08:30.103 [info] > git cat-file -s 66f4b848fcbf9a23ac8eacb48adb5fa73766ea33 [1ms]
2023-07-22 17:08:46.028 [info] > git show --textconv :config/adv360.keymap [3ms]
2023-07-22 17:08:46.029 [info] > git ls-files --stage -- /home/codedenma/personal/adv360-config/config/adv360.keymap [1ms]
2023-07-22 17:08:46.032 [info] > git cat-file -s 66f4b848fcbf9a23ac8eacb48adb5fa73766ea33 [1ms]
2023-07-22 17:13:36.022 [info] > git config --get commit.template [1ms]
2023-07-22 17:13:36.027 [info] > git for-each-ref --format=%(refname)%00%(upstream:short)%00%(objectname)%00%(upstream:track)%00%(upstream:remotename)%00%(upstream:remoteref) refs/heads/V2.0 refs/remotes/V2.0 [1ms]
2023-07-22 17:13:36.036 [info] > git status -z -uall [2ms]
2023-07-22 17:13:36.045 [info] > git ls-files --stage -- /home/codedenma/personal/adv360-config/config/adv360.keymap [1ms]
2023-07-22 17:13:36.049 [info] > git cat-file -s 66f4b848fcbf9a23ac8eacb48adb5fa73766ea33 [0ms]
2023-07-22 17:13:36.058 [info] > git show --textconv :config/adv360.keymap [1ms]
2023-07-22 17:13:41.059 [info] > git config --get commit.template [4ms]
2023-07-22 17:13:41.079 [info] > git for-each-ref --format=%(refname)%00%(upstream:short)%00%(objectname)%00%(upstream:track)%00%(upstream:remotename)%00%(upstream:remoteref) refs/heads/V2.0 refs/remotes/V2.0 [5ms]
2023-07-22 17:13:41.102 [info] > git status -z -uall [8ms]
2023-07-22 17:13:45.114 [info] > git show --textconv :README.md [18ms]
2023-07-22 17:13:45.114 [info] > git ls-files --stage -- /home/codedenma/personal/adv360-config/README.md [15ms]
2023-07-22 17:13:45.118 [info] > git cat-file -s f284f9e87c871d75f7bd26a831ecdfee9b40ff44 [0ms]
2023-07-22 17:13:55.601 [info] > git show --textconv :README.md [13ms]
2023-07-22 17:13:55.602 [info] > git ls-files --stage -- /home/codedenma/personal/adv360-config/README.md [5ms]
2023-07-22 17:13:55.612 [info] > git cat-file -s f284f9e87c871d75f7bd26a831ecdfee9b40ff44 [2ms]
2023-07-22 17:16:22.337 [info] > git config --get commit.template [8ms]
2023-07-22 17:16:22.338 [info] > git for-each-ref --format=%(refname)%00%(upstream:short)%00%(objectname)%00%(upstream:track)%00%(upstream:remotename)%00%(upstream:remoteref) refs/heads/V2.0 refs/remotes/V2.0 [2ms]
