2023-07-23 02:47:20.239 [info] Configuration changed
2023-07-23 02:47:20.439 [info] Configuration changed
2023-07-23 02:47:34.266 [info] Active editor: file:///home/codedenma/.config/tmux/conf/keybind.conf
2023-07-23 02:48:04.520 [info] /home/codedenma/.config/tmux/conf/keybind.conf closed
2023-07-23 02:48:05.813 [info] Active editor: file:///home/codedenma/.config/tmux/conf/keybind.conf
2023-07-23 02:50:59.944 [info] Active editor: file:///home/codedenma/.config/tmux/conf/opts.conf
2023-07-23 02:52:15.013 [info] Active editor: file:///home/codedenma/.config/tmux/conf/keybind.conf
2023-07-23 02:54:12.632 [info] Active editor: file:///home/codedenma/.config/tmux/conf/opts.conf
2023-07-23 02:54:21.596 [info] /home/codedenma/.config/tmux/conf/opts.conf closed
2023-07-23 02:54:21.609 [info] Active editor: file:///home/codedenma/.config/tmux/conf/skin_dark.conf
2023-07-23 02:54:24.833 [info] /home/codedenma/.config/tmux/conf/skin_dark.conf closed
2023-07-23 02:54:24.845 [info] Active editor: file:///home/codedenma/.config/tmux/conf/skin_light.conf
2023-07-23 02:54:25.376 [info] /home/codedenma/.config/tmux/conf/skin_light.conf closed
2023-07-23 02:54:25.396 [info] Active editor: file:///home/codedenma/.config/tmux/conf/skin_shared.conf
2023-07-23 02:54:26.042 [info] /home/codedenma/.config/tmux/conf/skin_shared.conf closed
2023-07-23 02:54:26.061 [info] Active editor: file:///home/codedenma/.config/tmux/conf/skin.conf
2023-07-23 02:54:28.352 [info] /home/codedenma/.config/tmux/conf/skin.conf closed
2023-07-23 02:54:28.371 [info] Active editor: file:///home/codedenma/.config/tmux/conf/opts.conf
2023-07-23 03:04:34.109 [info] Active editor: file:///home/codedenma/.config/tmux/plugins/tpm/tpm
2023-07-23 03:06:00.165 [info] Active editor: file:///home/codedenma/.config/tmux/conf/opts.conf
2023-07-23 03:11:39.552 [info] Active editor: file:///home/codedenma/.config/tmux/plugins/tpm/tpm
2023-07-23 03:11:42.832 [info] Active editor: file:///home/codedenma/.config/tmux/conf/opts.conf
2023-07-23 03:17:59.688 [info] Active editor: file:///home/codedenma/.config/tmux/conf/keybind.conf
2023-07-23 03:18:00.633 [info] Active editor: file:///home/codedenma/.config/tmux/conf/opts.conf
2023-07-23 03:18:03.385 [info] Active editor: file:///home/codedenma/.config/tmux/conf/keybind.conf
2023-07-23 03:18:04.053 [info] Active editor: file:///home/codedenma/.config/tmux/conf/opts.conf
2023-07-23 03:18:11.485 [info] Active editor: file:///home/codedenma/.config/tmux/conf/keybind.conf
2023-07-23 03:18:44.138 [info] Executing :w
2023-07-23 03:19:49.970 [info] /home/codedenma/.config/tmux/plugins/tpm/tpm closed
2023-07-23 03:19:49.970 [info] /home/codedenma/.config/tmux/plugins/tpm/tpm.git closed
2023-07-23 03:19:49.984 [info] Active editor: file:///home/codedenma/.config/tmux/conf/skin.conf
2023-07-23 03:19:56.581 [info] /home/codedenma/.config/tmux/conf/skin.conf closed
2023-07-23 03:19:56.591 [info] Active editor: file:///home/codedenma/.config/tmux/conf/skin_dark.conf
2023-07-23 03:19:58.139 [info] /home/codedenma/.config/tmux/conf/skin_dark.conf closed
2023-07-23 03:19:58.160 [info] Active editor: file:///home/codedenma/.config/tmux/conf/skin.conf
2023-07-23 03:19:58.808 [info] /home/codedenma/.config/tmux/conf/skin.conf closed
2023-07-23 03:19:58.826 [info] Active editor: file:///home/codedenma/.config/tmux/conf/skin_light.conf
2023-07-23 03:20:00.410 [info] /home/codedenma/.config/tmux/conf/skin_light.conf closed
2023-07-23 03:20:00.428 [info] Active editor: file:///home/codedenma/.config/tmux/conf/skin_shared.conf
2023-07-23 03:20:03.217 [info] /home/codedenma/.config/tmux/conf/skin_shared.conf closed
2023-07-23 03:20:03.235 [info] Active editor: file:///home/codedenma/.config/tmux/conf/skin.conf
2023-07-23 03:20:04.829 [info] /home/codedenma/.config/tmux/conf/skin.conf closed
2023-07-23 03:20:04.853 [info] Active editor: file:///home/codedenma/.config/tmux/conf/skin_shared.conf
2023-07-23 03:20:13.237 [info] Active editor: file:///home/codedenma/.config/tmux/conf/skin_dark.conf
2023-07-23 03:20:13.860 [info] /home/codedenma/.config/tmux/conf/skin_dark.conf closed
2023-07-23 03:20:13.881 [info] Active editor: file:///home/codedenma/.config/tmux/conf/skin_light.conf
2023-07-23 03:20:14.985 [info] /home/codedenma/.config/tmux/conf/skin_light.conf closed
2023-07-23 03:20:15.011 [info] Active editor: file:///home/codedenma/.config/tmux/conf/skin.conf
2023-07-23 03:20:15.643 [info] /home/codedenma/.config/tmux/conf/skin.conf closed
2023-07-23 03:20:15.664 [info] Active editor: file:///home/codedenma/.config/tmux/conf/skin_light.conf
2023-07-23 03:20:17.902 [info] /home/codedenma/.config/tmux/conf/skin_light.conf closed
2023-07-23 03:20:17.924 [info] Active editor: file:///home/codedenma/.config/tmux/conf/skin_dark.conf
2023-07-23 03:20:18.845 [info] /home/codedenma/.config/tmux/conf/skin_dark.conf closed
2023-07-23 03:20:18.865 [info] Active editor: file:///home/codedenma/.config/tmux/conf/skin.conf
2023-07-23 03:20:19.971 [info] Active editor: file:///home/codedenma/.config/tmux/conf/opts.conf
2023-07-23 03:20:20.852 [info] /home/codedenma/.config/tmux/conf/skin.conf closed
2023-07-23 03:20:20.870 [info] Active editor: file:///home/codedenma/.config/tmux/conf/skin_dark.conf
2023-07-23 03:20:21.248 [info] /home/codedenma/.config/tmux/conf/skin_dark.conf closed
2023-07-23 03:20:21.268 [info] Active editor: file:///home/codedenma/.config/tmux/conf/skin_light.conf
2023-07-23 03:20:21.670 [info] Active editor: file:///home/codedenma/.config/tmux/conf/skin_shared.conf
2023-07-23 03:20:22.020 [info] /home/codedenma/.config/tmux/conf/skin_light.conf closed
2023-07-23 03:20:22.034 [info] Active editor: file:///home/codedenma/.config/tmux/conf/skin.conf
2023-07-23 03:20:22.575 [info] Active editor: file:///home/codedenma/.config/tmux/conf/opts.conf
2023-07-23 03:20:22.927 [info] /home/codedenma/.config/tmux/conf/skin.conf closed
2023-07-23 03:20:22.947 [info] Active editor: file:///home/codedenma/.config/tmux/conf/skin_dark.conf
2023-07-23 03:20:24.100 [info] /home/codedenma/.config/tmux/conf/skin_dark.conf closed
2023-07-23 03:20:24.119 [info] Active editor: file:///home/codedenma/.config/tmux/conf/skin.conf
2023-07-23 03:20:25.694 [info] Active editor: file:///home/codedenma/.config/tmux/conf/skin_shared.conf
2023-07-23 03:20:27.588 [info] /home/codedenma/.config/tmux/conf/skin_shared.conf closed
2023-07-23 03:20:27.594 [info] Active editor: file:///home/codedenma/.config/tmux/conf/skin.conf
2023-07-23 03:22:15.976 [info] Active editor: file:///home/codedenma/.config/tmux/conf/keybind.conf
2023-07-23 03:22:19.306 [info] Active editor: file:///home/codedenma/.config/tmux/conf/opts.conf
