2023-07-22 16:51:51.618 [info] Active editor: file:///home/codedenma/personal/adv360-config/config/adv360.keymap
2023-07-22 16:52:45.478 [info] /home/codedenma/personal/adv360-config/config/adv360.keymap closed
2023-07-22 16:52:45.478 [info] /home/codedenma/personal/adv360-config/config/adv360.keymap.git closed
2023-07-22 16:52:48.350 [info] Active editor: file:///home/codedenma/personal/adv360-config/config/adv360.keymap
2023-07-22 16:58:26.230 [info] Active editor: file:///home/codedenma/personal/adv360-config/config/adv360.keymap
2023-07-22 17:06:45.050 [info] Active editor: file:///home/codedenma/personal/adv360-config/config/adv360.keymap
2023-07-22 17:06:54.693 [info] Active editor: git:/home/codedenma/personal/adv360-config/config/adv360.keymap?%7B%22path%22%3A%22%2Fhome%2Fcodedenma%2Fpersonal%2Fadv360-config%2Fconfig%2Fadv360.keymap%22%2C%22ref%22%3A%22~%22%7D
2023-07-22 17:07:32.366 [info] Active editor: file:///home/codedenma/personal/adv360-config/config/adv360.keymap
2023-07-22 17:07:49.645 [info] /home/codedenma/personal/adv360-config/config/adv360.keymap closed
2023-07-22 17:07:49.651 [info] Active editor: file:///home/codedenma/personal/adv360-config/config/adv360.keymap
2023-07-22 17:08:21.714 [info] Active editor: file:///home/codedenma/personal/adv360-config/config/adv360_right.keymap
2023-07-22 17:08:22.142 [info] Active editor: file:///home/codedenma/personal/adv360-config/config/adv360.keymap
2023-07-22 17:08:27.272 [info] /home/codedenma/personal/adv360-config/config/adv360.keymap closed
2023-07-22 17:08:27.272 [info] /home/codedenma/personal/adv360-config/config/adv360.keymap.git closed
2023-07-22 17:08:27.277 [info] Active editor: file:///home/codedenma/personal/adv360-config/config/adv360_right.keymap
2023-07-22 17:08:29.872 [info] /home/codedenma/personal/adv360-config/config/adv360_right.keymap closed
2023-07-22 17:08:29.872 [info] /home/codedenma/personal/adv360-config/config/adv360_right.keymap.git closed
2023-07-22 17:08:29.883 [info] Active editor: file:///home/codedenma/personal/adv360-config/config/adv360.keymap
2023-07-22 17:08:45.122 [info] /home/codedenma/personal/adv360-config/config/adv360.keymap closed
2023-07-22 17:08:45.122 [info] /home/codedenma/personal/adv360-config/config/adv360.keymap.git closed
2023-07-22 17:08:45.808 [info] Active editor: file:///home/codedenma/personal/adv360-config/config/adv360.keymap
2023-07-22 17:13:44.717 [info] /home/codedenma/personal/adv360-config/config/adv360.keymap closed
2023-07-22 17:13:44.718 [info] /home/codedenma/personal/adv360-config/config/adv360.keymap.git closed
2023-07-22 17:13:44.737 [info] Active editor: file:///home/codedenma/personal/adv360-config/README.md
2023-07-22 17:13:54.275 [info] /home/codedenma/personal/adv360-config/README.md closed
2023-07-22 17:13:54.276 [info] /home/codedenma/personal/adv360-config/README.md.git closed
2023-07-22 17:13:55.364 [info] Active editor: file:///home/codedenma/personal/adv360-config/README.md
