2023-06-18 22:40:40.866 [info] Reading sessions from secret storage...
2023-06-18 22:40:40.869 [info] Got 1 stored sessions
2023-06-18 22:40:40.869 [info] Refreshing token for scopes: email offline_access openid profile
2023-06-18 22:40:41.411 [info] Setting token for scopes: email offline_access openid profile
2023-06-18 22:40:41.411 [info] Token refresh success for scopes: email offline_access openid profile
2023-06-18 22:40:41.411 [info] Stored token for scopes: email offline_access openid profile
2023-06-18 22:40:41.413 [info] Getting sessions for all scopes...
2023-06-18 22:40:41.413 [info] Got 1 sessions for all scopes...
2023-06-18 22:40:41.414 [info] Getting sessions for the following scopes: email offline_access openid profile
2023-06-18 22:40:41.414 [info] Got 1 sessions for scopes: email offline_access openid profile
2023-06-18 22:40:41.414 [info] Token available from cache (for scopes email offline_access openid profile), expires in 5210997 milliseconds
2023-06-18 23:38:35.415 [info] Refreshing token for scopes: email offline_access openid profile
2023-06-18 23:38:35.879 [info] Setting token for scopes: email offline_access openid profile
2023-06-18 23:38:35.879 [info] Token refresh success for scopes: email offline_access openid profile
2023-06-18 23:38:35.879 [info] Triggering change session event...
2023-06-18 23:38:35.880 [info] Getting sessions for the following scopes: email offline_access openid profile
2023-06-18 23:38:35.880 [info] Got 1 sessions for scopes: email offline_access openid profile
2023-06-18 23:38:35.880 [info] Token available from cache (for scopes email offline_access openid profile), expires in 4888999 milliseconds
2023-06-18 23:38:43.879 [info] Stored token for scopes: email offline_access openid profile
2023-06-19 00:32:55.213 [info] Refreshing token for scopes: email offline_access openid profile
2023-06-19 00:32:55.500 [info] Setting token for scopes: email offline_access openid profile
2023-06-19 00:32:55.500 [info] Token refresh success for scopes: email offline_access openid profile
2023-06-19 00:32:55.501 [info] Triggering change session event...
2023-06-19 00:32:55.505 [info] Getting sessions for the following scopes: email offline_access openid profile
2023-06-19 00:32:55.505 [info] Got 1 sessions for scopes: email offline_access openid profile
2023-06-19 00:32:55.505 [info] Token available from cache (for scopes email offline_access openid profile), expires in 5069995 milliseconds
2023-06-19 00:33:11.163 [info] Stored token for scopes: email offline_access openid profile
