2023-04-19 19:53:15.913 [info] Electron sandbox mode is enabled!
2023-04-19 19:53:15.929 [warning] Via 'product.json#extensionEnabledApiProposals' extension 'ms-vscode.vscode-selfhost-test-provider' wants API proposal 'testContinuousRun' but that proposal DOES NOT EXIST. Likely, the proposal has been finalized (check 'vscode.d.ts') or was abandoned.
2023-04-19 19:53:15.929 [warning] Via 'product.json#extensionEnabledApiProposals' extension 'ms-vscode.remote-repositories' wants API proposal 'contribEditorGutterMenu' but that proposal DOES NOT EXIST. Likely, the proposal has been finalized (check 'vscode.d.ts') or was abandoned.
2023-04-19 19:53:15.930 [warning] Via 'product.json#extensionEnabledApiProposals' extension 'github.vscode-pull-request-github' wants API proposal 'contribEditorGutterMenu' but that proposal DOES NOT EXIST. Likely, the proposal has been finalized (check 'vscode.d.ts') or was abandoned.
2023-04-19 19:53:15.930 [warning] Via 'product.json#extensionEnabledApiProposals' extension 'ms-toolsai.jupyter' wants API proposal 'notebookControllerKind' but that proposal DOES NOT EXIST. Likely, the proposal has been finalized (check 'vscode.d.ts') or was abandoned.
2023-04-19 19:53:19.024 [info] [perf] Render performance baseline is 49ms
2023-04-19 19:55:11.194 [error] Unable to read file '/home/codedenma/personal/adv360-config/config/adv360.keymap' (Error: File not modified since): Error: Unable to read file '/home/codedenma/personal/adv360-config/config/adv360.keymap' (Error: File not modified since)
    at r.w (vscode-file://vscode-app/usr/share/code/resources/app/out/vs/workbench/workbench.desktop.main.js:620:17681)
    at r.v (vscode-file://vscode-app/usr/share/code/resources/app/out/vs/workbench/workbench.desktop.main.js:620:17513)
    at async m.G (vscode-file://vscode-app/usr/share/code/resources/app/out/vs/workbench/workbench.desktop.main.js:2340:37294)
    at async m.readStream (vscode-file://vscode-app/usr/share/code/resources/app/out/vs/workbench/workbench.desktop.main.js:2340:36989)
    at async js.Ab (vscode-file://vscode-app/usr/share/code/resources/app/out/vs/workbench/workbench.desktop.main.js:2331:54274)
    at async js.resolve (vscode-file://vscode-app/usr/share/code/resources/app/out/vs/workbench/workbench.desktop.main.js:2331:52679)
    at async vscode-file://vscode-app/usr/share/code/resources/app/out/vs/workbench/workbench.desktop.main.js:2340:33034
2023-04-19 19:56:54.371 [warning] [File Watcher (node.js)] Watcher shutdown because watched path got deleted
2023-04-19 19:56:55.399 [error] [Extension Host] Error: Repository not initialized
	at A.W (/usr/share/code/resources/app/extensions/git/dist/main.js:2:1529775)
	at A.checkIgnore (/usr/share/code/resources/app/extensions/git/dist/main.js:2:1528661)
	at c.g (/usr/share/code/resources/app/extensions/git/dist/main.js:2:1420524)
	at Timeout._onTimeout (/usr/share/code/resources/app/extensions/git/dist/main.js:2:1423828)
	at listOnTimeout (node:internal/timers:559:17)
	at process.processTimers (node:internal/timers:502:7)
