2023-06-18 22:40:40.414 [info] Log level: Info
2023-06-18 22:40:40.414 [info] Validating found git in: "git"
2023-06-18 22:40:40.414 [info] Using git "2.34.1" from "git"
2023-06-18 22:40:40.414 [info] > git rev-parse --show-toplevel [4ms]
2023-06-18 22:40:40.427 [info] > git rev-parse --git-dir --git-common-dir [10ms]
2023-06-18 22:40:40.433 [info] Open repository: /home/codedenma/personal/adv360-config
2023-06-18 22:40:40.443 [info] > git rev-parse --show-toplevel [7ms]
2023-06-18 22:40:40.447 [info] > git rev-parse --show-toplevel [2ms]
2023-06-18 22:40:40.450 [info] > git config --get commit.template [8ms]
2023-06-18 22:40:40.469 [info] > git rev-parse --show-toplevel [19ms]
2023-06-18 22:40:40.487 [info] > git rev-parse --show-toplevel [15ms]
2023-06-18 22:40:40.490 [info] > git for-each-ref --format=%(refname)%00%(upstream:short)%00%(objectname)%00%(upstream:track)%00%(upstream:remotename)%00%(upstream:remoteref) refs/heads/V2.0 refs/remotes/V2.0 [4ms]
2023-06-18 22:40:40.494 [info] > git rev-parse --show-toplevel [5ms]
2023-06-18 22:40:40.496 [info] > git status -z -uall [4ms]
2023-06-18 22:40:40.500 [info] > git rev-parse --show-toplevel [4ms]
2023-06-18 22:40:40.503 [info] > git rev-parse --show-toplevel [1ms]
2023-06-18 22:40:40.506 [info] > git rev-parse --show-toplevel [1ms]
2023-06-18 22:40:40.509 [info] > git rev-parse --show-toplevel [1ms]
2023-06-18 22:40:40.516 [info] > git show --textconv HEAD:config/adv360.keymap [3ms]
2023-06-18 22:40:40.517 [info] > git ls-tree -l HEAD -- /home/codedenma/personal/adv360-config/config/adv360.keymap [1ms]
2023-06-18 22:40:40.523 [info] > git ls-tree -l HEAD -- /home/codedenma/personal/adv360-config/config/adv360.keymap [1ms]
2023-06-18 22:40:40.952 [info] > git check-ignore -v -z --stdin [1ms]
2023-06-18 22:41:51.056 [info] > git ls-files --stage -- /home/codedenma/personal/adv360-config/config/adv360_left.keymap [1ms]
2023-06-18 22:41:51.061 [info] > git show --textconv :config/adv360_left.keymap [9ms]
2023-06-18 22:41:51.061 [info] > git cat-file -s bc222c6dad9c87abc024af78b1b0bfc457279f3d [3ms]
2023-06-18 22:41:52.569 [info] > git show --textconv :config/adv360_right.keymap [5ms]
2023-06-18 22:41:52.570 [info] > git ls-files --stage -- /home/codedenma/personal/adv360-config/config/adv360_right.keymap [1ms]
2023-06-18 22:41:52.575 [info] > git cat-file -s bc222c6dad9c87abc024af78b1b0bfc457279f3d [2ms]
2023-06-18 22:41:53.570 [info] > git show --textconv :config/adv360.keymap [10ms]
2023-06-18 22:41:53.571 [info] > git ls-files --stage -- /home/codedenma/personal/adv360-config/config/adv360.keymap [2ms]
2023-06-18 22:41:53.578 [info] > git cat-file -s 1fe335a25c1b3989c9436e688e3436f44706a795 [2ms]
2023-06-18 22:42:56.490 [info] > git for-each-ref --format=%(refname)%00%(upstream:short)%00%(objectname)%00%(upstream:track)%00%(upstream:remotename)%00%(upstream:remoteref) refs/heads/V2.0 refs/remotes/V2.0 [1ms]
2023-06-18 22:42:56.491 [info] > git config --get commit.template [6ms]
2023-06-18 22:42:56.503 [info] > git status -z -uall [9ms]
2023-06-18 22:42:56.503 [info] > git ls-files --stage -- /home/codedenma/personal/adv360-config/config/adv360_right.keymap [5ms]
2023-06-18 22:42:56.507 [info] > git cat-file -s bc222c6dad9c87abc024af78b1b0bfc457279f3d [2ms]
2023-06-18 22:42:56.507 [info] > git ls-files --stage -- /home/codedenma/personal/adv360-config/config/adv360.keymap [6ms]
2023-06-18 22:42:56.515 [info] > git cat-file -s 1fe335a25c1b3989c9436e688e3436f44706a795 [4ms]
2023-06-18 22:42:56.515 [info] > git show --textconv :config/adv360_right.keymap [0ms]
2023-06-18 22:42:56.519 [info] > git show --textconv :config/adv360.keymap [1ms]
2023-06-18 22:43:05.035 [info] > git show --textconv :config/adv360.keymap [15ms]
2023-06-18 22:43:05.036 [info] > git ls-files --stage -- /home/codedenma/personal/adv360-config/config/adv360.keymap [2ms]
2023-06-18 22:43:05.044 [info] > git cat-file -s 1fe335a25c1b3989c9436e688e3436f44706a795 [1ms]
2023-06-18 22:43:43.617 [info] > git config --get commit.template [18ms]
2023-06-18 22:43:43.618 [info] > git for-each-ref --format=%(refname)%00%(upstream:short)%00%(objectname)%00%(upstream:track)%00%(upstream:remotename)%00%(upstream:remoteref) refs/heads/V2.0 refs/remotes/V2.0 [4ms]
2023-06-18 22:43:43.644 [info] > git status -z -uall [10ms]
2023-06-18 22:43:45.502 [info] > git show --textconv :README.md [19ms]
2023-06-18 22:43:45.502 [info] > git ls-files --stage -- /home/codedenma/personal/adv360-config/README.md [16ms]
2023-06-18 22:43:45.506 [info] > git cat-file -s f284f9e87c871d75f7bd26a831ecdfee9b40ff44 [1ms]
2023-06-18 22:48:51.518 [info] > git show --textconv :config/keymap.json [10ms]
2023-06-18 22:48:51.518 [info] > git ls-files --stage -- /home/codedenma/personal/adv360-config/config/keymap.json [1ms]
2023-06-18 22:48:51.526 [info] > git cat-file -s 55d86ba2bdd7c665eddaf3d135f6d3de749fc35b [2ms]
2023-06-18 22:48:55.106 [info] > git show --textconv :config/macros.dtsi [3ms]
2023-06-18 22:48:55.107 [info] > git ls-files --stage -- /home/codedenma/personal/adv360-config/config/macros.dtsi [1ms]
2023-06-18 22:48:55.110 [info] > git cat-file -s 2ecd888642702c1b4afd28f3b5eb32f4e550a8cd [0ms]
2023-06-18 23:41:10.927 [info] > git check-ignore -v -z --stdin [1ms]
2023-06-18 23:41:20.041 [info] > git check-ignore -v -z --stdin [1ms]
2023-06-18 23:41:20.987 [info] > git check-ignore -v -z --stdin [1ms]
2023-06-18 23:41:22.065 [info] > git check-ignore -v -z --stdin [1ms]
2023-06-18 23:46:15.670 [info] > git config --get commit.template [19ms]
2023-06-18 23:46:15.672 [info] > git for-each-ref --format=%(refname)%00%(upstream:short)%00%(objectname)%00%(upstream:track)%00%(upstream:remotename)%00%(upstream:remoteref) refs/heads/V2.0 refs/remotes/V2.0 [5ms]
2023-06-18 23:46:15.691 [info] > git status -z -uall [7ms]
2023-06-18 23:48:56.491 [info] > git config --get commit.template [1ms]
2023-06-18 23:48:56.495 [info] > git for-each-ref --format=%(refname)%00%(upstream:short)%00%(objectname)%00%(upstream:track)%00%(upstream:remotename)%00%(upstream:remoteref) refs/heads/V2.0 refs/remotes/V2.0 [1ms]
2023-06-18 23:48:56.500 [info] > git status -z -uall [2ms]
2023-06-18 23:51:38.444 [info] > git config --get commit.template [0ms]
2023-06-18 23:51:38.448 [info] > git for-each-ref --format=%(refname)%00%(upstream:short)%00%(objectname)%00%(upstream:track)%00%(upstream:remotename)%00%(upstream:remoteref) refs/heads/V2.0 refs/remotes/V2.0 [1ms]
2023-06-18 23:51:38.453 [info] > git status -z -uall [2ms]
2023-06-18 23:53:52.005 [info] > git add -A -- . [2ms]
2023-06-18 23:53:52.013 [info] > git -c user.useConfigOnly=true commit --quiet --allow-empty-message --file - [4ms]
2023-06-18 23:53:52.013 [info] Author identity unknown

*** Please tell me who you are.

Run

  git config --global user.email "you@example.com"
  git config --global user.name "Your Name"

to set your account's default identity.
Omit --global to set the identity only in this repository.

fatal: no name was given and auto-detection is disabled
2023-06-18 23:53:52.018 [info] > git config --get-all user.name [0ms]
2023-06-18 23:53:52.023 [info] > git config --get commit.template [2ms]
2023-06-18 23:53:52.028 [info] > git for-each-ref --format=%(refname)%00%(upstream:short)%00%(objectname)%00%(upstream:track)%00%(upstream:remotename)%00%(upstream:remoteref) refs/heads/V2.0 refs/remotes/V2.0 [1ms]
2023-06-18 23:53:52.033 [info] > git status -z -uall [2ms]
2023-06-18 23:53:53.091 [info] > git config --get commit.template [4ms]
2023-06-18 23:53:53.091 [info] > git for-each-ref --format=%(refname)%00%(upstream:short)%00%(objectname)%00%(upstream:track)%00%(upstream:remotename)%00%(upstream:remoteref) refs/heads/V2.0 refs/remotes/V2.0 [1ms]
2023-06-18 23:53:53.096 [info] > git status -z -uall [2ms]
2023-06-18 23:53:53.194 [info] > git ls-files --stage -- /home/codedenma/personal/adv360-config/config/adv360.keymap [4ms]
2023-06-18 23:53:53.198 [info] > git cat-file -s 885bd411f3a5a9f431045935b84f266813bd712d [1ms]
2023-06-18 23:53:53.198 [info] > git ls-files --stage -- /home/codedenma/personal/adv360-config/config/macros.dtsi [5ms]
2023-06-18 23:53:53.202 [info] > git cat-file -s 07873625b0a5d88fb7c7e6f041015b4a8d034ac6 [0ms]
2023-06-18 23:53:53.213 [info] > git show --textconv :config/adv360.keymap [5ms]
2023-06-18 23:53:53.213 [info] > git show --textconv :config/macros.dtsi [1ms]
2023-06-18 23:53:58.112 [info] > git config --get commit.template [4ms]
2023-06-18 23:53:58.113 [info] > git for-each-ref --format=%(refname)%00%(upstream:short)%00%(objectname)%00%(upstream:track)%00%(upstream:remotename)%00%(upstream:remoteref) refs/heads/V2.0 refs/remotes/V2.0 [1ms]
2023-06-18 23:53:58.118 [info] > git status -z -uall [2ms]
2023-06-18 23:57:12.700 [info] > git config --get commit.template [0ms]
2023-06-18 23:57:12.712 [info] > git ls-files --stage -- /home/codedenma/personal/adv360-config/config/adv360.keymap [7ms]
2023-06-18 23:57:12.716 [info] > git for-each-ref --format=%(refname)%00%(upstream:short)%00%(objectname)%00%(upstream:track)%00%(upstream:remotename)%00%(upstream:remoteref) refs/heads/V2.0 refs/remotes/V2.0 [4ms]
2023-06-18 23:57:12.720 [info] > git ls-files --stage -- /home/codedenma/personal/adv360-config/config/macros.dtsi [12ms]
2023-06-18 23:57:12.723 [info] > git status -z -uall [4ms]
2023-06-18 23:57:12.725 [info] > git cat-file -s 885bd411f3a5a9f431045935b84f266813bd712d [9ms]
2023-06-18 23:57:12.726 [info] > git cat-file -s 07873625b0a5d88fb7c7e6f041015b4a8d034ac6 [3ms]
2023-06-18 23:57:12.765 [info] > git show --textconv :config/adv360.keymap [5ms]
2023-06-18 23:57:12.765 [info] > git show --textconv :config/macros.dtsi [1ms]
2023-06-18 23:57:17.763 [info] > git config --get commit.template [18ms]
2023-06-18 23:57:17.765 [info] > git for-each-ref --format=%(refname)%00%(upstream:short)%00%(objectname)%00%(upstream:track)%00%(upstream:remotename)%00%(upstream:remoteref) refs/heads/V2.0 refs/remotes/V2.0 [5ms]
2023-06-18 23:57:17.791 [info] > git status -z -uall [9ms]
2023-06-18 23:58:11.845 [info] > git config --get commit.template [4ms]
2023-06-18 23:58:11.846 [info] > git for-each-ref --format=%(refname)%00%(upstream:short)%00%(objectname)%00%(upstream:track)%00%(upstream:remotename)%00%(upstream:remoteref) refs/heads/V2.0 refs/remotes/V2.0 [1ms]
2023-06-18 23:58:11.852 [info] > git status -z -uall [2ms]
2023-06-18 23:58:25.003 [info] > git config --get commit.template [19ms]
2023-06-18 23:58:25.006 [info] > git for-each-ref --format=%(refname)%00%(upstream:short)%00%(objectname)%00%(upstream:track)%00%(upstream:remotename)%00%(upstream:remoteref) refs/heads/V2.0 refs/remotes/V2.0 [5ms]
2023-06-18 23:58:25.030 [info] > git status -z -uall [7ms]
2023-06-18 23:58:40.658 [info] > git add -A -- . [2ms]
2023-06-18 23:58:40.667 [info] > git -c user.useConfigOnly=true commit --quiet --allow-empty-message --file - [3ms]
2023-06-18 23:58:40.667 [info] Author identity unknown

*** Please tell me who you are.

Run

  git config --global user.email "you@example.com"
  git config --global user.name "Your Name"

to set your account's default identity.
Omit --global to set the identity only in this repository.

fatal: no name was given and auto-detection is disabled
2023-06-18 23:58:40.672 [info] > git config --get-all user.name [2ms]
2023-06-18 23:58:40.678 [info] > git config --get commit.template [1ms]
2023-06-18 23:58:40.682 [info] > git for-each-ref --format=%(refname)%00%(upstream:short)%00%(objectname)%00%(upstream:track)%00%(upstream:remotename)%00%(upstream:remoteref) refs/heads/V2.0 refs/remotes/V2.0 [1ms]
2023-06-18 23:58:40.687 [info] > git status -z -uall [1ms]
2023-06-18 23:58:41.744 [info] > git config --get commit.template [5ms]
2023-06-18 23:58:41.745 [info] > git for-each-ref --format=%(refname)%00%(upstream:short)%00%(objectname)%00%(upstream:track)%00%(upstream:remotename)%00%(upstream:remoteref) refs/heads/V2.0 refs/remotes/V2.0 [1ms]
2023-06-18 23:58:41.753 [info] > git status -z -uall [2ms]
2023-06-18 23:58:43.871 [info] > git ls-files --stage -- /home/codedenma/personal/adv360-config/config/adv360.keymap [4ms]
2023-06-18 23:58:43.874 [info] > git ls-files --stage -- /home/codedenma/personal/adv360-config/config/macros.dtsi [4ms]
2023-06-18 23:58:43.877 [info] > git cat-file -s 88386a6f1e368824a587098bc6f5fde77eb8cfdd [4ms]
2023-06-18 23:58:43.878 [info] > git cat-file -s 8884ae2cf5744953f6dab2a452d225ef45379dbb [1ms]
2023-06-18 23:58:43.885 [info] > git show --textconv :config/adv360.keymap [4ms]
2023-06-18 23:58:43.885 [info] > git show --textconv :config/macros.dtsi [1ms]
2023-06-18 23:58:46.770 [info] > git config --get commit.template [4ms]
2023-06-18 23:58:46.770 [info] > git for-each-ref --format=%(refname)%00%(upstream:short)%00%(objectname)%00%(upstream:track)%00%(upstream:remotename)%00%(upstream:remoteref) refs/heads/V2.0 refs/remotes/V2.0 [0ms]
2023-06-18 23:58:46.775 [info] > git status -z -uall [2ms]
2023-06-19 00:07:16.975 [info] > git ls-files --stage -- /home/codedenma/personal/adv360-config/config/adv360.keymap [6ms]
2023-06-19 00:07:16.980 [info] > git config --get commit.template [17ms]
2023-06-19 00:07:16.984 [info] > git ls-files --stage -- /home/codedenma/personal/adv360-config/config/macros.dtsi [10ms]
2023-06-19 00:07:16.989 [info] > git for-each-ref --format=%(refname)%00%(upstream:short)%00%(objectname)%00%(upstream:track)%00%(upstream:remotename)%00%(upstream:remoteref) refs/heads/V2.0 refs/remotes/V2.0 [5ms]
2023-06-19 00:07:16.994 [info] > git cat-file -s 88386a6f1e368824a587098bc6f5fde77eb8cfdd [13ms]
2023-06-19 00:07:16.994 [info] > git cat-file -s 8884ae2cf5744953f6dab2a452d225ef45379dbb [5ms]
2023-06-19 00:07:16.995 [info] > git status -z -uall [2ms]
2023-06-19 00:07:17.023 [info] > git show --textconv :config/adv360.keymap [5ms]
2023-06-19 00:07:17.023 [info] > git show --textconv :config/macros.dtsi [1ms]
2023-06-19 00:07:22.013 [info] > git config --get commit.template [6ms]
2023-06-19 00:07:22.014 [info] > git for-each-ref --format=%(refname)%00%(upstream:short)%00%(objectname)%00%(upstream:track)%00%(upstream:remotename)%00%(upstream:remoteref) refs/heads/V2.0 refs/remotes/V2.0 [1ms]
2023-06-19 00:07:22.022 [info] > git status -z -uall [3ms]
2023-06-19 00:12:47.178 [info] > git config --get commit.template [7ms]
2023-06-19 00:12:47.178 [info] > git for-each-ref --format=%(refname)%00%(upstream:short)%00%(objectname)%00%(upstream:track)%00%(upstream:remotename)%00%(upstream:remoteref) refs/heads/V2.0 refs/remotes/V2.0 [1ms]
2023-06-19 00:12:47.186 [info] > git status -z -uall [2ms]
2023-06-19 00:13:16.007 [info] > git config --get commit.template [5ms]
2023-06-19 00:13:16.007 [info] > git for-each-ref --format=%(refname)%00%(upstream:short)%00%(objectname)%00%(upstream:track)%00%(upstream:remotename)%00%(upstream:remoteref) refs/heads/V2.0 refs/remotes/V2.0 [1ms]
2023-06-19 00:13:16.013 [info] > git status -z -uall [2ms]
2023-06-19 00:14:27.248 [info] > git config --get commit.template [3ms]
2023-06-19 00:14:27.248 [info] > git for-each-ref --format=%(refname)%00%(upstream:short)%00%(objectname)%00%(upstream:track)%00%(upstream:remotename)%00%(upstream:remoteref) refs/heads/V2.0 refs/remotes/V2.0 [1ms]
2023-06-19 00:14:27.253 [info] > git status -z -uall [1ms]
2023-06-19 00:14:27.371 [info] > git ls-files --stage -- /home/codedenma/personal/adv360-config/config/adv360.keymap [19ms]
2023-06-19 00:14:27.388 [info] > git ls-files --stage -- /home/codedenma/personal/adv360-config/config/macros.dtsi [19ms]
2023-06-19 00:14:27.394 [info] > git cat-file -s 88386a6f1e368824a587098bc6f5fde77eb8cfdd [9ms]
2023-06-19 00:14:27.395 [info] > git cat-file -s 8884ae2cf5744953f6dab2a452d225ef45379dbb [1ms]
2023-06-19 00:14:27.401 [info] > git show --textconv :config/adv360.keymap [3ms]
2023-06-19 00:14:27.402 [info] > git show --textconv :config/macros.dtsi [1ms]
2023-06-19 00:14:32.271 [info] > git for-each-ref --format=%(refname)%00%(upstream:short)%00%(objectname)%00%(upstream:track)%00%(upstream:remotename)%00%(upstream:remoteref) refs/heads/V2.0 refs/remotes/V2.0 [2ms]
2023-06-19 00:14:32.271 [info] > git config --get commit.template [5ms]
2023-06-19 00:14:32.276 [info] > git status -z -uall [1ms]
2023-06-19 00:15:15.991 [info] > git config --get commit.template [1ms]
2023-06-19 00:15:15.998 [info] > git for-each-ref --format %(refname) %(objectname) %(*objectname) refs/tags [1ms]
2023-06-19 00:15:16.008 [info] > git status -z -uall [4ms]
2023-06-19 00:15:16.122 [info] > git ls-files --stage -- /home/codedenma/personal/adv360-config/config/adv360.keymap [19ms]
2023-06-19 00:15:16.139 [info] > git ls-files --stage -- /home/codedenma/personal/adv360-config/config/macros.dtsi [18ms]
2023-06-19 00:15:16.156 [info] > git cat-file -s 1fe335a25c1b3989c9436e688e3436f44706a795 [19ms]
2023-06-19 00:15:16.158 [info] > git cat-file -s 2ecd888642702c1b4afd28f3b5eb32f4e550a8cd [5ms]
2023-06-19 00:15:16.186 [info] > git show --textconv :config/adv360.keymap [13ms]
2023-06-19 00:15:16.187 [info] > git show --textconv :config/macros.dtsi [2ms]
2023-06-19 00:15:21.053 [info] > git config --get commit.template [20ms]
2023-06-19 00:15:21.054 [info] > git for-each-ref --format %(refname) %(objectname) %(*objectname) refs/tags [3ms]
2023-06-19 00:15:21.079 [info] > git status -z -uall [9ms]
2023-06-19 00:15:47.394 [info] > git config --get commit.template [1ms]
2023-06-19 00:15:47.398 [info] > git for-each-ref --format %(refname) %(objectname) %(*objectname) refs/tags [1ms]
2023-06-19 00:15:47.404 [info] > git status -z -uall [2ms]
2023-06-19 00:15:47.506 [info] > git ls-files --stage -- /home/codedenma/personal/adv360-config/config/adv360.keymap [4ms]
2023-06-19 00:15:47.509 [info] > git ls-files --stage -- /home/codedenma/personal/adv360-config/config/macros.dtsi [3ms]
2023-06-19 00:15:47.512 [info] > git cat-file -s 1fe335a25c1b3989c9436e688e3436f44706a795 [3ms]
2023-06-19 00:15:47.512 [info] > git cat-file -s 2ecd888642702c1b4afd28f3b5eb32f4e550a8cd [0ms]
2023-06-19 00:15:47.519 [info] > git show --textconv :config/adv360.keymap [3ms]
2023-06-19 00:15:47.520 [info] > git show --textconv :config/macros.dtsi [1ms]
2023-06-19 00:15:52.434 [info] > git config --get commit.template [10ms]
2023-06-19 00:15:52.434 [info] > git for-each-ref --format %(refname) %(objectname) %(*objectname) refs/tags [1ms]
2023-06-19 00:15:52.445 [info] > git status -z -uall [4ms]
2023-06-19 00:16:15.171 [info] > git config --get commit.template [4ms]
2023-06-19 00:16:15.171 [info] > git for-each-ref --format %(refname) %(objectname) %(*objectname) refs/tags [1ms]
2023-06-19 00:16:15.175 [info] > git status -z -uall [1ms]
2023-06-19 00:16:15.283 [info] > git ls-files --stage -- /home/codedenma/personal/adv360-config/config/adv360.keymap [13ms]
2023-06-19 00:16:15.289 [info] > git ls-files --stage -- /home/codedenma/personal/adv360-config/config/macros.dtsi [8ms]
2023-06-19 00:16:15.292 [info] > git cat-file -s 88386a6f1e368824a587098bc6f5fde77eb8cfdd [3ms]
2023-06-19 00:16:15.293 [info] > git cat-file -s 8884ae2cf5744953f6dab2a452d225ef45379dbb [1ms]
2023-06-19 00:16:15.299 [info] > git show --textconv :config/adv360.keymap [3ms]
2023-06-19 00:16:15.300 [info] > git show --textconv :config/macros.dtsi [1ms]
2023-06-19 00:16:20.193 [info] > git config --get commit.template [4ms]
2023-06-19 00:16:20.193 [info] > git for-each-ref --format %(refname) %(objectname) %(*objectname) refs/tags [0ms]
2023-06-19 00:16:20.198 [info] > git status -z -uall [2ms]
2023-06-19 00:16:50.185 [info] > git config --get commit.template [4ms]
2023-06-19 00:16:50.186 [info] > git for-each-ref --format %(refname) %(objectname) %(*objectname) refs/tags [1ms]
2023-06-19 00:16:50.191 [info] > git status -z -uall [2ms]
2023-06-19 00:17:49.073 [info] > git config --get commit.template [4ms]
2023-06-19 00:17:49.073 [info] > git for-each-ref --format %(refname) %(objectname) %(*objectname) refs/tags [1ms]
2023-06-19 00:17:49.078 [info] > git status -z -uall [2ms]
2023-06-19 00:17:59.269 [info] > git config --get commit.template [5ms]
2023-06-19 00:17:59.270 [info] > git for-each-ref --format %(refname) %(objectname) %(*objectname) refs/tags [1ms]
2023-06-19 00:17:59.278 [info] > git status -z -uall [4ms]
2023-06-19 00:18:41.706 [info] > git config --get commit.template [18ms]
2023-06-19 00:18:41.708 [info] > git for-each-ref --format %(refname) %(objectname) %(*objectname) refs/tags [3ms]
2023-06-19 00:18:41.733 [info] > git status -z -uall [9ms]
2023-06-19 00:19:05.017 [info] > git config --get commit.template [4ms]
2023-06-19 00:19:05.017 [info] > git for-each-ref --format %(refname) %(objectname) %(*objectname) refs/tags [0ms]
2023-06-19 00:19:05.022 [info] > git status -z -uall [2ms]
2023-06-19 00:20:10.626 [info] > git config --get commit.template [4ms]
2023-06-19 00:20:10.626 [info] > git for-each-ref --format %(refname) %(objectname) %(*objectname) refs/tags [0ms]
2023-06-19 00:20:10.632 [info] > git status -z -uall [2ms]
2023-06-19 00:20:42.185 [info] > git config --get commit.template [4ms]
2023-06-19 00:20:42.185 [info] > git for-each-ref --format %(refname) %(objectname) %(*objectname) refs/tags [1ms]
2023-06-19 00:20:42.190 [info] > git status -z -uall [2ms]
2023-06-19 00:20:42.298 [info] > git ls-files --stage -- /home/codedenma/personal/adv360-config/config/adv360.keymap [3ms]
2023-06-19 00:20:42.301 [info] > git ls-files --stage -- /home/codedenma/personal/adv360-config/config/macros.dtsi [4ms]
2023-06-19 00:20:42.304 [info] > git cat-file -s 88386a6f1e368824a587098bc6f5fde77eb8cfdd [3ms]
2023-06-19 00:20:42.305 [info] > git cat-file -s 8884ae2cf5744953f6dab2a452d225ef45379dbb [1ms]
2023-06-19 00:20:42.312 [info] > git show --textconv :config/adv360.keymap [4ms]
2023-06-19 00:20:42.313 [info] > git show --textconv :config/macros.dtsi [1ms]
2023-06-19 00:20:47.207 [info] > git config --get commit.template [3ms]
2023-06-19 00:20:47.207 [info] > git for-each-ref --format %(refname) %(objectname) %(*objectname) refs/tags [1ms]
2023-06-19 00:20:47.212 [info] > git status -z -uall [2ms]
2023-06-19 00:20:50.983 [info] > git ls-files --stage -- /home/codedenma/personal/adv360-config/config/adv360.keymap [3ms]
2023-06-19 00:20:50.986 [info] > git ls-files --stage -- /home/codedenma/personal/adv360-config/config/macros.dtsi [3ms]
2023-06-19 00:20:50.988 [info] > git cat-file -s a6cdcf1e9d5759c9b14ea7dc9393a73f7b615331 [3ms]
2023-06-19 00:20:50.989 [info] > git cat-file -s 8884ae2cf5744953f6dab2a452d225ef45379dbb [1ms]
2023-06-19 00:20:50.995 [info] > git show --textconv :config/adv360.keymap [3ms]
2023-06-19 00:20:50.996 [info] > git show --textconv :config/macros.dtsi [1ms]
2023-06-19 00:20:52.226 [info] > git config --get commit.template [4ms]
2023-06-19 00:20:52.226 [info] > git for-each-ref --format %(refname) %(objectname) %(*objectname) refs/tags [0ms]
2023-06-19 00:20:52.231 [info] > git status -z -uall [2ms]
2023-06-19 00:21:07.772 [info] > git config --get commit.template [20ms]
2023-06-19 00:21:07.773 [info] > git for-each-ref --format %(refname) %(objectname) %(*objectname) refs/tags [4ms]
2023-06-19 00:21:07.798 [info] > git status -z -uall [8ms]
2023-06-19 00:21:07.853 [info] > git ls-files --stage -- /home/codedenma/personal/adv360-config/config/macros.dtsi [2ms]
2023-06-19 00:21:07.869 [info] > git cat-file -s 8884ae2cf5744953f6dab2a452d225ef45379dbb [3ms]
2023-06-19 00:21:07.889 [info] > git show --textconv :config/macros.dtsi [4ms]
2023-06-19 00:21:08.543 [info] > git show --textconv :config/info.json [14ms]
2023-06-19 00:21:08.544 [info] > git ls-files --stage -- /home/codedenma/personal/adv360-config/config/info.json [2ms]
2023-06-19 00:21:08.551 [info] > git cat-file -s e1adb3d5deb39c9b7add61bc8a93498692e5222c [1ms]
2023-06-19 00:21:08.964 [info] > git show --textconv :config/adv360.keymap [17ms]
2023-06-19 00:21:08.966 [info] > git ls-files --stage -- /home/codedenma/personal/adv360-config/config/adv360.keymap [2ms]
2023-06-19 00:21:08.975 [info] > git cat-file -s a6cdcf1e9d5759c9b14ea7dc9393a73f7b615331 [2ms]
2023-06-19 00:21:12.822 [info] > git config --get commit.template [4ms]
2023-06-19 00:21:12.822 [info] > git for-each-ref --format %(refname) %(objectname) %(*objectname) refs/tags [0ms]
2023-06-19 00:21:12.827 [info] > git status -z -uall [2ms]
2023-06-19 00:21:26.268 [info] > git for-each-ref --sort -committerdate --format %(refname) %(objectname) %(*objectname) [1ms]
2023-06-19 00:21:37.958 [info] > git config --get commit.template [3ms]
2023-06-19 00:21:37.958 [info] > git for-each-ref --format %(refname) %(objectname) %(*objectname) refs/tags [0ms]
2023-06-19 00:21:37.963 [info] > git status -z -uall [2ms]
2023-06-19 00:21:38.061 [info] > git ls-files --stage -- /home/codedenma/personal/adv360-config/config/macros.dtsi [4ms]
2023-06-19 00:21:38.064 [info] > git ls-files --stage -- /home/codedenma/personal/adv360-config/config/adv360.keymap [4ms]
2023-06-19 00:21:38.067 [info] > git cat-file -s 8884ae2cf5744953f6dab2a452d225ef45379dbb [3ms]
2023-06-19 00:21:38.068 [info] > git cat-file -s a6cdcf1e9d5759c9b14ea7dc9393a73f7b615331 [1ms]
2023-06-19 00:21:38.075 [info] > git show --textconv :config/macros.dtsi [4ms]
2023-06-19 00:21:38.075 [info] > git show --textconv :config/adv360.keymap [1ms]
2023-06-19 00:21:42.978 [info] > git config --get commit.template [1ms]
2023-06-19 00:21:42.982 [info] > git for-each-ref --format %(refname) %(objectname) %(*objectname) refs/tags [1ms]
2023-06-19 00:21:42.986 [info] > git status -z -uall [2ms]
2023-06-19 00:22:11.922 [info] > git config --get commit.template [1ms]
2023-06-19 00:22:11.926 [info] > git for-each-ref --format %(refname) %(objectname) %(*objectname) refs/tags [1ms]
2023-06-19 00:22:11.930 [info] > git status -z -uall [1ms]
2023-06-19 00:22:36.927 [info] > git config --get commit.template [0ms]
2023-06-19 00:22:36.948 [info] > git for-each-ref --format %(refname) %(objectname) %(*objectname) refs/tags [1ms]
2023-06-19 00:22:36.959 [info] > git status -z -uall [3ms]
2023-06-19 00:22:52.634 [info] > git config --get commit.template [3ms]
2023-06-19 00:22:52.635 [info] > git for-each-ref --format %(refname) %(objectname) %(*objectname) refs/tags [1ms]
2023-06-19 00:22:52.639 [info] > git status -z -uall [2ms]
2023-06-19 00:23:02.133 [info] > git config --get commit.template [3ms]
2023-06-19 00:23:02.133 [info] > git for-each-ref --format %(refname) %(objectname) %(*objectname) refs/tags [0ms]
2023-06-19 00:23:02.138 [info] > git status -z -uall [2ms]
2023-06-19 00:23:13.161 [info] > git config --get commit.template [8ms]
2023-06-19 00:23:13.163 [info] > git for-each-ref --format %(refname) %(objectname) %(*objectname) refs/tags [3ms]
2023-06-19 00:23:13.174 [info] > git status -z -uall [4ms]
2023-06-19 00:23:25.729 [info] > git config --get commit.template [4ms]
2023-06-19 00:23:25.729 [info] > git for-each-ref --format %(refname) %(objectname) %(*objectname) refs/tags [1ms]
2023-06-19 00:23:25.734 [info] > git status -z -uall [2ms]
2023-06-19 00:24:01.879 [info] > git config --get commit.template [7ms]
2023-06-19 00:24:01.879 [info] > git for-each-ref --format %(refname) %(objectname) %(*objectname) refs/tags [1ms]
2023-06-19 00:24:01.888 [info] > git status -z -uall [3ms]
2023-06-19 00:24:46.417 [info] > git config --get commit.template [4ms]
2023-06-19 00:24:46.417 [info] > git for-each-ref --format %(refname) %(objectname) %(*objectname) refs/tags [1ms]
2023-06-19 00:24:46.422 [info] > git status -z -uall [2ms]
2023-06-19 00:24:55.778 [info] > git config --get commit.template [4ms]
2023-06-19 00:24:55.778 [info] > git for-each-ref --format %(refname) %(objectname) %(*objectname) refs/tags [1ms]
2023-06-19 00:24:55.783 [info] > git status -z -uall [1ms]
2023-06-19 00:25:11.991 [info] > git config --get commit.template [4ms]
2023-06-19 00:25:11.992 [info] > git for-each-ref --format %(refname) %(objectname) %(*objectname) refs/tags [1ms]
2023-06-19 00:25:11.998 [info] > git status -z -uall [2ms]
2023-06-19 00:30:06.062 [info] > git config --get commit.template [1ms]
2023-06-19 00:30:06.066 [info] > git for-each-ref --format %(refname) %(objectname) %(*objectname) refs/tags [1ms]
2023-06-19 00:30:06.071 [info] > git status -z -uall [2ms]
2023-06-19 00:33:11.173 [info] > git for-each-ref --format %(refname) %(objectname) %(*objectname) refs/tags [5ms]
2023-06-19 00:33:11.174 [info] > git show -s --format=%H%n%aN%n%aE%n%at%n%ct%n%P%n%D%n%B -z f5f782fdb5fffa88e73c28a46369f65569d75366 [1ms]
2023-06-19 00:33:11.189 [info] > git status -z -uall [10ms]
2023-06-19 00:33:11.189 [info] > git ls-files --stage -- /home/codedenma/personal/adv360-config/config/macros.dtsi [4ms]
2023-06-19 00:33:11.195 [info] > git cat-file -s cf22a21861b9b6bcb2e60e1829005a51771929c8 [2ms]
2023-06-19 00:33:11.195 [info] > git ls-files --stage -- /home/codedenma/personal/adv360-config/config/adv360.keymap [6ms]
2023-06-19 00:33:11.204 [info] > git cat-file -s 88386a6f1e368824a587098bc6f5fde77eb8cfdd [5ms]
2023-06-19 00:33:11.205 [info] > git show --textconv :config/macros.dtsi [2ms]
2023-06-19 00:33:11.210 [info] > git show --textconv :config/adv360.keymap [1ms]
2023-06-19 00:33:13.820 [info] > git show -s --format=%H%n%aN%n%aE%n%at%n%ct%n%P%n%D%n%B -z HEAD [3ms]
2023-06-19 00:33:13.821 [info] > git show -s --format=%H%n%aN%n%aE%n%at%n%ct%n%P%n%D%n%B -z REBASE_HEAD [1ms]
2023-06-19 00:33:13.889 [info] > git show --textconv :1:config/adv360.keymap [14ms]
2023-06-19 00:33:13.889 [info] > git show --textconv 653c9a203fad6880fe1b5ef0983f712cc85a356f:config/adv360.keymap [9ms]
2023-06-19 00:33:13.889 [info] > git show --textconv f5f782fdb5fffa88e73c28a46369f65569d75366:config/adv360.keymap [5ms]
2023-06-19 00:33:13.899 [info] > git ls-tree -l 653c9a203fad6880fe1b5ef0983f712cc85a356f -- /home/codedenma/personal/adv360-config/config/adv360.keymap [5ms]
2023-06-19 00:33:13.900 [info] > git ls-tree -l :1 -- /home/codedenma/personal/adv360-config/config/adv360.keymap [11ms]
2023-06-19 00:33:13.900 [info] fatal: Not a valid object name :1
2023-06-19 00:33:13.901 [info] > git ls-tree -l f5f782fdb5fffa88e73c28a46369f65569d75366 -- /home/codedenma/personal/adv360-config/config/adv360.keymap [3ms]
2023-06-19 00:33:16.216 [info] > git for-each-ref --format %(refname) %(objectname) %(*objectname) refs/tags [5ms]
2023-06-19 00:33:16.217 [info] > git show -s --format=%H%n%aN%n%aE%n%at%n%ct%n%P%n%D%n%B -z f5f782fdb5fffa88e73c28a46369f65569d75366 [1ms]
2023-06-19 00:33:16.224 [info] > git status -z -uall [3ms]
2023-06-19 00:34:26.632 [info] > git add -A -- /home/codedenma/personal/adv360-config/config/adv360.keymap [1ms]
2023-06-19 00:34:26.642 [info] > git for-each-ref --format %(refname) %(objectname) %(*objectname) refs/tags [4ms]
2023-06-19 00:34:26.643 [info] > git show -s --format=%H%n%aN%n%aE%n%at%n%ct%n%P%n%D%n%B -z f5f782fdb5fffa88e73c28a46369f65569d75366 [1ms]
2023-06-19 00:34:26.649 [info] > git status -z -uall [2ms]
2023-06-19 00:34:27.783 [info] > git for-each-ref --format %(refname) %(objectname) %(*objectname) refs/tags [4ms]
2023-06-19 00:34:27.783 [info] > git show -s --format=%H%n%aN%n%aE%n%at%n%ct%n%P%n%D%n%B -z f5f782fdb5fffa88e73c28a46369f65569d75366 [1ms]
2023-06-19 00:34:27.788 [info] > git status -z -uall [2ms]
2023-06-19 00:34:27.897 [info] > git ls-files --stage -- /home/codedenma/personal/adv360-config/config/adv360.keymap [4ms]
2023-06-19 00:34:27.912 [info] > git ls-files --stage -- /home/codedenma/personal/adv360-config/config/macros.dtsi [34ms]
2023-06-19 00:34:27.921 [info] > git cat-file -s d41cde285231635138cf6b7e6e4f872eeec7393f [10ms]
2023-06-19 00:34:27.922 [info] > git cat-file -s cf22a21861b9b6bcb2e60e1829005a51771929c8 [2ms]
2023-06-19 00:34:27.935 [info] > git show --textconv :config/adv360.keymap [5ms]
2023-06-19 00:34:27.935 [info] > git show --textconv :config/macros.dtsi [1ms]
2023-06-19 00:34:32.814 [info] > git for-each-ref --format %(refname) %(objectname) %(*objectname) refs/tags [4ms]
2023-06-19 00:34:32.815 [info] > git show -s --format=%H%n%aN%n%aE%n%at%n%ct%n%P%n%D%n%B -z f5f782fdb5fffa88e73c28a46369f65569d75366 [1ms]
2023-06-19 00:34:32.828 [info] > git status -z -uall [2ms]
2023-06-19 00:35:01.904 [info] > git for-each-ref --format %(refname) %(objectname) %(*objectname) refs/tags [6ms]
2023-06-19 00:35:01.904 [info] > git config --get commit.template [12ms]
2023-06-19 00:35:01.916 [info] > git ls-files --stage -- /home/codedenma/personal/adv360-config/config/macros.dtsi [6ms]
2023-06-19 00:35:01.921 [info] > git show -s --format=%H%n%aN%n%aE%n%at%n%ct%n%P%n%D%n%B -z f5f782fdb5fffa88e73c28a46369f65569d75366 [18ms]
2023-06-19 00:35:01.926 [info] > git cat-file -s cf22a21861b9b6bcb2e60e1829005a51771929c8 [5ms]
2023-06-19 00:35:01.927 [info] > git ls-files --stage -- /home/codedenma/personal/adv360-config/config/adv360.keymap [11ms]
2023-06-19 00:35:01.931 [info] > git status -z -uall [6ms]
2023-06-19 00:35:01.933 [info] > git cat-file -s d41cde285231635138cf6b7e6e4f872eeec7393f [3ms]
2023-06-19 00:35:01.961 [info] > git show --textconv :config/macros.dtsi [1ms]
2023-06-19 00:35:01.971 [info] > git show --textconv :config/adv360.keymap [1ms]
2023-06-19 00:35:39.229 [info] > git for-each-ref --format %(refname) %(objectname) %(*objectname) refs/tags [6ms]
2023-06-19 00:35:39.229 [info] > git config --get commit.template [12ms]
2023-06-19 00:35:39.230 [info] > git show -s --format=%H%n%aN%n%aE%n%at%n%ct%n%P%n%D%n%B -z f5f782fdb5fffa88e73c28a46369f65569d75366 [2ms]
2023-06-19 00:35:39.237 [info] > git status -z -uall [2ms]
2023-06-19 00:35:41.965 [info] > git for-each-ref --sort -committerdate --format %(refname) %(objectname) %(*objectname) [4ms]
2023-06-19 00:36:29.140 [info] > git config --get commit.template [1ms]
2023-06-19 00:36:29.155 [info] > git for-each-ref --format %(refname) %(objectname) %(*objectname) refs/tags [8ms]
2023-06-19 00:36:29.156 [info] > git show -s --format=%H%n%aN%n%aE%n%at%n%ct%n%P%n%D%n%B -z f5f782fdb5fffa88e73c28a46369f65569d75366 [1ms]
2023-06-19 00:36:29.180 [info] > git status -z -uall [11ms]
2023-06-19 00:36:29.180 [info] > git ls-files --stage -- /home/codedenma/personal/adv360-config/config/macros.dtsi [5ms]
2023-06-19 00:36:29.184 [info] > git cat-file -s cf22a21861b9b6bcb2e60e1829005a51771929c8 [1ms]
2023-06-19 00:36:29.185 [info] > git ls-files --stage -- /home/codedenma/personal/adv360-config/config/adv360.keymap [6ms]
2023-06-19 00:36:29.192 [info] > git cat-file -s d41cde285231635138cf6b7e6e4f872eeec7393f [4ms]
2023-06-19 00:36:29.193 [info] > git show --textconv :config/macros.dtsi [1ms]
2023-06-19 00:36:29.198 [info] > git show --textconv :config/adv360.keymap [1ms]
2023-06-19 00:36:31.346 [info] > git for-each-ref --sort -committerdate --format %(refname) %(objectname) %(*objectname) [1ms]
2023-06-19 00:36:33.233 [info] > git checkout -q V2.0 [2ms]
2023-06-19 00:36:33.247 [info] > git for-each-ref --format=%(refname)%00%(upstream:short)%00%(objectname)%00%(upstream:track)%00%(upstream:remotename)%00%(upstream:remoteref) refs/heads/V2.0 refs/remotes/V2.0 [1ms]
2023-06-19 00:36:33.247 [info] > git show -s --format=%H%n%aN%n%aE%n%at%n%ct%n%P%n%D%n%B -z f5f782fdb5fffa88e73c28a46369f65569d75366 [5ms]
2023-06-19 00:36:33.247 [info] > git config --get commit.template [8ms]
2023-06-19 00:36:33.252 [info] > git status -z -uall [2ms]
2023-06-19 00:36:35.217 [info] > git for-each-ref --format=%(refname)%00%(upstream:short)%00%(objectname)%00%(upstream:track)%00%(upstream:remotename)%00%(upstream:remoteref) refs/heads/V2.0 refs/remotes/V2.0 [4ms]
2023-06-19 00:36:35.217 [info] > git config --get commit.template [8ms]
2023-06-19 00:36:35.218 [info] > git show -s --format=%H%n%aN%n%aE%n%at%n%ct%n%P%n%D%n%B -z f5f782fdb5fffa88e73c28a46369f65569d75366 [2ms]
2023-06-19 00:36:35.224 [info] > git status -z -uall [2ms]
2023-06-19 00:36:35.345 [info] > git ls-files --stage -- /home/codedenma/personal/adv360-config/config/macros.dtsi [19ms]
2023-06-19 00:36:35.362 [info] > git ls-files --stage -- /home/codedenma/personal/adv360-config/config/adv360.keymap [19ms]
2023-06-19 00:36:35.379 [info] > git cat-file -s 8884ae2cf5744953f6dab2a452d225ef45379dbb [19ms]
2023-06-19 00:36:35.381 [info] > git cat-file -s 88386a6f1e368824a587098bc6f5fde77eb8cfdd [4ms]
2023-06-19 00:36:35.396 [info] > git show --textconv :config/macros.dtsi [3ms]
2023-06-19 00:36:35.397 [info] > git show --textconv :config/adv360.keymap [1ms]
2023-06-19 00:36:40.250 [info] > git for-each-ref --format=%(refname)%00%(upstream:short)%00%(objectname)%00%(upstream:track)%00%(upstream:remotename)%00%(upstream:remoteref) refs/heads/V2.0 refs/remotes/V2.0 [4ms]
2023-06-19 00:36:40.250 [info] > git config --get commit.template [7ms]
2023-06-19 00:36:40.251 [info] > git show -s --format=%H%n%aN%n%aE%n%at%n%ct%n%P%n%D%n%B -z f5f782fdb5fffa88e73c28a46369f65569d75366 [2ms]
2023-06-19 00:36:40.255 [info] > git status -z -uall [1ms]
2023-06-19 00:37:31.720 [info] > git add -A -- . [2ms]
2023-06-19 00:37:31.738 [info] > git rebase --continue [13ms]
2023-06-19 00:37:31.738 [info] Rebasing (2/2)[KSuccessfully rebased and updated detached HEAD.
2023-06-19 00:37:31.756 [info] > git config --get commit.template [1ms]
2023-06-19 00:37:31.760 [info] > git for-each-ref --format=%(refname)%00%(upstream:short)%00%(objectname)%00%(upstream:track)%00%(upstream:remotename)%00%(upstream:remoteref) refs/heads/V2.0 refs/remotes/V2.0 [1ms]
2023-06-19 00:37:31.765 [info] > git status -z -uall [1ms]
2023-06-19 00:37:35.135 [info] > git config --get commit.template [1ms]
2023-06-19 00:37:35.143 [info] > git ls-files --stage -- /home/codedenma/personal/adv360-config/config/macros.dtsi [4ms]
2023-06-19 00:37:35.149 [info] > git ls-files --stage -- /home/codedenma/personal/adv360-config/config/adv360.keymap [7ms]
2023-06-19 00:37:35.153 [info] > git for-each-ref --format=%(refname)%00%(upstream:short)%00%(objectname)%00%(upstream:track)%00%(upstream:remotename)%00%(upstream:remoteref) refs/heads/V2.0 refs/remotes/V2.0 [3ms]
2023-06-19 00:37:35.156 [info] > git cat-file -s 8884ae2cf5744953f6dab2a452d225ef45379dbb [10ms]
2023-06-19 00:37:35.156 [info] > git cat-file -s ae579e51126f3462dfdc46ab2a75d48d13e5c6ff [4ms]
2023-06-19 00:37:35.160 [info] > git status -z -uall [4ms]
2023-06-19 00:37:35.165 [info] > git show --textconv :config/macros.dtsi [5ms]
2023-06-19 00:37:35.166 [info] > git show --textconv :config/adv360.keymap [1ms]
2023-06-19 00:37:36.905 [info] > git log --oneline --cherry V2.0...V2.0@{upstream} -- [1ms]
2023-06-19 00:37:37.361 [info] > git pull --tags origin V2.0 [450ms]
2023-06-19 00:37:37.361 [info] From https://github.com/CodeDenma/adv360-config
 * branch            V2.0       -> FETCH_HEAD
hint: You have divergent branches and need to specify how to reconcile them.
hint: You can do so by running one of the following commands sometime before
hint: your next pull:
hint: 
hint:   git config pull.rebase false  # merge (the default strategy)
hint:   git config pull.rebase true   # rebase
hint:   git config pull.ff only       # fast-forward only
hint: 
hint: You can replace "git config" with "git config --global" to set a default
hint: preference for all repositories. You can also pass --rebase, --no-rebase,
hint: or --ff-only on the command line to override the configured default per
hint: invocation.
fatal: Need to specify how to reconcile divergent branches.
2023-06-19 00:37:37.393 [info] > git config --get commit.template [11ms]
2023-06-19 00:37:37.394 [info] > git for-each-ref --format=%(refname)%00%(upstream:short)%00%(objectname)%00%(upstream:track)%00%(upstream:remotename)%00%(upstream:remoteref) refs/heads/V2.0 refs/remotes/V2.0 [2ms]
2023-06-19 00:37:37.405 [info] > git status -z -uall [4ms]
2023-06-19 00:37:40.599 [info] > git config --get commit.template [1ms]
2023-06-19 00:37:40.608 [info] > git ls-files --stage -- /home/codedenma/personal/adv360-config/config/macros.dtsi [4ms]
2023-06-19 00:37:40.615 [info] > git ls-files --stage -- /home/codedenma/personal/adv360-config/config/adv360.keymap [8ms]
2023-06-19 00:37:40.618 [info] > git for-each-ref --format=%(refname)%00%(upstream:short)%00%(objectname)%00%(upstream:track)%00%(upstream:remotename)%00%(upstream:remoteref) refs/heads/V2.0 refs/remotes/V2.0 [4ms]
2023-06-19 00:37:40.622 [info] > git cat-file -s 8884ae2cf5744953f6dab2a452d225ef45379dbb [11ms]
2023-06-19 00:37:40.623 [info] > git cat-file -s ae579e51126f3462dfdc46ab2a75d48d13e5c6ff [4ms]
2023-06-19 00:37:40.627 [info] > git status -z -uall [6ms]
2023-06-19 00:37:40.632 [info] > git show --textconv :config/macros.dtsi [6ms]
2023-06-19 00:37:40.633 [info] > git show --textconv :config/adv360.keymap [2ms]
2023-06-19 00:38:07.488 [info] > git for-each-ref --format %(refname) %(objectname) %(*objectname) refs/tags [6ms]
2023-06-19 00:38:07.498 [info] > git ls-files --stage -- /home/codedenma/personal/adv360-config/config/macros.dtsi [5ms]
2023-06-19 00:38:07.502 [info] > git show -s --format=%H%n%aN%n%aE%n%at%n%ct%n%P%n%D%n%B -z c83c3f1a219a8f58f137505647ad579d652edab2 [15ms]
2023-06-19 00:38:07.508 [info] > git cat-file -s cf22a21861b9b6bcb2e60e1829005a51771929c8 [6ms]
2023-06-19 00:38:07.509 [info] > git ls-files --stage -- /home/codedenma/personal/adv360-config/config/adv360.keymap [11ms]
2023-06-19 00:38:07.513 [info] > git status -z -uall [6ms]
2023-06-19 00:38:07.514 [info] > git cat-file -s 88386a6f1e368824a587098bc6f5fde77eb8cfdd [2ms]
2023-06-19 00:38:07.536 [info] > git show --textconv :config/macros.dtsi [1ms]
2023-06-19 00:38:07.543 [info] > git show --textconv :config/adv360.keymap [1ms]
2023-06-19 00:38:11.470 [info] > git show -s --format=%H%n%aN%n%aE%n%at%n%ct%n%P%n%D%n%B -z HEAD [3ms]
2023-06-19 00:38:11.471 [info] > git show -s --format=%H%n%aN%n%aE%n%at%n%ct%n%P%n%D%n%B -z REBASE_HEAD [1ms]
2023-06-19 00:38:11.502 [info] > git show --textconv :1:config/adv360.keymap [9ms]
2023-06-19 00:38:11.502 [info] > git show --textconv 653c9a203fad6880fe1b5ef0983f712cc85a356f:config/adv360.keymap [5ms]
2023-06-19 00:38:11.513 [info] > git show --textconv c83c3f1a219a8f58f137505647ad579d652edab2:config/adv360.keymap [12ms]
2023-06-19 00:38:11.514 [info] > git ls-tree -l 653c9a203fad6880fe1b5ef0983f712cc85a356f -- /home/codedenma/personal/adv360-config/config/adv360.keymap [4ms]
2023-06-19 00:38:11.514 [info] > git ls-tree -l :1 -- /home/codedenma/personal/adv360-config/config/adv360.keymap [8ms]
2023-06-19 00:38:11.514 [info] fatal: Not a valid object name :1
2023-06-19 00:38:11.516 [info] > git ls-tree -l c83c3f1a219a8f58f137505647ad579d652edab2 -- /home/codedenma/personal/adv360-config/config/adv360.keymap [3ms]
2023-06-19 00:38:12.537 [info] > git for-each-ref --format %(refname) %(objectname) %(*objectname) refs/tags [4ms]
2023-06-19 00:38:12.538 [info] > git show -s --format=%H%n%aN%n%aE%n%at%n%ct%n%P%n%D%n%B -z c83c3f1a219a8f58f137505647ad579d652edab2 [1ms]
2023-06-19 00:38:12.543 [info] > git status -z -uall [2ms]
2023-06-19 00:38:27.146 [info] > git add -A -- /home/codedenma/personal/adv360-config/config/adv360.keymap [1ms]
2023-06-19 00:38:27.156 [info] > git for-each-ref --format %(refname) %(objectname) %(*objectname) refs/tags [4ms]
2023-06-19 00:38:27.156 [info] > git show -s --format=%H%n%aN%n%aE%n%at%n%ct%n%P%n%D%n%B -z c83c3f1a219a8f58f137505647ad579d652edab2 [1ms]
2023-06-19 00:38:27.162 [info] > git status -z -uall [2ms]
2023-06-19 00:38:28.294 [info] > git for-each-ref --format %(refname) %(objectname) %(*objectname) refs/tags [4ms]
2023-06-19 00:38:28.294 [info] > git show -s --format=%H%n%aN%n%aE%n%at%n%ct%n%P%n%D%n%B -z c83c3f1a219a8f58f137505647ad579d652edab2 [1ms]
2023-06-19 00:38:28.299 [info] > git status -z -uall [2ms]
2023-06-19 00:38:28.425 [info] > git ls-files --stage -- /home/codedenma/personal/adv360-config/config/macros.dtsi [21ms]
2023-06-19 00:38:28.443 [info] > git ls-files --stage -- /home/codedenma/personal/adv360-config/config/adv360.keymap [21ms]
2023-06-19 00:38:28.456 [info] > git cat-file -s cf22a21861b9b6bcb2e60e1829005a51771929c8 [14ms]
2023-06-19 00:38:28.457 [info] > git cat-file -s 651a0f36f06fa4d851485a93023b3cb208431844 [3ms]
2023-06-19 00:38:28.477 [info] > git show --textconv :config/macros.dtsi [10ms]
2023-06-19 00:38:28.479 [info] > git show --textconv :config/adv360.keymap [3ms]
2023-06-19 00:38:29.663 [info] > git rebase --continue [14ms]
2023-06-19 00:38:29.663 [info] [KSuccessfully rebased and updated refs/heads/V2.0.
2023-06-19 00:38:29.669 [info] > git config --get commit.template [0ms]
2023-06-19 00:38:29.679 [info] > git config --get commit.template [5ms]
2023-06-19 00:38:29.680 [info] > git for-each-ref --format=%(refname)%00%(upstream:short)%00%(objectname)%00%(upstream:track)%00%(upstream:remotename)%00%(upstream:remoteref) refs/heads/V2.0 refs/remotes/V2.0 [1ms]
2023-06-19 00:38:29.687 [info] > git status -z -uall [2ms]
2023-06-19 00:38:30.842 [info] > git ls-files --stage -- /home/codedenma/personal/adv360-config/config/macros.dtsi [3ms]
2023-06-19 00:38:30.846 [info] > git ls-files --stage -- /home/codedenma/personal/adv360-config/config/adv360.keymap [3ms]
2023-06-19 00:38:30.849 [info] > git cat-file -s cf22a21861b9b6bcb2e60e1829005a51771929c8 [4ms]
2023-06-19 00:38:30.849 [info] > git cat-file -s 651a0f36f06fa4d851485a93023b3cb208431844 [1ms]
2023-06-19 00:38:30.857 [info] > git show --textconv :config/macros.dtsi [4ms]
2023-06-19 00:38:30.857 [info] > git show --textconv :config/adv360.keymap [1ms]
2023-06-19 00:39:44.734 [info] > git config --get commit.template [2ms]
2023-06-19 00:39:44.746 [info] > git ls-files --stage -- /home/codedenma/personal/adv360-config/config/macros.dtsi [7ms]
2023-06-19 00:39:44.756 [info] > git ls-files --stage -- /home/codedenma/personal/adv360-config/config/adv360.keymap [11ms]
2023-06-19 00:39:44.761 [info] > git for-each-ref --format=%(refname)%00%(upstream:short)%00%(objectname)%00%(upstream:track)%00%(upstream:remotename)%00%(upstream:remoteref) refs/heads/V2.0 refs/remotes/V2.0 [5ms]
2023-06-19 00:39:44.766 [info] > git cat-file -s cf22a21861b9b6bcb2e60e1829005a51771929c8 [16ms]
2023-06-19 00:39:44.767 [info] > git cat-file -s 651a0f36f06fa4d851485a93023b3cb208431844 [6ms]
2023-06-19 00:39:44.768 [info] > git status -z -uall [3ms]
2023-06-19 00:39:44.778 [info] > git show --textconv :config/macros.dtsi [4ms]
2023-06-19 00:39:44.779 [info] > git show --textconv :config/adv360.keymap [1ms]
2023-06-19 00:39:49.786 [info] > git config --get commit.template [0ms]
2023-06-19 00:39:49.791 [info] > git for-each-ref --format=%(refname)%00%(upstream:short)%00%(objectname)%00%(upstream:track)%00%(upstream:remotename)%00%(upstream:remoteref) refs/heads/V2.0 refs/remotes/V2.0 [1ms]
2023-06-19 00:39:49.795 [info] > git status -z -uall [1ms]
2023-06-19 00:40:07.613 [info] > git config --get commit.template [6ms]
2023-06-19 00:40:07.613 [info] > git for-each-ref --format=%(refname)%00%(upstream:short)%00%(objectname)%00%(upstream:track)%00%(upstream:remotename)%00%(upstream:remoteref) refs/heads/V2.0 refs/remotes/V2.0 [1ms]
2023-06-19 00:40:07.620 [info] > git status -z -uall [2ms]
2023-06-19 00:40:07.723 [info] > git ls-files --stage -- /home/codedenma/personal/adv360-config/config/macros.dtsi [5ms]
2023-06-19 00:40:07.729 [info] > git ls-files --stage -- /home/codedenma/personal/adv360-config/config/adv360.keymap [6ms]
2023-06-19 00:40:07.736 [info] > git cat-file -s cf22a21861b9b6bcb2e60e1829005a51771929c8 [7ms]
2023-06-19 00:40:07.737 [info] > git cat-file -s 651a0f36f06fa4d851485a93023b3cb208431844 [2ms]
2023-06-19 00:40:07.754 [info] > git show --textconv :config/macros.dtsi [10ms]
2023-06-19 00:40:07.754 [info] > git show --textconv :config/adv360.keymap [2ms]
2023-06-19 00:40:12.638 [info] > git config --get commit.template [4ms]
2023-06-19 00:40:12.638 [info] > git for-each-ref --format=%(refname)%00%(upstream:short)%00%(objectname)%00%(upstream:track)%00%(upstream:remotename)%00%(upstream:remoteref) refs/heads/V2.0 refs/remotes/V2.0 [0ms]
2023-06-19 00:40:12.643 [info] > git status -z -uall [2ms]
2023-06-19 00:43:04.062 [info] > git for-each-ref --format=%(refname)%00%(upstream:short)%00%(objectname)%00%(upstream:track)%00%(upstream:remotename)%00%(upstream:remoteref) refs/heads/V2.0 refs/remotes/V2.0 [1ms]
2023-06-19 00:43:04.069 [info] > git status -z -uall [2ms]
2023-06-19 00:43:04.091 [info] > git ls-files --stage -- /home/codedenma/personal/adv360-config/config/macros.dtsi [5ms]
2023-06-19 00:43:04.095 [info] > git cat-file -s 8884ae2cf5744953f6dab2a452d225ef45379dbb [0ms]
2023-06-19 00:43:04.096 [info] > git ls-files --stage -- /home/codedenma/personal/adv360-config/config/adv360.keymap [5ms]
2023-06-19 00:43:04.100 [info] > git cat-file -s 88386a6f1e368824a587098bc6f5fde77eb8cfdd [0ms]
2023-06-19 00:43:04.117 [info] > git show --textconv :config/macros.dtsi [4ms]
2023-06-19 00:43:04.118 [info] > git show --textconv :config/adv360.keymap [1ms]
2023-06-19 00:43:07.350 [info] > git show -s --format=%H%n%aN%n%aE%n%at%n%ct%n%P%n%D%n%B -z HEAD [3ms]
2023-06-19 00:43:07.351 [info] > git show -s --format=%H%n%aN%n%aE%n%at%n%ct%n%P%n%D%n%B -z MERGE_HEAD [1ms]
2023-06-19 00:43:07.351 [info] fatal: ambiguous argument 'MERGE_HEAD': unknown revision or path not in the working tree.
Use '--' to separate paths from revisions, like this:
'git <command> [<revision>...] -- [<file>...]'
2023-06-19 00:43:07.389 [info] > git show --textconv :1:config/adv360.keymap [16ms]
2023-06-19 00:43:07.389 [info] > git show --textconv :3:config/adv360.keymap [11ms]
2023-06-19 00:43:07.389 [info] > git show --textconv :2:config/adv360.keymap [7ms]
2023-06-19 00:43:07.389 [info] > git ls-tree -l :1 -- /home/codedenma/personal/adv360-config/config/adv360.keymap [4ms]
2023-06-19 00:43:07.389 [info] fatal: Not a valid object name :1
2023-06-19 00:43:07.394 [info] > git ls-tree -l :3 -- /home/codedenma/personal/adv360-config/config/adv360.keymap [5ms]
2023-06-19 00:43:07.394 [info] fatal: Not a valid object name :3
2023-06-19 00:43:07.395 [info] > git ls-tree -l :2 -- /home/codedenma/personal/adv360-config/config/adv360.keymap [1ms]
2023-06-19 00:43:07.395 [info] fatal: Not a valid object name :2
2023-06-19 00:43:09.097 [info] > git for-each-ref --format=%(refname)%00%(upstream:short)%00%(objectname)%00%(upstream:track)%00%(upstream:remotename)%00%(upstream:remoteref) refs/heads/V2.0 refs/remotes/V2.0 [5ms]
2023-06-19 00:43:09.123 [info] > git status -z -uall [9ms]
2023-06-19 00:43:22.828 [info] > git add -A -- /home/codedenma/personal/adv360-config/config/adv360.keymap [1ms]
2023-06-19 00:43:22.834 [info] > git for-each-ref --format=%(refname)%00%(upstream:short)%00%(objectname)%00%(upstream:track)%00%(upstream:remotename)%00%(upstream:remoteref) refs/heads/V2.0 refs/remotes/V2.0 [1ms]
2023-06-19 00:43:22.840 [info] > git status -z -uall [2ms]
2023-06-19 00:43:23.975 [info] > git for-each-ref --format=%(refname)%00%(upstream:short)%00%(objectname)%00%(upstream:track)%00%(upstream:remotename)%00%(upstream:remoteref) refs/heads/V2.0 refs/remotes/V2.0 [1ms]
2023-06-19 00:43:23.980 [info] > git status -z -uall [2ms]
2023-06-19 00:43:24.101 [info] > git ls-files --stage -- /home/codedenma/personal/adv360-config/config/macros.dtsi [21ms]
2023-06-19 00:43:24.118 [info] > git ls-files --stage -- /home/codedenma/personal/adv360-config/config/adv360.keymap [21ms]
2023-06-19 00:43:24.135 [info] > git cat-file -s 8884ae2cf5744953f6dab2a452d225ef45379dbb [19ms]
2023-06-19 00:43:24.136 [info] > git cat-file -s 651a0f36f06fa4d851485a93023b3cb208431844 [3ms]
2023-06-19 00:43:24.154 [info] > git show --textconv :config/macros.dtsi [9ms]
2023-06-19 00:43:24.155 [info] > git show --textconv :config/adv360.keymap [2ms]
2023-06-19 00:43:27.799 [info] > git show -s --format=%H%n%aN%n%aE%n%at%n%ct%n%P%n%D%n%B -z HEAD [3ms]
2023-06-19 00:43:27.800 [info] > git show -s --format=%H%n%aN%n%aE%n%at%n%ct%n%P%n%D%n%B -z MERGE_HEAD [1ms]
2023-06-19 00:43:27.800 [info] fatal: ambiguous argument 'MERGE_HEAD': unknown revision or path not in the working tree.
Use '--' to separate paths from revisions, like this:
'git <command> [<revision>...] -- [<file>...]'
2023-06-19 00:43:27.824 [info] > git show --textconv :1:config/macros.dtsi [5ms]
2023-06-19 00:43:27.839 [info] > git show --textconv :3:config/macros.dtsi [16ms]
2023-06-19 00:43:27.839 [info] > git show --textconv :2:config/macros.dtsi [11ms]
2023-06-19 00:43:27.840 [info] > git ls-tree -l :3 -- /home/codedenma/personal/adv360-config/config/macros.dtsi [4ms]
2023-06-19 00:43:27.840 [info] fatal: Not a valid object name :3
2023-06-19 00:43:27.840 [info] > git ls-tree -l :1 -- /home/codedenma/personal/adv360-config/config/macros.dtsi [9ms]
2023-06-19 00:43:27.840 [info] fatal: Not a valid object name :1
2023-06-19 00:43:27.841 [info] > git ls-tree -l :2 -- /home/codedenma/personal/adv360-config/config/macros.dtsi [2ms]
2023-06-19 00:43:27.841 [info] fatal: Not a valid object name :2
2023-06-19 00:43:29.007 [info] > git for-each-ref --format=%(refname)%00%(upstream:short)%00%(objectname)%00%(upstream:track)%00%(upstream:remotename)%00%(upstream:remoteref) refs/heads/V2.0 refs/remotes/V2.0 [4ms]
2023-06-19 00:43:29.032 [info] > git status -z -uall [9ms]
2023-06-19 00:43:33.671 [info] > git add -A -- /home/codedenma/personal/adv360-config/config/macros.dtsi [1ms]
2023-06-19 00:43:33.678 [info] > git for-each-ref --format=%(refname)%00%(upstream:short)%00%(objectname)%00%(upstream:track)%00%(upstream:remotename)%00%(upstream:remoteref) refs/heads/V2.0 refs/remotes/V2.0 [1ms]
2023-06-19 00:43:33.684 [info] > git status -z -uall [2ms]
2023-06-19 00:43:34.816 [info] > git for-each-ref --format=%(refname)%00%(upstream:short)%00%(objectname)%00%(upstream:track)%00%(upstream:remotename)%00%(upstream:remoteref) refs/heads/V2.0 refs/remotes/V2.0 [0ms]
2023-06-19 00:43:34.821 [info] > git status -z -uall [2ms]
2023-06-19 00:43:34.948 [info] > git ls-files --stage -- /home/codedenma/personal/adv360-config/config/macros.dtsi [22ms]
2023-06-19 00:43:34.966 [info] > git ls-files --stage -- /home/codedenma/personal/adv360-config/config/adv360.keymap [22ms]
2023-06-19 00:43:34.980 [info] > git cat-file -s bedb1e532221ca3d1536b3a5f876b5ebf2affd89 [16ms]
2023-06-19 00:43:34.981 [info] > git cat-file -s 651a0f36f06fa4d851485a93023b3cb208431844 [2ms]
2023-06-19 00:43:34.996 [info] > git show --textconv :config/macros.dtsi [7ms]
2023-06-19 00:43:34.997 [info] > git show --textconv :config/adv360.keymap [1ms]
2023-06-19 00:44:02.548 [info] > git config --get commit.template [3ms]
2023-06-19 00:44:02.561 [info] > git ls-files --stage -- /home/codedenma/personal/adv360-config/config/macros.dtsi [7ms]
2023-06-19 00:44:02.570 [info] > git ls-files --stage -- /home/codedenma/personal/adv360-config/config/adv360.keymap [10ms]
2023-06-19 00:44:02.575 [info] > git for-each-ref --format=%(refname)%00%(upstream:short)%00%(objectname)%00%(upstream:track)%00%(upstream:remotename)%00%(upstream:remoteref) refs/heads/V2.0 refs/remotes/V2.0 [4ms]
2023-06-19 00:44:02.579 [info] > git cat-file -s bedb1e532221ca3d1536b3a5f876b5ebf2affd89 [14ms]
2023-06-19 00:44:02.579 [info] > git cat-file -s 651a0f36f06fa4d851485a93023b3cb208431844 [5ms]
2023-06-19 00:44:02.581 [info] > git status -z -uall [2ms]
2023-06-19 00:44:02.613 [info] > git show --textconv :config/macros.dtsi [5ms]
2023-06-19 00:44:02.613 [info] > git show --textconv :config/adv360.keymap [1ms]
2023-06-19 00:44:07.622 [info] > git config --get commit.template [16ms]
2023-06-19 00:44:07.622 [info] > git for-each-ref --format=%(refname)%00%(upstream:short)%00%(objectname)%00%(upstream:track)%00%(upstream:remotename)%00%(upstream:remoteref) refs/heads/V2.0 refs/remotes/V2.0 [1ms]
2023-06-19 00:44:07.627 [info] > git status -z -uall [1ms]
2023-06-19 00:44:31.679 [info] > git for-each-ref --format=%(refname)%00%(upstream:short)%00%(objectname)%00%(upstream:track)%00%(upstream:remotename)%00%(upstream:remoteref) refs/heads/V2.0 refs/remotes/V2.0 [1ms]
2023-06-19 00:44:31.684 [info] > git status -z -uall [1ms]
2023-06-19 00:44:31.793 [info] > git ls-files --stage -- /home/codedenma/personal/adv360-config/config/adv360.keymap [1ms]
2023-06-19 00:44:31.797 [info] > git ls-files --stage -- /home/codedenma/personal/adv360-config/config/macros.dtsi [9ms]
2023-06-19 00:44:31.801 [info] > git cat-file -s 88386a6f1e368824a587098bc6f5fde77eb8cfdd [4ms]
2023-06-19 00:44:31.801 [info] > git cat-file -s 8884ae2cf5744953f6dab2a452d225ef45379dbb [1ms]
2023-06-19 00:44:31.811 [info] > git show --textconv :config/adv360.keymap [4ms]
2023-06-19 00:44:31.811 [info] > git show --textconv :config/macros.dtsi [1ms]
2023-06-19 00:44:36.713 [info] > git for-each-ref --format=%(refname)%00%(upstream:short)%00%(objectname)%00%(upstream:track)%00%(upstream:remotename)%00%(upstream:remoteref) refs/heads/V2.0 refs/remotes/V2.0 [5ms]
2023-06-19 00:44:36.727 [info] > git status -z -uall [2ms]
2023-06-19 00:44:37.252 [info] > git show -s --format=%H%n%aN%n%aE%n%at%n%ct%n%P%n%D%n%B -z HEAD [3ms]
2023-06-19 00:44:37.253 [info] > git show -s --format=%H%n%aN%n%aE%n%at%n%ct%n%P%n%D%n%B -z MERGE_HEAD [1ms]
2023-06-19 00:44:37.253 [info] fatal: ambiguous argument 'MERGE_HEAD': unknown revision or path not in the working tree.
Use '--' to separate paths from revisions, like this:
'git <command> [<revision>...] -- [<file>...]'
2023-06-19 00:44:37.288 [info] > git show --textconv :1:config/adv360.keymap [15ms]
2023-06-19 00:44:37.288 [info] > git show --textconv :3:config/adv360.keymap [11ms]
2023-06-19 00:44:37.288 [info] > git show --textconv :2:config/adv360.keymap [8ms]
2023-06-19 00:44:37.288 [info] > git ls-tree -l :1 -- /home/codedenma/personal/adv360-config/config/adv360.keymap [4ms]
2023-06-19 00:44:37.288 [info] fatal: Not a valid object name :1
2023-06-19 00:44:37.293 [info] > git ls-tree -l :3 -- /home/codedenma/personal/adv360-config/config/adv360.keymap [5ms]
2023-06-19 00:44:37.293 [info] fatal: Not a valid object name :3
2023-06-19 00:44:37.294 [info] > git ls-tree -l :2 -- /home/codedenma/personal/adv360-config/config/adv360.keymap [2ms]
2023-06-19 00:44:37.294 [info] fatal: Not a valid object name :2
2023-06-19 00:47:27.241 [info] > git show -s --format=%H%n%aN%n%aE%n%at%n%ct%n%P%n%D%n%B -z HEAD [3ms]
2023-06-19 00:47:27.241 [info] > git show -s --format=%H%n%aN%n%aE%n%at%n%ct%n%P%n%D%n%B -z MERGE_HEAD [1ms]
2023-06-19 00:47:27.241 [info] fatal: ambiguous argument 'MERGE_HEAD': unknown revision or path not in the working tree.
Use '--' to separate paths from revisions, like this:
'git <command> [<revision>...] -- [<file>...]'
2023-06-19 00:47:29.973 [info] > git add -A -- /home/codedenma/personal/adv360-config/config/adv360.keymap [1ms]
2023-06-19 00:47:29.980 [info] > git for-each-ref --format=%(refname)%00%(upstream:short)%00%(objectname)%00%(upstream:track)%00%(upstream:remotename)%00%(upstream:remoteref) refs/heads/V2.0 refs/remotes/V2.0 [1ms]
2023-06-19 00:47:29.986 [info] > git status -z -uall [2ms]
2023-06-19 00:47:31.109 [info] > git for-each-ref --format=%(refname)%00%(upstream:short)%00%(objectname)%00%(upstream:track)%00%(upstream:remotename)%00%(upstream:remoteref) refs/heads/V2.0 refs/remotes/V2.0 [1ms]
2023-06-19 00:47:31.114 [info] > git status -z -uall [2ms]
2023-06-19 00:47:31.245 [info] > git ls-files --stage -- /home/codedenma/personal/adv360-config/config/macros.dtsi [21ms]
2023-06-19 00:47:31.263 [info] > git ls-files --stage -- /home/codedenma/personal/adv360-config/config/adv360.keymap [21ms]
2023-06-19 00:47:31.281 [info] > git cat-file -s 8884ae2cf5744953f6dab2a452d225ef45379dbb [20ms]
2023-06-19 00:47:31.283 [info] > git cat-file -s 651a0f36f06fa4d851485a93023b3cb208431844 [4ms]
2023-06-19 00:47:31.334 [info] > git show --textconv :config/macros.dtsi [6ms]
2023-06-19 00:47:31.335 [info] > git show --textconv :config/adv360.keymap [1ms]
2023-06-19 00:47:34.932 [info] > git show -s --format=%H%n%aN%n%aE%n%at%n%ct%n%P%n%D%n%B -z HEAD [3ms]
2023-06-19 00:47:34.933 [info] > git show -s --format=%H%n%aN%n%aE%n%at%n%ct%n%P%n%D%n%B -z MERGE_HEAD [1ms]
2023-06-19 00:47:34.933 [info] fatal: ambiguous argument 'MERGE_HEAD': unknown revision or path not in the working tree.
Use '--' to separate paths from revisions, like this:
'git <command> [<revision>...] -- [<file>...]'
2023-06-19 00:47:34.965 [info] > git show --textconv :1:config/macros.dtsi [12ms]
2023-06-19 00:47:34.965 [info] > git show --textconv :3:config/macros.dtsi [8ms]
2023-06-19 00:47:34.965 [info] > git show --textconv :2:config/macros.dtsi [4ms]
2023-06-19 00:47:34.974 [info] > git ls-tree -l :3 -- /home/codedenma/personal/adv360-config/config/macros.dtsi [5ms]
2023-06-19 00:47:34.974 [info] fatal: Not a valid object name :3
2023-06-19 00:47:34.974 [info] > git ls-tree -l :1 -- /home/codedenma/personal/adv360-config/config/macros.dtsi [9ms]
2023-06-19 00:47:34.974 [info] fatal: Not a valid object name :1
2023-06-19 00:47:34.975 [info] > git ls-tree -l :2 -- /home/codedenma/personal/adv360-config/config/macros.dtsi [2ms]
2023-06-19 00:47:34.975 [info] fatal: Not a valid object name :2
2023-06-19 00:47:36.135 [info] > git for-each-ref --format=%(refname)%00%(upstream:short)%00%(objectname)%00%(upstream:track)%00%(upstream:remotename)%00%(upstream:remoteref) refs/heads/V2.0 refs/remotes/V2.0 [1ms]
2023-06-19 00:47:36.140 [info] > git status -z -uall [1ms]
2023-06-19 00:47:40.633 [info] > git add -A -- /home/codedenma/personal/adv360-config/config/macros.dtsi [1ms]
2023-06-19 00:47:40.642 [info] > git for-each-ref --format=%(refname)%00%(upstream:short)%00%(objectname)%00%(upstream:track)%00%(upstream:remotename)%00%(upstream:remoteref) refs/heads/V2.0 refs/remotes/V2.0 [1ms]
2023-06-19 00:47:40.649 [info] > git status -z -uall [2ms]
2023-06-19 00:47:41.793 [info] > git for-each-ref --format=%(refname)%00%(upstream:short)%00%(objectname)%00%(upstream:track)%00%(upstream:remotename)%00%(upstream:remoteref) refs/heads/V2.0 refs/remotes/V2.0 [4ms]
2023-06-19 00:47:41.817 [info] > git status -z -uall [6ms]
2023-06-19 00:47:41.894 [info] > git ls-files --stage -- /home/codedenma/personal/adv360-config/config/macros.dtsi [4ms]
2023-06-19 00:47:41.898 [info] > git ls-files --stage -- /home/codedenma/personal/adv360-config/config/adv360.keymap [4ms]
2023-06-19 00:47:41.901 [info] > git cat-file -s bedb1e532221ca3d1536b3a5f876b5ebf2affd89 [4ms]
2023-06-19 00:47:41.902 [info] > git cat-file -s 651a0f36f06fa4d851485a93023b3cb208431844 [1ms]
2023-06-19 00:47:41.910 [info] > git show --textconv :config/macros.dtsi [4ms]
2023-06-19 00:47:41.910 [info] > git show --textconv :config/adv360.keymap [1ms]
2023-06-19 00:47:46.840 [info] > git for-each-ref --format=%(refname)%00%(upstream:short)%00%(objectname)%00%(upstream:track)%00%(upstream:remotename)%00%(upstream:remoteref) refs/heads/V2.0 refs/remotes/V2.0 [1ms]
2023-06-19 00:47:46.846 [info] > git status -z -uall [2ms]
2023-06-19 00:47:52.599 [info] > git for-each-ref --format=%(refname)%00%(upstream:short)%00%(objectname)%00%(upstream:track)%00%(upstream:remotename)%00%(upstream:remoteref) refs/heads/V2.0 refs/remotes/V2.0 [5ms]
2023-06-19 00:47:52.627 [info] > git status -z -uall [10ms]
2023-06-19 00:47:58.342 [info] > git for-each-ref --format=%(refname)%00%(upstream:short)%00%(objectname)%00%(upstream:track)%00%(upstream:remotename)%00%(upstream:remoteref) refs/heads/V2.0 refs/remotes/V2.0 [1ms]
2023-06-19 00:47:58.348 [info] > git status -z -uall [2ms]
2023-06-19 00:48:11.411 [info] > git for-each-ref --format=%(refname)%00%(upstream:short)%00%(objectname)%00%(upstream:track)%00%(upstream:remotename)%00%(upstream:remoteref) refs/heads/V2.0 refs/remotes/V2.0 [1ms]
2023-06-19 00:48:11.417 [info] > git status -z -uall [2ms]
2023-06-19 00:48:52.077 [info] > git for-each-ref --format=%(refname)%00%(upstream:short)%00%(objectname)%00%(upstream:track)%00%(upstream:remotename)%00%(upstream:remoteref) refs/heads/V2.0 refs/remotes/V2.0 [1ms]
2023-06-19 00:48:52.096 [info] > git status -z -uall [14ms]
2023-06-19 00:48:52.097 [info] > git ls-files --stage -- /home/codedenma/personal/adv360-config/config/macros.dtsi [7ms]
2023-06-19 00:48:52.102 [info] > git cat-file -s bedb1e532221ca3d1536b3a5f876b5ebf2affd89 [1ms]
2023-06-19 00:48:52.103 [info] > git ls-files --stage -- /home/codedenma/personal/adv360-config/config/adv360.keymap [7ms]
2023-06-19 00:48:52.113 [info] > git cat-file -s 651a0f36f06fa4d851485a93023b3cb208431844 [6ms]
2023-06-19 00:48:52.113 [info] > git show --textconv :config/macros.dtsi [1ms]
2023-06-19 00:48:52.118 [info] > git show --textconv :config/adv360.keymap [1ms]
